[2024-09-01 19:18:50,779] {taskinstance.py:1179} INFO - Dependencies all met for <TaskInstance: exchange_rates_dag.run_main_script scheduled__2024-08-12T00:00:00+00:00 [queued]>
[2024-09-01 19:18:50,946] {taskinstance.py:1179} INFO - Dependencies all met for <TaskInstance: exchange_rates_dag.run_main_script scheduled__2024-08-12T00:00:00+00:00 [queued]>
[2024-09-01 19:18:50,967] {taskinstance.py:1376} INFO - 
--------------------------------------------------------------------------------
[2024-09-01 19:18:50,971] {taskinstance.py:1377} INFO - Starting attempt 1 of 2
[2024-09-01 19:18:50,977] {taskinstance.py:1378} INFO - 
--------------------------------------------------------------------------------
[2024-09-01 19:18:51,287] {taskinstance.py:1397} INFO - Executing <Task(PythonOperator): run_main_script> on 2024-08-12 00:00:00+00:00
[2024-09-01 19:18:51,392] {standard_task_runner.py:52} INFO - Started process 651 to run task
[2024-09-01 19:18:51,465] {standard_task_runner.py:79} INFO - Running: ['***', 'tasks', 'run', 'exchange_rates_dag', 'run_main_script', 'scheduled__2024-08-12T00:00:00+00:00', '--job-id', '241', '--raw', '--subdir', 'DAGS_FOLDER/exchange_rates_dag.py', '--cfg-path', '/tmp/tmp3c9ypo72', '--error-file', '/tmp/tmpc2d2u7d4']
[2024-09-01 19:18:51,513] {standard_task_runner.py:80} INFO - Job 241: Subtask run_main_script
[2024-09-01 19:18:53,653] {task_command.py:371} INFO - Running <TaskInstance: exchange_rates_dag.run_main_script scheduled__2024-08-12T00:00:00+00:00 [running]> on host 6de2165e2444
[2024-09-01 19:18:55,051] {taskinstance.py:1591} INFO - Exporting the following env vars:
AIRFLOW_CTX_DAG_OWNER=***
AIRFLOW_CTX_DAG_ID=exchange_rates_dag
AIRFLOW_CTX_TASK_ID=run_main_script
AIRFLOW_CTX_EXECUTION_DATE=2024-08-12T00:00:00+00:00
AIRFLOW_CTX_TRY_NUMBER=1
AIRFLOW_CTX_DAG_RUN_ID=scheduled__2024-08-12T00:00:00+00:00
[2024-09-01 19:19:18,447] {python.py:173} INFO - Done. Returned value was: None
[2024-09-01 19:19:18,519] {taskinstance.py:1420} INFO - Marking task as SUCCESS. dag_id=exchange_rates_dag, task_id=run_main_script, execution_date=20240812T000000, start_date=20240901T191850, end_date=20240901T191918
[2024-09-01 19:19:18,616] {local_task_job.py:156} INFO - Task exited with return code 0
[2024-09-01 19:19:18,720] {local_task_job.py:273} INFO - 0 downstream tasks scheduled from follow-on schedule check
[2024-09-15T06:02:17.995+0000] {local_task_job_runner.py:123} INFO - ::group::Pre task execution logs
[2024-09-15T06:02:18.094+0000] {taskinstance.py:2612} INFO - Dependencies all met for dep_context=non-requeueable deps ti=<TaskInstance: exchange_rates_dag.run_main_script scheduled__2024-08-12T00:00:00+00:00 [queued]>
[2024-09-15T06:02:18.152+0000] {taskinstance.py:2612} INFO - Dependencies all met for dep_context=requeueable deps ti=<TaskInstance: exchange_rates_dag.run_main_script scheduled__2024-08-12T00:00:00+00:00 [queued]>
[2024-09-15T06:02:18.156+0000] {taskinstance.py:2865} INFO - Starting attempt 1 of 2
[2024-09-15T06:02:18.242+0000] {taskinstance.py:2888} INFO - Executing <Task(PythonOperator): run_main_script> on 2024-08-12 00:00:00+00:00
[2024-09-15T06:02:18.293+0000] {logging_mixin.py:190} WARNING - /home/***/.local/lib/python3.12/site-packages/***/task/task_runner/standard_task_runner.py:70 DeprecationWarning: This process (pid=345) is multi-threaded, use of fork() may lead to deadlocks in the child.
[2024-09-15T06:02:18.308+0000] {standard_task_runner.py:72} INFO - Started process 348 to run task
[2024-09-15T06:02:18.292+0000] {standard_task_runner.py:104} INFO - Running: ['***', 'tasks', 'run', 'exchange_rates_dag', 'run_main_script', 'scheduled__2024-08-12T00:00:00+00:00', '--job-id', '241', '--raw', '--subdir', 'DAGS_FOLDER/exchange_rates_dag.py', '--cfg-path', '/tmp/tmp3e84scm6']
[2024-09-15T06:02:18.317+0000] {standard_task_runner.py:105} INFO - Job 241: Subtask run_main_script
[2024-09-15T06:02:18.601+0000] {task_command.py:467} INFO - Running <TaskInstance: exchange_rates_dag.run_main_script scheduled__2024-08-12T00:00:00+00:00 [running]> on host ed6b7035df5d
[2024-09-15T06:02:19.130+0000] {taskinstance.py:3131} INFO - Exporting env vars: AIRFLOW_CTX_DAG_EMAIL='***docker@gmail.com' AIRFLOW_CTX_DAG_OWNER='***' AIRFLOW_CTX_DAG_ID='exchange_rates_dag' AIRFLOW_CTX_TASK_ID='run_main_script' AIRFLOW_CTX_EXECUTION_DATE='2024-08-12T00:00:00+00:00' AIRFLOW_CTX_TRY_NUMBER='1' AIRFLOW_CTX_DAG_RUN_ID='scheduled__2024-08-12T00:00:00+00:00'
[2024-09-15T06:02:19.147+0000] {taskinstance.py:731} INFO - ::endgroup::
[2024-09-15T06:04:12.198+0000] {python.py:240} INFO - Done. Returned value was: None
[2024-09-15T06:04:12.214+0000] {taskinstance.py:340} INFO - ::group::Post task execution logs
[2024-09-15T06:04:12.217+0000] {taskinstance.py:352} INFO - Marking task as SUCCESS. dag_id=exchange_rates_dag, task_id=run_main_script, run_id=scheduled__2024-08-12T00:00:00+00:00, execution_date=20240812T000000, start_date=20240915T060218, end_date=20240915T060412
[2024-09-15T06:04:12.252+0000] {local_task_job_runner.py:266} INFO - Task exited with return code 0
[2024-09-15T06:04:12.282+0000] {taskinstance.py:3900} INFO - 1 downstream tasks scheduled from follow-on schedule check
[2024-09-15T06:04:12.291+0000] {local_task_job_runner.py:245} INFO - ::endgroup::
