[2024-09-01 19:12:30,718] {taskinstance.py:1179} INFO - Dependencies all met for <TaskInstance: exchange_rates_dag.run_main_script scheduled__2024-05-11T00:00:00+00:00 [queued]>
[2024-09-01 19:12:30,738] {taskinstance.py:1179} INFO - Dependencies all met for <TaskInstance: exchange_rates_dag.run_main_script scheduled__2024-05-11T00:00:00+00:00 [queued]>
[2024-09-01 19:12:30,740] {taskinstance.py:1376} INFO - 
--------------------------------------------------------------------------------
[2024-09-01 19:12:30,742] {taskinstance.py:1377} INFO - Starting attempt 1 of 2
[2024-09-01 19:12:30,744] {taskinstance.py:1378} INFO - 
--------------------------------------------------------------------------------
[2024-09-01 19:12:30,767] {taskinstance.py:1397} INFO - Executing <Task(PythonOperator): run_main_script> on 2024-05-11 00:00:00+00:00
[2024-09-01 19:12:30,776] {standard_task_runner.py:52} INFO - Started process 1138 to run task
[2024-09-01 19:12:30,786] {standard_task_runner.py:79} INFO - Running: ['***', 'tasks', 'run', 'exchange_rates_dag', 'run_main_script', 'scheduled__2024-05-11T00:00:00+00:00', '--job-id', '136', '--raw', '--subdir', 'DAGS_FOLDER/exchange_rates_dag.py', '--cfg-path', '/tmp/tmppxetacqb', '--error-file', '/tmp/tmpyk78ldgu']
[2024-09-01 19:12:30,790] {standard_task_runner.py:80} INFO - Job 136: Subtask run_main_script
[2024-09-01 19:12:30,924] {task_command.py:371} INFO - Running <TaskInstance: exchange_rates_dag.run_main_script scheduled__2024-05-11T00:00:00+00:00 [running]> on host 6de2165e2444
[2024-09-01 19:12:31,041] {taskinstance.py:1591} INFO - Exporting the following env vars:
AIRFLOW_CTX_DAG_OWNER=***
AIRFLOW_CTX_DAG_ID=exchange_rates_dag
AIRFLOW_CTX_TASK_ID=run_main_script
AIRFLOW_CTX_EXECUTION_DATE=2024-05-11T00:00:00+00:00
AIRFLOW_CTX_TRY_NUMBER=1
AIRFLOW_CTX_DAG_RUN_ID=scheduled__2024-05-11T00:00:00+00:00
[2024-09-01 19:12:40,769] {python.py:173} INFO - Done. Returned value was: None
[2024-09-01 19:12:40,960] {taskinstance.py:1420} INFO - Marking task as SUCCESS. dag_id=exchange_rates_dag, task_id=run_main_script, execution_date=20240511T000000, start_date=20240901T191230, end_date=20240901T191240
[2024-09-01 19:12:41,214] {local_task_job.py:156} INFO - Task exited with return code 0
[2024-09-01 19:12:41,616] {local_task_job.py:273} INFO - 0 downstream tasks scheduled from follow-on schedule check
