[2024-09-08T16:09:26.150+0000] {local_task_job_runner.py:123} INFO - ::group::Pre task execution logs
[2024-09-08T16:09:26.310+0000] {taskinstance.py:2612} INFO - Dependencies all met for dep_context=non-requeueable deps ti=<TaskInstance: exchange_rates_dag.run_main_script scheduled__2024-02-16T00:00:00+00:00 [queued]>
[2024-09-08T16:09:26.391+0000] {taskinstance.py:2612} INFO - Dependencies all met for dep_context=requeueable deps ti=<TaskInstance: exchange_rates_dag.run_main_script scheduled__2024-02-16T00:00:00+00:00 [queued]>
[2024-09-08T16:09:26.405+0000] {taskinstance.py:2865} INFO - Starting attempt 1 of 2
[2024-09-08T16:09:26.580+0000] {taskinstance.py:2888} INFO - Executing <Task(PythonOperator): run_main_script> on 2024-02-16 00:00:00+00:00
[2024-09-08T16:09:26.665+0000] {logging_mixin.py:190} WARNING - /home/***/.local/lib/python3.12/site-packages/***/task/task_runner/standard_task_runner.py:70 DeprecationWarning: This process (pid=397) is multi-threaded, use of fork() may lead to deadlocks in the child.
[2024-09-08T16:09:26.684+0000] {standard_task_runner.py:72} INFO - Started process 405 to run task
[2024-09-08T16:09:26.667+0000] {standard_task_runner.py:104} INFO - Running: ['***', 'tasks', 'run', 'exchange_rates_dag', 'run_main_script', 'scheduled__2024-02-16T00:00:00+00:00', '--job-id', '65', '--raw', '--subdir', 'DAGS_FOLDER/exchange_rates_dag.py', '--cfg-path', '/tmp/tmp3jo6e6e6']
[2024-09-08T16:09:26.700+0000] {standard_task_runner.py:105} INFO - Job 65: Subtask run_main_script
[2024-09-08T16:09:27.152+0000] {task_command.py:467} INFO - Running <TaskInstance: exchange_rates_dag.run_main_script scheduled__2024-02-16T00:00:00+00:00 [running]> on host bd0133ae5e03
[2024-09-08T16:09:28.363+0000] {taskinstance.py:3131} INFO - Exporting env vars: AIRFLOW_CTX_DAG_OWNER='***' AIRFLOW_CTX_DAG_ID='exchange_rates_dag' AIRFLOW_CTX_TASK_ID='run_main_script' AIRFLOW_CTX_EXECUTION_DATE='2024-02-16T00:00:00+00:00' AIRFLOW_CTX_TRY_NUMBER='1' AIRFLOW_CTX_DAG_RUN_ID='scheduled__2024-02-16T00:00:00+00:00'
[2024-09-08T16:09:28.379+0000] {taskinstance.py:731} INFO - ::endgroup::
[2024-09-15T05:52:35.465+0000] {local_task_job_runner.py:123} INFO - ::group::Pre task execution logs
[2024-09-15T05:52:35.529+0000] {taskinstance.py:2612} INFO - Dependencies all met for dep_context=non-requeueable deps ti=<TaskInstance: exchange_rates_dag.run_main_script scheduled__2024-02-16T00:00:00+00:00 [queued]>
[2024-09-15T05:52:35.562+0000] {taskinstance.py:2612} INFO - Dependencies all met for dep_context=requeueable deps ti=<TaskInstance: exchange_rates_dag.run_main_script scheduled__2024-02-16T00:00:00+00:00 [queued]>
[2024-09-15T05:52:35.568+0000] {taskinstance.py:2865} INFO - Starting attempt 1 of 2
[2024-09-15T05:52:35.733+0000] {taskinstance.py:2888} INFO - Executing <Task(PythonOperator): run_main_script> on 2024-02-16 00:00:00+00:00
[2024-09-15T05:52:35.765+0000] {logging_mixin.py:190} WARNING - /home/***/.local/lib/python3.12/site-packages/***/task/task_runner/standard_task_runner.py:70 DeprecationWarning: This process (pid=433) is multi-threaded, use of fork() may lead to deadlocks in the child.
[2024-09-15T05:52:35.773+0000] {standard_task_runner.py:72} INFO - Started process 435 to run task
[2024-09-15T05:52:35.763+0000] {standard_task_runner.py:104} INFO - Running: ['***', 'tasks', 'run', 'exchange_rates_dag', 'run_main_script', 'scheduled__2024-02-16T00:00:00+00:00', '--job-id', '140', '--raw', '--subdir', 'DAGS_FOLDER/exchange_rates_dag.py', '--cfg-path', '/tmp/tmp_rd_zki6']
[2024-09-15T05:52:35.778+0000] {standard_task_runner.py:105} INFO - Job 140: Subtask run_main_script
[2024-09-15T05:52:35.978+0000] {task_command.py:467} INFO - Running <TaskInstance: exchange_rates_dag.run_main_script scheduled__2024-02-16T00:00:00+00:00 [running]> on host ed6b7035df5d
[2024-09-15T05:52:36.454+0000] {taskinstance.py:3131} INFO - Exporting env vars: AIRFLOW_CTX_DAG_EMAIL='***docker@gmail.com' AIRFLOW_CTX_DAG_OWNER='***' AIRFLOW_CTX_DAG_ID='exchange_rates_dag' AIRFLOW_CTX_TASK_ID='run_main_script' AIRFLOW_CTX_EXECUTION_DATE='2024-02-16T00:00:00+00:00' AIRFLOW_CTX_TRY_NUMBER='1' AIRFLOW_CTX_DAG_RUN_ID='scheduled__2024-02-16T00:00:00+00:00'
[2024-09-15T05:52:36.462+0000] {taskinstance.py:731} INFO - ::endgroup::
[2024-09-15T05:52:53.848+0000] {python.py:240} INFO - Done. Returned value was: None
[2024-09-15T05:52:53.861+0000] {taskinstance.py:340} INFO - ::group::Post task execution logs
[2024-09-15T05:52:53.864+0000] {taskinstance.py:352} INFO - Marking task as SUCCESS. dag_id=exchange_rates_dag, task_id=run_main_script, run_id=scheduled__2024-02-16T00:00:00+00:00, execution_date=20240216T000000, start_date=20240915T055235, end_date=20240915T055253
[2024-09-15T05:52:53.893+0000] {local_task_job_runner.py:266} INFO - Task exited with return code 0
[2024-09-15T05:52:53.924+0000] {taskinstance.py:3900} INFO - 1 downstream tasks scheduled from follow-on schedule check
[2024-09-15T05:52:53.933+0000] {local_task_job_runner.py:245} INFO - ::endgroup::
