[2024-09-08T15:39:17.385+0000] {local_task_job_runner.py:123} INFO - ::group::Pre task execution logs
[2024-09-08T15:39:17.835+0000] {taskinstance.py:2612} INFO - Dependencies all met for dep_context=non-requeueable deps ti=<TaskInstance: exchange_rates_dag.run_main_script scheduled__2024-01-11T00:00:00+00:00 [queued]>
[2024-09-08T15:39:18.034+0000] {taskinstance.py:2612} INFO - Dependencies all met for dep_context=requeueable deps ti=<TaskInstance: exchange_rates_dag.run_main_script scheduled__2024-01-11T00:00:00+00:00 [queued]>
[2024-09-08T15:39:18.052+0000] {taskinstance.py:2865} INFO - Starting attempt 1 of 2
[2024-09-08T15:39:18.373+0000] {taskinstance.py:2888} INFO - Executing <Task(PythonOperator): run_main_script> on 2024-01-11 00:00:00+00:00
[2024-09-08T15:39:18.605+0000] {logging_mixin.py:190} WARNING - /home/***/.local/lib/python3.12/site-packages/***/task/task_runner/standard_task_runner.py:70 DeprecationWarning: This process (pid=215) is multi-threaded, use of fork() may lead to deadlocks in the child.
[2024-09-08T15:39:18.676+0000] {standard_task_runner.py:72} INFO - Started process 229 to run task
[2024-09-08T15:39:18.641+0000] {standard_task_runner.py:104} INFO - Running: ['***', 'tasks', 'run', 'exchange_rates_dag', 'run_main_script', 'scheduled__2024-01-11T00:00:00+00:00', '--job-id', '14', '--raw', '--subdir', 'DAGS_FOLDER/exchange_rates_dag.py', '--cfg-path', '/tmp/tmpgl5o3bcx']
[2024-09-08T15:39:18.789+0000] {standard_task_runner.py:105} INFO - Job 14: Subtask run_main_script
[2024-09-08T15:39:20.122+0000] {task_command.py:467} INFO - Running <TaskInstance: exchange_rates_dag.run_main_script scheduled__2024-01-11T00:00:00+00:00 [running]> on host bd0133ae5e03
[2024-09-08T15:39:22.880+0000] {taskinstance.py:3131} INFO - Exporting env vars: AIRFLOW_CTX_DAG_OWNER='***' AIRFLOW_CTX_DAG_ID='exchange_rates_dag' AIRFLOW_CTX_TASK_ID='run_main_script' AIRFLOW_CTX_EXECUTION_DATE='2024-01-11T00:00:00+00:00' AIRFLOW_CTX_TRY_NUMBER='1' AIRFLOW_CTX_DAG_RUN_ID='scheduled__2024-01-11T00:00:00+00:00'
[2024-09-08T15:39:22.904+0000] {taskinstance.py:731} INFO - ::endgroup::
[2024-09-08T15:40:23.409+0000] {python.py:240} INFO - Done. Returned value was: None
[2024-09-08T15:40:23.421+0000] {taskinstance.py:340} INFO - ::group::Post task execution logs
[2024-09-08T15:40:23.425+0000] {taskinstance.py:352} INFO - Marking task as SUCCESS. dag_id=exchange_rates_dag, task_id=run_main_script, run_id=scheduled__2024-01-11T00:00:00+00:00, execution_date=20240111T000000, start_date=20240908T153917, end_date=20240908T154023
[2024-09-08T15:40:23.477+0000] {local_task_job_runner.py:266} INFO - Task exited with return code 0
[2024-09-08T15:40:23.515+0000] {taskinstance.py:3900} INFO - 0 downstream tasks scheduled from follow-on schedule check
[2024-09-08T15:40:23.527+0000] {local_task_job_runner.py:245} INFO - ::endgroup::
[2024-09-15T05:14:40.626+0000] {local_task_job_runner.py:123} INFO - ::group::Pre task execution logs
[2024-09-15T05:14:40.950+0000] {taskinstance.py:2612} INFO - Dependencies all met for dep_context=non-requeueable deps ti=<TaskInstance: exchange_rates_dag.run_main_script scheduled__2024-01-11T00:00:00+00:00 [queued]>
[2024-09-15T05:14:41.142+0000] {taskinstance.py:2612} INFO - Dependencies all met for dep_context=requeueable deps ti=<TaskInstance: exchange_rates_dag.run_main_script scheduled__2024-01-11T00:00:00+00:00 [queued]>
[2024-09-15T05:14:41.161+0000] {taskinstance.py:2865} INFO - Starting attempt 1 of 2
[2024-09-15T05:14:42.909+0000] {taskinstance.py:2888} INFO - Executing <Task(PythonOperator): run_main_script> on 2024-01-11 00:00:00+00:00
[2024-09-15T05:14:43.200+0000] {logging_mixin.py:190} WARNING - /home/***/.local/lib/python3.12/site-packages/***/task/task_runner/standard_task_runner.py:70 DeprecationWarning: This process (pid=225) is multi-threaded, use of fork() may lead to deadlocks in the child.
[2024-09-15T05:14:43.287+0000] {standard_task_runner.py:72} INFO - Started process 234 to run task
[2024-09-15T05:14:43.179+0000] {standard_task_runner.py:104} INFO - Running: ['***', 'tasks', 'run', 'exchange_rates_dag', 'run_main_script', 'scheduled__2024-01-11T00:00:00+00:00', '--job-id', '13', '--raw', '--subdir', 'DAGS_FOLDER/exchange_rates_dag.py', '--cfg-path', '/tmp/tmppcf72y19']
[2024-09-15T05:14:43.346+0000] {standard_task_runner.py:105} INFO - Job 13: Subtask run_main_script
[2024-09-15T05:14:44.720+0000] {task_command.py:467} INFO - Running <TaskInstance: exchange_rates_dag.run_main_script scheduled__2024-01-11T00:00:00+00:00 [running]> on host ed6b7035df5d
[2024-09-15T05:14:46.456+0000] {taskinstance.py:3131} INFO - Exporting env vars: AIRFLOW_CTX_DAG_EMAIL='***docker@gmail.com' AIRFLOW_CTX_DAG_OWNER='***' AIRFLOW_CTX_DAG_ID='exchange_rates_dag' AIRFLOW_CTX_TASK_ID='run_main_script' AIRFLOW_CTX_EXECUTION_DATE='2024-01-11T00:00:00+00:00' AIRFLOW_CTX_TRY_NUMBER='1' AIRFLOW_CTX_DAG_RUN_ID='scheduled__2024-01-11T00:00:00+00:00'
[2024-09-15T05:14:46.473+0000] {taskinstance.py:731} INFO - ::endgroup::
[2024-09-15T05:16:48.335+0000] {python.py:240} INFO - Done. Returned value was: None
[2024-09-15T05:16:48.351+0000] {taskinstance.py:340} INFO - ::group::Post task execution logs
[2024-09-15T05:16:48.354+0000] {taskinstance.py:352} INFO - Marking task as SUCCESS. dag_id=exchange_rates_dag, task_id=run_main_script, run_id=scheduled__2024-01-11T00:00:00+00:00, execution_date=20240111T000000, start_date=20240915T051440, end_date=20240915T051648
[2024-09-15T05:16:48.380+0000] {local_task_job_runner.py:266} INFO - Task exited with return code 0
[2024-09-15T05:16:48.414+0000] {taskinstance.py:3900} INFO - 1 downstream tasks scheduled from follow-on schedule check
[2024-09-15T05:16:48.422+0000] {local_task_job_runner.py:245} INFO - ::endgroup::
