[2024-09-08T16:08:51.840+0000] {local_task_job_runner.py:123} INFO - ::group::Pre task execution logs
[2024-09-08T16:08:51.995+0000] {taskinstance.py:2612} INFO - Dependencies all met for dep_context=non-requeueable deps ti=<TaskInstance: exchange_rates_dag.run_main_script scheduled__2024-02-09T00:00:00+00:00 [queued]>
[2024-09-08T16:08:52.094+0000] {taskinstance.py:2612} INFO - Dependencies all met for dep_context=requeueable deps ti=<TaskInstance: exchange_rates_dag.run_main_script scheduled__2024-02-09T00:00:00+00:00 [queued]>
[2024-09-08T16:08:52.108+0000] {taskinstance.py:2865} INFO - Starting attempt 1 of 2
[2024-09-08T16:08:52.712+0000] {taskinstance.py:2888} INFO - Executing <Task(PythonOperator): run_main_script> on 2024-02-09 00:00:00+00:00
[2024-09-08T16:08:52.800+0000] {logging_mixin.py:190} WARNING - /home/***/.local/lib/python3.12/site-packages/***/task/task_runner/standard_task_runner.py:70 DeprecationWarning: This process (pid=354) is multi-threaded, use of fork() may lead to deadlocks in the child.
[2024-09-08T16:08:52.827+0000] {standard_task_runner.py:72} INFO - Started process 365 to run task
[2024-09-08T16:08:52.796+0000] {standard_task_runner.py:104} INFO - Running: ['***', 'tasks', 'run', 'exchange_rates_dag', 'run_main_script', 'scheduled__2024-02-09T00:00:00+00:00', '--job-id', '58', '--raw', '--subdir', 'DAGS_FOLDER/exchange_rates_dag.py', '--cfg-path', '/tmp/tmp4scef5j6']
[2024-09-08T16:08:52.845+0000] {standard_task_runner.py:105} INFO - Job 58: Subtask run_main_script
[2024-09-08T16:08:53.231+0000] {task_command.py:467} INFO - Running <TaskInstance: exchange_rates_dag.run_main_script scheduled__2024-02-09T00:00:00+00:00 [running]> on host bd0133ae5e03
[2024-09-08T16:08:54.124+0000] {taskinstance.py:3131} INFO - Exporting env vars: AIRFLOW_CTX_DAG_OWNER='***' AIRFLOW_CTX_DAG_ID='exchange_rates_dag' AIRFLOW_CTX_TASK_ID='run_main_script' AIRFLOW_CTX_EXECUTION_DATE='2024-02-09T00:00:00+00:00' AIRFLOW_CTX_TRY_NUMBER='1' AIRFLOW_CTX_DAG_RUN_ID='scheduled__2024-02-09T00:00:00+00:00'
[2024-09-08T16:08:54.137+0000] {taskinstance.py:731} INFO - ::endgroup::
[2024-09-15T05:46:37.869+0000] {local_task_job_runner.py:123} INFO - ::group::Pre task execution logs
[2024-09-15T05:46:38.108+0000] {taskinstance.py:2612} INFO - Dependencies all met for dep_context=non-requeueable deps ti=<TaskInstance: exchange_rates_dag.run_main_script scheduled__2024-02-09T00:00:00+00:00 [queued]>
[2024-09-15T05:46:38.246+0000] {taskinstance.py:2612} INFO - Dependencies all met for dep_context=requeueable deps ti=<TaskInstance: exchange_rates_dag.run_main_script scheduled__2024-02-09T00:00:00+00:00 [queued]>
[2024-09-15T05:46:38.266+0000] {taskinstance.py:2865} INFO - Starting attempt 1 of 2
[2024-09-15T05:46:39.439+0000] {taskinstance.py:2888} INFO - Executing <Task(PythonOperator): run_main_script> on 2024-02-09 00:00:00+00:00
[2024-09-15T05:46:39.581+0000] {logging_mixin.py:190} WARNING - /home/***/.local/lib/python3.12/site-packages/***/task/task_runner/standard_task_runner.py:70 DeprecationWarning: This process (pid=246) is multi-threaded, use of fork() may lead to deadlocks in the child.
[2024-09-15T05:46:39.629+0000] {standard_task_runner.py:72} INFO - Started process 252 to run task
[2024-09-15T05:46:39.622+0000] {standard_task_runner.py:104} INFO - Running: ['***', 'tasks', 'run', 'exchange_rates_dag', 'run_main_script', 'scheduled__2024-02-09T00:00:00+00:00', '--job-id', '109', '--raw', '--subdir', 'DAGS_FOLDER/exchange_rates_dag.py', '--cfg-path', '/tmp/tmpxydo4yy1']
[2024-09-15T05:46:39.685+0000] {standard_task_runner.py:105} INFO - Job 109: Subtask run_main_script
[2024-09-15T05:46:40.332+0000] {task_command.py:467} INFO - Running <TaskInstance: exchange_rates_dag.run_main_script scheduled__2024-02-09T00:00:00+00:00 [running]> on host ed6b7035df5d
[2024-09-15T05:46:41.654+0000] {taskinstance.py:3131} INFO - Exporting env vars: AIRFLOW_CTX_DAG_EMAIL='***docker@gmail.com' AIRFLOW_CTX_DAG_OWNER='***' AIRFLOW_CTX_DAG_ID='exchange_rates_dag' AIRFLOW_CTX_TASK_ID='run_main_script' AIRFLOW_CTX_EXECUTION_DATE='2024-02-09T00:00:00+00:00' AIRFLOW_CTX_TRY_NUMBER='1' AIRFLOW_CTX_DAG_RUN_ID='scheduled__2024-02-09T00:00:00+00:00'
[2024-09-15T05:46:41.675+0000] {taskinstance.py:731} INFO - ::endgroup::
[2024-09-15T05:48:09.039+0000] {python.py:240} INFO - Done. Returned value was: None
[2024-09-15T05:48:09.062+0000] {taskinstance.py:340} INFO - ::group::Post task execution logs
[2024-09-15T05:48:09.065+0000] {taskinstance.py:352} INFO - Marking task as SUCCESS. dag_id=exchange_rates_dag, task_id=run_main_script, run_id=scheduled__2024-02-09T00:00:00+00:00, execution_date=20240209T000000, start_date=20240915T054638, end_date=20240915T054809
[2024-09-15T05:48:09.150+0000] {local_task_job_runner.py:266} INFO - Task exited with return code 0
[2024-09-15T05:48:09.188+0000] {taskinstance.py:3900} INFO - 1 downstream tasks scheduled from follow-on schedule check
[2024-09-15T05:48:09.196+0000] {local_task_job_runner.py:245} INFO - ::endgroup::
