[2024-09-01 19:10:44,034] {taskinstance.py:1179} INFO - Dependencies all met for <TaskInstance: exchange_rates_dag.run_main_script scheduled__2024-04-04T00:00:00+00:00 [queued]>
[2024-09-01 19:10:44,288] {taskinstance.py:1179} INFO - Dependencies all met for <TaskInstance: exchange_rates_dag.run_main_script scheduled__2024-04-04T00:00:00+00:00 [queued]>
[2024-09-01 19:10:44,312] {taskinstance.py:1376} INFO - 
--------------------------------------------------------------------------------
[2024-09-01 19:10:44,321] {taskinstance.py:1377} INFO - Starting attempt 1 of 2
[2024-09-01 19:10:44,328] {taskinstance.py:1378} INFO - 
--------------------------------------------------------------------------------
[2024-09-01 19:10:44,707] {taskinstance.py:1397} INFO - Executing <Task(PythonOperator): run_main_script> on 2024-04-04 00:00:00+00:00
[2024-09-01 19:10:44,808] {standard_task_runner.py:52} INFO - Started process 849 to run task
[2024-09-01 19:10:44,881] {standard_task_runner.py:79} INFO - Running: ['***', 'tasks', 'run', 'exchange_rates_dag', 'run_main_script', 'scheduled__2024-04-04T00:00:00+00:00', '--job-id', '98', '--raw', '--subdir', 'DAGS_FOLDER/exchange_rates_dag.py', '--cfg-path', '/tmp/tmph9xkv3_c', '--error-file', '/tmp/tmp_wah4hp3']
[2024-09-01 19:10:44,908] {standard_task_runner.py:80} INFO - Job 98: Subtask run_main_script
[2024-09-01 19:10:46,294] {task_command.py:371} INFO - Running <TaskInstance: exchange_rates_dag.run_main_script scheduled__2024-04-04T00:00:00+00:00 [running]> on host 6de2165e2444
[2024-09-01 19:10:47,901] {taskinstance.py:1591} INFO - Exporting the following env vars:
AIRFLOW_CTX_DAG_OWNER=***
AIRFLOW_CTX_DAG_ID=exchange_rates_dag
AIRFLOW_CTX_TASK_ID=run_main_script
AIRFLOW_CTX_EXECUTION_DATE=2024-04-04T00:00:00+00:00
AIRFLOW_CTX_TRY_NUMBER=1
AIRFLOW_CTX_DAG_RUN_ID=scheduled__2024-04-04T00:00:00+00:00
[2024-09-01 19:11:01,122] {python.py:173} INFO - Done. Returned value was: None
[2024-09-01 19:11:01,142] {taskinstance.py:1420} INFO - Marking task as SUCCESS. dag_id=exchange_rates_dag, task_id=run_main_script, execution_date=20240404T000000, start_date=20240901T191044, end_date=20240901T191101
[2024-09-01 19:11:01,215] {local_task_job.py:156} INFO - Task exited with return code 0
[2024-09-01 19:11:01,248] {local_task_job.py:273} INFO - 0 downstream tasks scheduled from follow-on schedule check
