[2024-09-01 19:18:54,077] {taskinstance.py:1179} INFO - Dependencies all met for <TaskInstance: exchange_rates_dag.run_main_script scheduled__2024-08-13T00:00:00+00:00 [queued]>
[2024-09-01 19:18:54,327] {taskinstance.py:1179} INFO - Dependencies all met for <TaskInstance: exchange_rates_dag.run_main_script scheduled__2024-08-13T00:00:00+00:00 [queued]>
[2024-09-01 19:18:54,350] {taskinstance.py:1376} INFO - 
--------------------------------------------------------------------------------
[2024-09-01 19:18:54,356] {taskinstance.py:1377} INFO - Starting attempt 1 of 2
[2024-09-01 19:18:54,360] {taskinstance.py:1378} INFO - 
--------------------------------------------------------------------------------
[2024-09-01 19:18:54,679] {taskinstance.py:1397} INFO - Executing <Task(PythonOperator): run_main_script> on 2024-08-13 00:00:00+00:00
[2024-09-01 19:18:54,781] {standard_task_runner.py:52} INFO - Started process 655 to run task
[2024-09-01 19:18:54,847] {standard_task_runner.py:79} INFO - Running: ['***', 'tasks', 'run', 'exchange_rates_dag', 'run_main_script', 'scheduled__2024-08-13T00:00:00+00:00', '--job-id', '242', '--raw', '--subdir', 'DAGS_FOLDER/exchange_rates_dag.py', '--cfg-path', '/tmp/tmp5qz9ytc1', '--error-file', '/tmp/tmpojmlygke']
[2024-09-01 19:18:54,878] {standard_task_runner.py:80} INFO - Job 242: Subtask run_main_script
[2024-09-01 19:18:56,189] {task_command.py:371} INFO - Running <TaskInstance: exchange_rates_dag.run_main_script scheduled__2024-08-13T00:00:00+00:00 [running]> on host 6de2165e2444
[2024-09-01 19:18:58,179] {taskinstance.py:1591} INFO - Exporting the following env vars:
AIRFLOW_CTX_DAG_OWNER=***
AIRFLOW_CTX_DAG_ID=exchange_rates_dag
AIRFLOW_CTX_TASK_ID=run_main_script
AIRFLOW_CTX_EXECUTION_DATE=2024-08-13T00:00:00+00:00
AIRFLOW_CTX_TRY_NUMBER=1
AIRFLOW_CTX_DAG_RUN_ID=scheduled__2024-08-13T00:00:00+00:00
[2024-09-01 19:19:19,195] {python.py:173} INFO - Done. Returned value was: None
[2024-09-01 19:19:19,254] {taskinstance.py:1420} INFO - Marking task as SUCCESS. dag_id=exchange_rates_dag, task_id=run_main_script, execution_date=20240813T000000, start_date=20240901T191854, end_date=20240901T191919
[2024-09-01 19:19:19,362] {local_task_job.py:156} INFO - Task exited with return code 0
[2024-09-01 19:19:19,534] {local_task_job.py:273} INFO - 0 downstream tasks scheduled from follow-on schedule check
[2024-09-15T06:02:46.167+0000] {local_task_job_runner.py:123} INFO - ::group::Pre task execution logs
[2024-09-15T06:02:46.208+0000] {taskinstance.py:2612} INFO - Dependencies all met for dep_context=non-requeueable deps ti=<TaskInstance: exchange_rates_dag.run_main_script scheduled__2024-08-13T00:00:00+00:00 [queued]>
[2024-09-15T06:02:46.246+0000] {taskinstance.py:2612} INFO - Dependencies all met for dep_context=requeueable deps ti=<TaskInstance: exchange_rates_dag.run_main_script scheduled__2024-08-13T00:00:00+00:00 [queued]>
[2024-09-15T06:02:46.251+0000] {taskinstance.py:2865} INFO - Starting attempt 1 of 2
[2024-09-15T06:02:46.584+0000] {taskinstance.py:2888} INFO - Executing <Task(PythonOperator): run_main_script> on 2024-08-13 00:00:00+00:00
[2024-09-15T06:02:46.632+0000] {logging_mixin.py:190} WARNING - /home/***/.local/lib/python3.12/site-packages/***/task/task_runner/standard_task_runner.py:70 DeprecationWarning: This process (pid=373) is multi-threaded, use of fork() may lead to deadlocks in the child.
[2024-09-15T06:02:46.644+0000] {standard_task_runner.py:72} INFO - Started process 375 to run task
[2024-09-15T06:02:46.631+0000] {standard_task_runner.py:104} INFO - Running: ['***', 'tasks', 'run', 'exchange_rates_dag', 'run_main_script', 'scheduled__2024-08-13T00:00:00+00:00', '--job-id', '247', '--raw', '--subdir', 'DAGS_FOLDER/exchange_rates_dag.py', '--cfg-path', '/tmp/tmpzf85htq4']
[2024-09-15T06:02:46.652+0000] {standard_task_runner.py:105} INFO - Job 247: Subtask run_main_script
[2024-09-15T06:02:46.944+0000] {task_command.py:467} INFO - Running <TaskInstance: exchange_rates_dag.run_main_script scheduled__2024-08-13T00:00:00+00:00 [running]> on host ed6b7035df5d
[2024-09-15T06:02:47.358+0000] {taskinstance.py:3131} INFO - Exporting env vars: AIRFLOW_CTX_DAG_EMAIL='***docker@gmail.com' AIRFLOW_CTX_DAG_OWNER='***' AIRFLOW_CTX_DAG_ID='exchange_rates_dag' AIRFLOW_CTX_TASK_ID='run_main_script' AIRFLOW_CTX_EXECUTION_DATE='2024-08-13T00:00:00+00:00' AIRFLOW_CTX_TRY_NUMBER='1' AIRFLOW_CTX_DAG_RUN_ID='scheduled__2024-08-13T00:00:00+00:00'
[2024-09-15T06:02:47.370+0000] {taskinstance.py:731} INFO - ::endgroup::
[2024-09-15T06:04:23.336+0000] {python.py:240} INFO - Done. Returned value was: None
[2024-09-15T06:04:23.383+0000] {taskinstance.py:340} INFO - ::group::Post task execution logs
[2024-09-15T06:04:23.395+0000] {taskinstance.py:352} INFO - Marking task as SUCCESS. dag_id=exchange_rates_dag, task_id=run_main_script, run_id=scheduled__2024-08-13T00:00:00+00:00, execution_date=20240813T000000, start_date=20240915T060246, end_date=20240915T060423
[2024-09-15T06:04:23.938+0000] {local_task_job_runner.py:266} INFO - Task exited with return code 0
[2024-09-15T06:04:24.279+0000] {taskinstance.py:3900} INFO - 1 downstream tasks scheduled from follow-on schedule check
[2024-09-15T06:04:24.310+0000] {local_task_job_runner.py:245} INFO - ::endgroup::
