[2024-09-08T16:07:53.281+0000] {local_task_job_runner.py:123} INFO - ::group::Pre task execution logs
[2024-09-08T16:07:53.357+0000] {taskinstance.py:2612} INFO - Dependencies all met for dep_context=non-requeueable deps ti=<TaskInstance: exchange_rates_dag.run_main_script scheduled__2024-02-04T00:00:00+00:00 [queued]>
[2024-09-08T16:07:53.400+0000] {taskinstance.py:2612} INFO - Dependencies all met for dep_context=requeueable deps ti=<TaskInstance: exchange_rates_dag.run_main_script scheduled__2024-02-04T00:00:00+00:00 [queued]>
[2024-09-08T16:07:53.410+0000] {taskinstance.py:2865} INFO - Starting attempt 1 of 2
[2024-09-08T16:07:53.480+0000] {taskinstance.py:2888} INFO - Executing <Task(PythonOperator): run_main_script> on 2024-02-04 00:00:00+00:00
[2024-09-08T16:07:53.526+0000] {logging_mixin.py:190} WARNING - /home/***/.local/lib/python3.12/site-packages/***/task/task_runner/standard_task_runner.py:70 DeprecationWarning: This process (pid=328) is multi-threaded, use of fork() may lead to deadlocks in the child.
[2024-09-08T16:07:53.543+0000] {standard_task_runner.py:72} INFO - Started process 332 to run task
[2024-09-08T16:07:53.527+0000] {standard_task_runner.py:104} INFO - Running: ['***', 'tasks', 'run', 'exchange_rates_dag', 'run_main_script', 'scheduled__2024-02-04T00:00:00+00:00', '--job-id', '53', '--raw', '--subdir', 'DAGS_FOLDER/exchange_rates_dag.py', '--cfg-path', '/tmp/tmpyz7vt7_i']
[2024-09-08T16:07:53.552+0000] {standard_task_runner.py:105} INFO - Job 53: Subtask run_main_script
[2024-09-08T16:07:53.726+0000] {task_command.py:467} INFO - Running <TaskInstance: exchange_rates_dag.run_main_script scheduled__2024-02-04T00:00:00+00:00 [running]> on host bd0133ae5e03
[2024-09-08T16:07:54.114+0000] {taskinstance.py:3131} INFO - Exporting env vars: AIRFLOW_CTX_DAG_OWNER='***' AIRFLOW_CTX_DAG_ID='exchange_rates_dag' AIRFLOW_CTX_TASK_ID='run_main_script' AIRFLOW_CTX_EXECUTION_DATE='2024-02-04T00:00:00+00:00' AIRFLOW_CTX_TRY_NUMBER='1' AIRFLOW_CTX_DAG_RUN_ID='scheduled__2024-02-04T00:00:00+00:00'
[2024-09-08T16:07:54.117+0000] {taskinstance.py:731} INFO - ::endgroup::
[2024-09-08T16:09:08.038+0000] {python.py:240} INFO - Done. Returned value was: None
[2024-09-08T16:09:08.053+0000] {taskinstance.py:340} INFO - ::group::Post task execution logs
[2024-09-08T16:09:08.056+0000] {taskinstance.py:352} INFO - Marking task as SUCCESS. dag_id=exchange_rates_dag, task_id=run_main_script, run_id=scheduled__2024-02-04T00:00:00+00:00, execution_date=20240204T000000, start_date=20240908T160753, end_date=20240908T160908
[2024-09-08T16:09:08.106+0000] {local_task_job_runner.py:266} INFO - Task exited with return code 0
[2024-09-08T16:09:08.127+0000] {taskinstance.py:3900} INFO - 0 downstream tasks scheduled from follow-on schedule check
[2024-09-08T16:09:08.133+0000] {local_task_job_runner.py:245} INFO - ::endgroup::
[2024-09-15T05:46:31.027+0000] {local_task_job_runner.py:123} INFO - ::group::Pre task execution logs
[2024-09-15T05:46:31.194+0000] {taskinstance.py:2612} INFO - Dependencies all met for dep_context=non-requeueable deps ti=<TaskInstance: exchange_rates_dag.run_main_script scheduled__2024-02-04T00:00:00+00:00 [queued]>
[2024-09-15T05:46:31.302+0000] {taskinstance.py:2612} INFO - Dependencies all met for dep_context=requeueable deps ti=<TaskInstance: exchange_rates_dag.run_main_script scheduled__2024-02-04T00:00:00+00:00 [queued]>
[2024-09-15T05:46:31.314+0000] {taskinstance.py:2865} INFO - Starting attempt 1 of 2
[2024-09-15T05:46:31.460+0000] {taskinstance.py:2888} INFO - Executing <Task(PythonOperator): run_main_script> on 2024-02-04 00:00:00+00:00
[2024-09-15T05:46:31.540+0000] {logging_mixin.py:190} WARNING - /home/***/.local/lib/python3.12/site-packages/***/task/task_runner/standard_task_runner.py:70 DeprecationWarning: This process (pid=223) is multi-threaded, use of fork() may lead to deadlocks in the child.
[2024-09-15T05:46:31.565+0000] {standard_task_runner.py:72} INFO - Started process 232 to run task
[2024-09-15T05:46:31.548+0000] {standard_task_runner.py:104} INFO - Running: ['***', 'tasks', 'run', 'exchange_rates_dag', 'run_main_script', 'scheduled__2024-02-04T00:00:00+00:00', '--job-id', '104', '--raw', '--subdir', 'DAGS_FOLDER/exchange_rates_dag.py', '--cfg-path', '/tmp/tmpthmbat5a']
[2024-09-15T05:46:31.593+0000] {standard_task_runner.py:105} INFO - Job 104: Subtask run_main_script
[2024-09-15T05:46:32.053+0000] {task_command.py:467} INFO - Running <TaskInstance: exchange_rates_dag.run_main_script scheduled__2024-02-04T00:00:00+00:00 [running]> on host ed6b7035df5d
[2024-09-15T05:46:32.960+0000] {taskinstance.py:3131} INFO - Exporting env vars: AIRFLOW_CTX_DAG_EMAIL='***docker@gmail.com' AIRFLOW_CTX_DAG_OWNER='***' AIRFLOW_CTX_DAG_ID='exchange_rates_dag' AIRFLOW_CTX_TASK_ID='run_main_script' AIRFLOW_CTX_EXECUTION_DATE='2024-02-04T00:00:00+00:00' AIRFLOW_CTX_TRY_NUMBER='1' AIRFLOW_CTX_DAG_RUN_ID='scheduled__2024-02-04T00:00:00+00:00'
[2024-09-15T05:46:32.978+0000] {taskinstance.py:731} INFO - ::endgroup::
[2024-09-15T05:47:31.909+0000] {python.py:240} INFO - Done. Returned value was: None
[2024-09-15T05:47:31.926+0000] {taskinstance.py:340} INFO - ::group::Post task execution logs
[2024-09-15T05:47:31.928+0000] {taskinstance.py:352} INFO - Marking task as SUCCESS. dag_id=exchange_rates_dag, task_id=run_main_script, run_id=scheduled__2024-02-04T00:00:00+00:00, execution_date=20240204T000000, start_date=20240915T054631, end_date=20240915T054731
[2024-09-15T05:47:31.978+0000] {local_task_job_runner.py:266} INFO - Task exited with return code 0
[2024-09-15T05:47:32.014+0000] {taskinstance.py:3900} INFO - 1 downstream tasks scheduled from follow-on schedule check
[2024-09-15T05:47:32.021+0000] {local_task_job_runner.py:245} INFO - ::endgroup::
