[2024-09-08T16:05:36.293+0000] {local_task_job_runner.py:123} INFO - ::group::Pre task execution logs
[2024-09-08T16:05:36.709+0000] {taskinstance.py:2612} INFO - Dependencies all met for dep_context=non-requeueable deps ti=<TaskInstance: exchange_rates_dag.run_main_script scheduled__2024-01-21T00:00:00+00:00 [queued]>
[2024-09-08T16:05:36.879+0000] {taskinstance.py:2612} INFO - Dependencies all met for dep_context=requeueable deps ti=<TaskInstance: exchange_rates_dag.run_main_script scheduled__2024-01-21T00:00:00+00:00 [queued]>
[2024-09-08T16:05:36.904+0000] {taskinstance.py:2865} INFO - Starting attempt 1 of 2
[2024-09-08T16:05:38.368+0000] {taskinstance.py:2888} INFO - Executing <Task(PythonOperator): run_main_script> on 2024-01-21 00:00:00+00:00
[2024-09-08T16:05:38.611+0000] {logging_mixin.py:190} WARNING - /home/***/.local/lib/python3.12/site-packages/***/task/task_runner/standard_task_runner.py:70 DeprecationWarning: This process (pid=205) is multi-threaded, use of fork() may lead to deadlocks in the child.
[2024-09-08T16:05:38.638+0000] {standard_task_runner.py:72} INFO - Started process 222 to run task
[2024-09-08T16:05:38.615+0000] {standard_task_runner.py:104} INFO - Running: ['***', 'tasks', 'run', 'exchange_rates_dag', 'run_main_script', 'scheduled__2024-01-21T00:00:00+00:00', '--job-id', '39', '--raw', '--subdir', 'DAGS_FOLDER/exchange_rates_dag.py', '--cfg-path', '/tmp/tmpcq_tktgs']
[2024-09-08T16:05:38.686+0000] {standard_task_runner.py:105} INFO - Job 39: Subtask run_main_script
[2024-09-08T16:05:39.531+0000] {task_command.py:467} INFO - Running <TaskInstance: exchange_rates_dag.run_main_script scheduled__2024-01-21T00:00:00+00:00 [running]> on host bd0133ae5e03
[2024-09-08T16:05:41.729+0000] {taskinstance.py:3131} INFO - Exporting env vars: AIRFLOW_CTX_DAG_OWNER='***' AIRFLOW_CTX_DAG_ID='exchange_rates_dag' AIRFLOW_CTX_TASK_ID='run_main_script' AIRFLOW_CTX_EXECUTION_DATE='2024-01-21T00:00:00+00:00' AIRFLOW_CTX_TRY_NUMBER='1' AIRFLOW_CTX_DAG_RUN_ID='scheduled__2024-01-21T00:00:00+00:00'
[2024-09-08T16:05:41.760+0000] {taskinstance.py:731} INFO - ::endgroup::
[2024-09-08T16:07:40.868+0000] {python.py:240} INFO - Done. Returned value was: None
[2024-09-08T16:07:40.882+0000] {taskinstance.py:340} INFO - ::group::Post task execution logs
[2024-09-08T16:07:40.885+0000] {taskinstance.py:352} INFO - Marking task as SUCCESS. dag_id=exchange_rates_dag, task_id=run_main_script, run_id=scheduled__2024-01-21T00:00:00+00:00, execution_date=20240121T000000, start_date=20240908T160536, end_date=20240908T160740
[2024-09-08T16:07:40.945+0000] {local_task_job_runner.py:266} INFO - Task exited with return code 0
[2024-09-08T16:07:40.982+0000] {taskinstance.py:3900} INFO - 0 downstream tasks scheduled from follow-on schedule check
[2024-09-08T16:07:40.990+0000] {local_task_job_runner.py:245} INFO - ::endgroup::
[2024-09-15T05:37:26.510+0000] {local_task_job_runner.py:123} INFO - ::group::Pre task execution logs
[2024-09-15T05:37:26.681+0000] {taskinstance.py:2612} INFO - Dependencies all met for dep_context=non-requeueable deps ti=<TaskInstance: exchange_rates_dag.run_main_script scheduled__2024-01-21T00:00:00+00:00 [queued]>
[2024-09-15T05:37:26.809+0000] {taskinstance.py:2612} INFO - Dependencies all met for dep_context=requeueable deps ti=<TaskInstance: exchange_rates_dag.run_main_script scheduled__2024-01-21T00:00:00+00:00 [queued]>
[2024-09-15T05:37:26.821+0000] {taskinstance.py:2865} INFO - Starting attempt 1 of 2
[2024-09-15T05:37:27.290+0000] {taskinstance.py:2888} INFO - Executing <Task(PythonOperator): run_main_script> on 2024-01-21 00:00:00+00:00
[2024-09-15T05:37:27.393+0000] {logging_mixin.py:190} WARNING - /home/***/.local/lib/python3.12/site-packages/***/task/task_runner/standard_task_runner.py:70 DeprecationWarning: This process (pid=231) is multi-threaded, use of fork() may lead to deadlocks in the child.
[2024-09-15T05:37:27.414+0000] {standard_task_runner.py:72} INFO - Started process 240 to run task
[2024-09-15T05:37:27.387+0000] {standard_task_runner.py:104} INFO - Running: ['***', 'tasks', 'run', 'exchange_rates_dag', 'run_main_script', 'scheduled__2024-01-21T00:00:00+00:00', '--job-id', '57', '--raw', '--subdir', 'DAGS_FOLDER/exchange_rates_dag.py', '--cfg-path', '/tmp/tmp1xh5a1z_']
[2024-09-15T05:37:27.435+0000] {standard_task_runner.py:105} INFO - Job 57: Subtask run_main_script
[2024-09-15T05:37:27.963+0000] {task_command.py:467} INFO - Running <TaskInstance: exchange_rates_dag.run_main_script scheduled__2024-01-21T00:00:00+00:00 [running]> on host ed6b7035df5d
[2024-09-15T05:37:28.887+0000] {taskinstance.py:3131} INFO - Exporting env vars: AIRFLOW_CTX_DAG_EMAIL='***docker@gmail.com' AIRFLOW_CTX_DAG_OWNER='***' AIRFLOW_CTX_DAG_ID='exchange_rates_dag' AIRFLOW_CTX_TASK_ID='run_main_script' AIRFLOW_CTX_EXECUTION_DATE='2024-01-21T00:00:00+00:00' AIRFLOW_CTX_TRY_NUMBER='1' AIRFLOW_CTX_DAG_RUN_ID='scheduled__2024-01-21T00:00:00+00:00'
[2024-09-15T05:37:28.904+0000] {taskinstance.py:731} INFO - ::endgroup::
[2024-09-15T05:38:40.830+0000] {python.py:240} INFO - Done. Returned value was: None
[2024-09-15T05:38:40.848+0000] {taskinstance.py:340} INFO - ::group::Post task execution logs
[2024-09-15T05:38:40.850+0000] {taskinstance.py:352} INFO - Marking task as SUCCESS. dag_id=exchange_rates_dag, task_id=run_main_script, run_id=scheduled__2024-01-21T00:00:00+00:00, execution_date=20240121T000000, start_date=20240915T053726, end_date=20240915T053840
[2024-09-15T05:38:40.902+0000] {local_task_job_runner.py:266} INFO - Task exited with return code 0
[2024-09-15T05:38:40.938+0000] {taskinstance.py:3900} INFO - 1 downstream tasks scheduled from follow-on schedule check
[2024-09-15T05:38:40.948+0000] {local_task_job_runner.py:245} INFO - ::endgroup::
