[2024-09-01 19:19:27,012] {taskinstance.py:1179} INFO - Dependencies all met for <TaskInstance: exchange_rates_dag.run_main_script scheduled__2024-08-23T00:00:00+00:00 [queued]>
[2024-09-01 19:19:27,176] {taskinstance.py:1179} INFO - Dependencies all met for <TaskInstance: exchange_rates_dag.run_main_script scheduled__2024-08-23T00:00:00+00:00 [queued]>
[2024-09-01 19:19:27,186] {taskinstance.py:1376} INFO - 
--------------------------------------------------------------------------------
[2024-09-01 19:19:27,194] {taskinstance.py:1377} INFO - Starting attempt 1 of 2
[2024-09-01 19:19:27,198] {taskinstance.py:1378} INFO - 
--------------------------------------------------------------------------------
[2024-09-01 19:19:27,410] {taskinstance.py:1397} INFO - Executing <Task(PythonOperator): run_main_script> on 2024-08-23 00:00:00+00:00
[2024-09-01 19:19:27,467] {standard_task_runner.py:52} INFO - Started process 745 to run task
[2024-09-01 19:19:27,530] {standard_task_runner.py:79} INFO - Running: ['***', 'tasks', 'run', 'exchange_rates_dag', 'run_main_script', 'scheduled__2024-08-23T00:00:00+00:00', '--job-id', '252', '--raw', '--subdir', 'DAGS_FOLDER/exchange_rates_dag.py', '--cfg-path', '/tmp/tmpettlb47e', '--error-file', '/tmp/tmplnnimbg2']
[2024-09-01 19:19:27,555] {standard_task_runner.py:80} INFO - Job 252: Subtask run_main_script
[2024-09-01 19:19:28,560] {task_command.py:371} INFO - Running <TaskInstance: exchange_rates_dag.run_main_script scheduled__2024-08-23T00:00:00+00:00 [running]> on host 6de2165e2444
[2024-09-01 19:19:29,689] {taskinstance.py:1591} INFO - Exporting the following env vars:
AIRFLOW_CTX_DAG_OWNER=***
AIRFLOW_CTX_DAG_ID=exchange_rates_dag
AIRFLOW_CTX_TASK_ID=run_main_script
AIRFLOW_CTX_EXECUTION_DATE=2024-08-23T00:00:00+00:00
AIRFLOW_CTX_TRY_NUMBER=1
AIRFLOW_CTX_DAG_RUN_ID=scheduled__2024-08-23T00:00:00+00:00
[2024-09-01 19:19:53,659] {python.py:173} INFO - Done. Returned value was: None
[2024-09-01 19:19:53,900] {taskinstance.py:1420} INFO - Marking task as SUCCESS. dag_id=exchange_rates_dag, task_id=run_main_script, execution_date=20240823T000000, start_date=20240901T191927, end_date=20240901T191953
[2024-09-01 19:19:54,097] {local_task_job.py:221} WARNING - State of this instance has been externally set to success. Terminating instance.
[2024-09-01 19:19:54,133] {process_utils.py:129} INFO - Sending Signals.SIGTERM to group 745. PIDs of all processes in the group: [745]
[2024-09-01 19:19:54,150] {process_utils.py:80} INFO - Sending the signal Signals.SIGTERM to group 745
[2024-09-01 19:19:54,169] {process_utils.py:75} INFO - Process psutil.Process(pid=745, status='terminated', exitcode=0, started='19:19:27') (745) terminated with exit code 0
