[2024-09-01 19:40:46,427] {taskinstance.py:1179} INFO - Dependencies all met for <TaskInstance: exchange_rates_dag.run_main_script manual__2024-09-01T19:40:45.388005+00:00 [queued]>
[2024-09-01 19:40:46,459] {taskinstance.py:1179} INFO - Dependencies all met for <TaskInstance: exchange_rates_dag.run_main_script manual__2024-09-01T19:40:45.388005+00:00 [queued]>
[2024-09-01 19:40:46,461] {taskinstance.py:1376} INFO - 
--------------------------------------------------------------------------------
[2024-09-01 19:40:46,463] {taskinstance.py:1377} INFO - Starting attempt 1 of 2
[2024-09-01 19:40:46,467] {taskinstance.py:1378} INFO - 
--------------------------------------------------------------------------------
[2024-09-01 19:40:46,512] {taskinstance.py:1397} INFO - Executing <Task(PythonOperator): run_main_script> on 2024-09-01 19:40:45.388005+00:00
[2024-09-01 19:40:46,525] {standard_task_runner.py:52} INFO - Started process 325 to run task
[2024-09-01 19:40:46,541] {standard_task_runner.py:79} INFO - Running: ['***', 'tasks', 'run', 'exchange_rates_dag', 'run_main_script', 'manual__2024-09-01T19:40:45.388005+00:00', '--job-id', '264', '--raw', '--subdir', 'DAGS_FOLDER/exchange_rates_dag.py', '--cfg-path', '/tmp/tmpiyjshgkg', '--error-file', '/tmp/tmp9_b7yein']
[2024-09-01 19:40:46,547] {standard_task_runner.py:80} INFO - Job 264: Subtask run_main_script
[2024-09-01 19:40:46,753] {task_command.py:371} INFO - Running <TaskInstance: exchange_rates_dag.run_main_script manual__2024-09-01T19:40:45.388005+00:00 [running]> on host 3aab6399af31
[2024-09-01 19:40:46,943] {taskinstance.py:1591} INFO - Exporting the following env vars:
AIRFLOW_CTX_DAG_OWNER=***
AIRFLOW_CTX_DAG_ID=exchange_rates_dag
AIRFLOW_CTX_TASK_ID=run_main_script
AIRFLOW_CTX_EXECUTION_DATE=2024-09-01T19:40:45.388005+00:00
AIRFLOW_CTX_TRY_NUMBER=1
AIRFLOW_CTX_DAG_RUN_ID=manual__2024-09-01T19:40:45.388005+00:00
[2024-09-01 19:40:48,473] {python.py:173} INFO - Done. Returned value was: None
[2024-09-01 19:40:48,498] {taskinstance.py:1420} INFO - Marking task as SUCCESS. dag_id=exchange_rates_dag, task_id=run_main_script, execution_date=20240901T194045, start_date=20240901T194046, end_date=20240901T194048
[2024-09-01 19:40:48,554] {local_task_job.py:156} INFO - Task exited with return code 0
[2024-09-01 19:40:48,592] {local_task_job.py:273} INFO - 0 downstream tasks scheduled from follow-on schedule check
