[2024-09-01 19:11:06,290] {taskinstance.py:1179} INFO - Dependencies all met for <TaskInstance: exchange_rates_dag.run_main_script scheduled__2024-04-10T00:00:00+00:00 [queued]>
[2024-09-01 19:11:06,408] {taskinstance.py:1179} INFO - Dependencies all met for <TaskInstance: exchange_rates_dag.run_main_script scheduled__2024-04-10T00:00:00+00:00 [queued]>
[2024-09-01 19:11:06,421] {taskinstance.py:1376} INFO - 
--------------------------------------------------------------------------------
[2024-09-01 19:11:06,428] {taskinstance.py:1377} INFO - Starting attempt 1 of 2
[2024-09-01 19:11:06,436] {taskinstance.py:1378} INFO - 
--------------------------------------------------------------------------------
[2024-09-01 19:11:06,630] {taskinstance.py:1397} INFO - Executing <Task(PythonOperator): run_main_script> on 2024-04-10 00:00:00+00:00
[2024-09-01 19:11:06,678] {standard_task_runner.py:52} INFO - Started process 905 to run task
[2024-09-01 19:11:06,779] {standard_task_runner.py:79} INFO - Running: ['***', 'tasks', 'run', 'exchange_rates_dag', 'run_main_script', 'scheduled__2024-04-10T00:00:00+00:00', '--job-id', '105', '--raw', '--subdir', 'DAGS_FOLDER/exchange_rates_dag.py', '--cfg-path', '/tmp/tmps36ft9cu', '--error-file', '/tmp/tmpgfkjojx3']
[2024-09-01 19:11:06,810] {standard_task_runner.py:80} INFO - Job 105: Subtask run_main_script
[2024-09-01 19:11:07,521] {task_command.py:371} INFO - Running <TaskInstance: exchange_rates_dag.run_main_script scheduled__2024-04-10T00:00:00+00:00 [running]> on host 6de2165e2444
[2024-09-01 19:11:08,345] {taskinstance.py:1591} INFO - Exporting the following env vars:
AIRFLOW_CTX_DAG_OWNER=***
AIRFLOW_CTX_DAG_ID=exchange_rates_dag
AIRFLOW_CTX_TASK_ID=run_main_script
AIRFLOW_CTX_EXECUTION_DATE=2024-04-10T00:00:00+00:00
AIRFLOW_CTX_TRY_NUMBER=1
AIRFLOW_CTX_DAG_RUN_ID=scheduled__2024-04-10T00:00:00+00:00
[2024-09-01 19:11:28,929] {python.py:173} INFO - Done. Returned value was: None
[2024-09-01 19:11:30,469] {taskinstance.py:1420} INFO - Marking task as SUCCESS. dag_id=exchange_rates_dag, task_id=run_main_script, execution_date=20240410T000000, start_date=20240901T191106, end_date=20240901T191130
[2024-09-01 19:11:30,911] {local_task_job.py:156} INFO - Task exited with return code 0
[2024-09-01 19:11:31,394] {local_task_job.py:273} INFO - 0 downstream tasks scheduled from follow-on schedule check
