[2024-09-08T16:06:52.960+0000] {local_task_job_runner.py:123} INFO - ::group::Pre task execution logs
[2024-09-08T16:06:53.052+0000] {taskinstance.py:2612} INFO - Dependencies all met for dep_context=non-requeueable deps ti=<TaskInstance: exchange_rates_dag.run_main_script scheduled__2024-01-27T00:00:00+00:00 [queued]>
[2024-09-08T16:06:53.119+0000] {taskinstance.py:2612} INFO - Dependencies all met for dep_context=requeueable deps ti=<TaskInstance: exchange_rates_dag.run_main_script scheduled__2024-01-27T00:00:00+00:00 [queued]>
[2024-09-08T16:06:53.131+0000] {taskinstance.py:2865} INFO - Starting attempt 1 of 2
[2024-09-08T16:06:53.493+0000] {taskinstance.py:2888} INFO - Executing <Task(PythonOperator): run_main_script> on 2024-01-27 00:00:00+00:00
[2024-09-08T16:06:53.546+0000] {logging_mixin.py:190} WARNING - /home/***/.local/lib/python3.12/site-packages/***/task/task_runner/standard_task_runner.py:70 DeprecationWarning: This process (pid=274) is multi-threaded, use of fork() may lead to deadlocks in the child.
[2024-09-08T16:06:53.556+0000] {standard_task_runner.py:72} INFO - Started process 280 to run task
[2024-09-08T16:06:53.546+0000] {standard_task_runner.py:104} INFO - Running: ['***', 'tasks', 'run', 'exchange_rates_dag', 'run_main_script', 'scheduled__2024-01-27T00:00:00+00:00', '--job-id', '45', '--raw', '--subdir', 'DAGS_FOLDER/exchange_rates_dag.py', '--cfg-path', '/tmp/tmppezng84f']
[2024-09-08T16:06:53.573+0000] {standard_task_runner.py:105} INFO - Job 45: Subtask run_main_script
[2024-09-08T16:06:53.856+0000] {task_command.py:467} INFO - Running <TaskInstance: exchange_rates_dag.run_main_script scheduled__2024-01-27T00:00:00+00:00 [running]> on host bd0133ae5e03
[2024-09-08T16:06:54.733+0000] {taskinstance.py:3131} INFO - Exporting env vars: AIRFLOW_CTX_DAG_OWNER='***' AIRFLOW_CTX_DAG_ID='exchange_rates_dag' AIRFLOW_CTX_TASK_ID='run_main_script' AIRFLOW_CTX_EXECUTION_DATE='2024-01-27T00:00:00+00:00' AIRFLOW_CTX_TRY_NUMBER='1' AIRFLOW_CTX_DAG_RUN_ID='scheduled__2024-01-27T00:00:00+00:00'
[2024-09-08T16:06:54.743+0000] {taskinstance.py:731} INFO - ::endgroup::
[2024-09-08T16:08:15.405+0000] {python.py:240} INFO - Done. Returned value was: None
[2024-09-08T16:08:15.420+0000] {taskinstance.py:340} INFO - ::group::Post task execution logs
[2024-09-08T16:08:15.423+0000] {taskinstance.py:352} INFO - Marking task as SUCCESS. dag_id=exchange_rates_dag, task_id=run_main_script, run_id=scheduled__2024-01-27T00:00:00+00:00, execution_date=20240127T000000, start_date=20240908T160653, end_date=20240908T160815
[2024-09-08T16:08:15.449+0000] {local_task_job_runner.py:266} INFO - Task exited with return code 0
[2024-09-08T16:08:15.479+0000] {taskinstance.py:3900} INFO - 0 downstream tasks scheduled from follow-on schedule check
[2024-09-08T16:08:15.485+0000] {local_task_job_runner.py:245} INFO - ::endgroup::
[2024-09-15T05:37:39.091+0000] {local_task_job_runner.py:123} INFO - ::group::Pre task execution logs
[2024-09-15T05:37:39.395+0000] {taskinstance.py:2612} INFO - Dependencies all met for dep_context=non-requeueable deps ti=<TaskInstance: exchange_rates_dag.run_main_script scheduled__2024-01-27T00:00:00+00:00 [queued]>
[2024-09-15T05:37:39.624+0000] {taskinstance.py:2612} INFO - Dependencies all met for dep_context=requeueable deps ti=<TaskInstance: exchange_rates_dag.run_main_script scheduled__2024-01-27T00:00:00+00:00 [queued]>
[2024-09-15T05:37:39.644+0000] {taskinstance.py:2865} INFO - Starting attempt 1 of 2
[2024-09-15T05:37:39.934+0000] {taskinstance.py:2888} INFO - Executing <Task(PythonOperator): run_main_script> on 2024-01-27 00:00:00+00:00
[2024-09-15T05:37:40.086+0000] {logging_mixin.py:190} WARNING - /home/***/.local/lib/python3.12/site-packages/***/task/task_runner/standard_task_runner.py:70 DeprecationWarning: This process (pid=261) is multi-threaded, use of fork() may lead to deadlocks in the child.
[2024-09-15T05:37:40.117+0000] {standard_task_runner.py:72} INFO - Started process 270 to run task
[2024-09-15T05:37:40.057+0000] {standard_task_runner.py:104} INFO - Running: ['***', 'tasks', 'run', 'exchange_rates_dag', 'run_main_script', 'scheduled__2024-01-27T00:00:00+00:00', '--job-id', '63', '--raw', '--subdir', 'DAGS_FOLDER/exchange_rates_dag.py', '--cfg-path', '/tmp/tmpsctg3now']
[2024-09-15T05:37:40.131+0000] {standard_task_runner.py:105} INFO - Job 63: Subtask run_main_script
[2024-09-15T05:37:41.054+0000] {task_command.py:467} INFO - Running <TaskInstance: exchange_rates_dag.run_main_script scheduled__2024-01-27T00:00:00+00:00 [running]> on host ed6b7035df5d
[2024-09-15T05:37:42.694+0000] {taskinstance.py:3131} INFO - Exporting env vars: AIRFLOW_CTX_DAG_EMAIL='***docker@gmail.com' AIRFLOW_CTX_DAG_OWNER='***' AIRFLOW_CTX_DAG_ID='exchange_rates_dag' AIRFLOW_CTX_TASK_ID='run_main_script' AIRFLOW_CTX_EXECUTION_DATE='2024-01-27T00:00:00+00:00' AIRFLOW_CTX_TRY_NUMBER='1' AIRFLOW_CTX_DAG_RUN_ID='scheduled__2024-01-27T00:00:00+00:00'
[2024-09-15T05:37:42.711+0000] {taskinstance.py:731} INFO - ::endgroup::
[2024-09-15T05:39:24.908+0000] {python.py:240} INFO - Done. Returned value was: None
[2024-09-15T05:39:24.941+0000] {taskinstance.py:340} INFO - ::group::Post task execution logs
[2024-09-15T05:39:24.946+0000] {taskinstance.py:352} INFO - Marking task as SUCCESS. dag_id=exchange_rates_dag, task_id=run_main_script, run_id=scheduled__2024-01-27T00:00:00+00:00, execution_date=20240127T000000, start_date=20240915T053739, end_date=20240915T053924
[2024-09-15T05:39:25.091+0000] {local_task_job_runner.py:266} INFO - Task exited with return code 0
[2024-09-15T05:39:25.142+0000] {standard_task_runner.py:217} INFO - Process not found (most likely exited), stop collecting metrics
[2024-09-15T05:39:25.157+0000] {taskinstance.py:3900} INFO - 1 downstream tasks scheduled from follow-on schedule check
[2024-09-15T05:39:25.170+0000] {local_task_job_runner.py:245} INFO - ::endgroup::
