[2024-09-01 19:11:49,544] {taskinstance.py:1179} INFO - Dependencies all met for <TaskInstance: exchange_rates_dag.run_main_script scheduled__2024-04-28T00:00:00+00:00 [queued]>
[2024-09-01 19:11:49,669] {taskinstance.py:1179} INFO - Dependencies all met for <TaskInstance: exchange_rates_dag.run_main_script scheduled__2024-04-28T00:00:00+00:00 [queued]>
[2024-09-01 19:11:49,679] {taskinstance.py:1376} INFO - 
--------------------------------------------------------------------------------
[2024-09-01 19:11:49,682] {taskinstance.py:1377} INFO - Starting attempt 1 of 2
[2024-09-01 19:11:49,684] {taskinstance.py:1378} INFO - 
--------------------------------------------------------------------------------
[2024-09-01 19:11:49,866] {taskinstance.py:1397} INFO - Executing <Task(PythonOperator): run_main_script> on 2024-04-28 00:00:00+00:00
[2024-09-01 19:11:49,922] {standard_task_runner.py:52} INFO - Started process 1026 to run task
[2024-09-01 19:11:49,971] {standard_task_runner.py:79} INFO - Running: ['***', 'tasks', 'run', 'exchange_rates_dag', 'run_main_script', 'scheduled__2024-04-28T00:00:00+00:00', '--job-id', '123', '--raw', '--subdir', 'DAGS_FOLDER/exchange_rates_dag.py', '--cfg-path', '/tmp/tmpk29mmedc', '--error-file', '/tmp/tmpqe6ivggf']
[2024-09-01 19:11:49,992] {standard_task_runner.py:80} INFO - Job 123: Subtask run_main_script
[2024-09-01 19:11:50,804] {task_command.py:371} INFO - Running <TaskInstance: exchange_rates_dag.run_main_script scheduled__2024-04-28T00:00:00+00:00 [running]> on host 6de2165e2444
[2024-09-01 19:11:51,712] {taskinstance.py:1591} INFO - Exporting the following env vars:
AIRFLOW_CTX_DAG_OWNER=***
AIRFLOW_CTX_DAG_ID=exchange_rates_dag
AIRFLOW_CTX_TASK_ID=run_main_script
AIRFLOW_CTX_EXECUTION_DATE=2024-04-28T00:00:00+00:00
AIRFLOW_CTX_TRY_NUMBER=1
AIRFLOW_CTX_DAG_RUN_ID=scheduled__2024-04-28T00:00:00+00:00
[2024-09-01 19:12:12,515] {python.py:173} INFO - Done. Returned value was: None
[2024-09-01 19:12:13,146] {taskinstance.py:1420} INFO - Marking task as SUCCESS. dag_id=exchange_rates_dag, task_id=run_main_script, execution_date=20240428T000000, start_date=20240901T191149, end_date=20240901T191213
[2024-09-01 19:12:13,440] {local_task_job.py:156} INFO - Task exited with return code 0
[2024-09-01 19:12:13,731] {local_task_job.py:273} INFO - 0 downstream tasks scheduled from follow-on schedule check
