[2024-09-01 19:18:09,356] {taskinstance.py:1179} INFO - Dependencies all met for <TaskInstance: exchange_rates_dag.run_main_script scheduled__2024-08-01T00:00:00+00:00 [queued]>
[2024-09-01 19:18:09,445] {taskinstance.py:1179} INFO - Dependencies all met for <TaskInstance: exchange_rates_dag.run_main_script scheduled__2024-08-01T00:00:00+00:00 [queued]>
[2024-09-01 19:18:09,451] {taskinstance.py:1376} INFO - 
--------------------------------------------------------------------------------
[2024-09-01 19:18:09,455] {taskinstance.py:1377} INFO - Starting attempt 1 of 2
[2024-09-01 19:18:09,463] {taskinstance.py:1378} INFO - 
--------------------------------------------------------------------------------
[2024-09-01 19:18:09,777] {taskinstance.py:1397} INFO - Executing <Task(PythonOperator): run_main_script> on 2024-08-01 00:00:00+00:00
[2024-09-01 19:18:09,815] {standard_task_runner.py:52} INFO - Started process 521 to run task
[2024-09-01 19:18:09,848] {standard_task_runner.py:79} INFO - Running: ['***', 'tasks', 'run', 'exchange_rates_dag', 'run_main_script', 'scheduled__2024-08-01T00:00:00+00:00', '--job-id', '219', '--raw', '--subdir', 'DAGS_FOLDER/exchange_rates_dag.py', '--cfg-path', '/tmp/tmpevst6irk', '--error-file', '/tmp/tmp1jj7qflk']
[2024-09-01 19:18:09,862] {standard_task_runner.py:80} INFO - Job 219: Subtask run_main_script
[2024-09-01 19:18:10,467] {task_command.py:371} INFO - Running <TaskInstance: exchange_rates_dag.run_main_script scheduled__2024-08-01T00:00:00+00:00 [running]> on host 6de2165e2444
[2024-09-01 19:18:11,120] {taskinstance.py:1591} INFO - Exporting the following env vars:
AIRFLOW_CTX_DAG_OWNER=***
AIRFLOW_CTX_DAG_ID=exchange_rates_dag
AIRFLOW_CTX_TASK_ID=run_main_script
AIRFLOW_CTX_EXECUTION_DATE=2024-08-01T00:00:00+00:00
AIRFLOW_CTX_TRY_NUMBER=1
AIRFLOW_CTX_DAG_RUN_ID=scheduled__2024-08-01T00:00:00+00:00
[2024-09-01 19:18:17,707] {python.py:173} INFO - Done. Returned value was: None
[2024-09-01 19:18:17,729] {taskinstance.py:1420} INFO - Marking task as SUCCESS. dag_id=exchange_rates_dag, task_id=run_main_script, execution_date=20240801T000000, start_date=20240901T191809, end_date=20240901T191817
[2024-09-01 19:18:17,790] {local_task_job.py:156} INFO - Task exited with return code 0
[2024-09-01 19:18:17,825] {local_task_job.py:273} INFO - 0 downstream tasks scheduled from follow-on schedule check
[2024-09-15T06:00:12.096+0000] {local_task_job_runner.py:123} INFO - ::group::Pre task execution logs
[2024-09-15T06:00:12.156+0000] {taskinstance.py:2612} INFO - Dependencies all met for dep_context=non-requeueable deps ti=<TaskInstance: exchange_rates_dag.run_main_script scheduled__2024-08-01T00:00:00+00:00 [queued]>
[2024-09-15T06:00:12.187+0000] {taskinstance.py:2612} INFO - Dependencies all met for dep_context=requeueable deps ti=<TaskInstance: exchange_rates_dag.run_main_script scheduled__2024-08-01T00:00:00+00:00 [queued]>
[2024-09-15T06:00:12.191+0000] {taskinstance.py:2865} INFO - Starting attempt 1 of 2
[2024-09-15T06:00:12.239+0000] {taskinstance.py:2888} INFO - Executing <Task(PythonOperator): run_main_script> on 2024-08-01 00:00:00+00:00
[2024-09-15T06:00:12.278+0000] {logging_mixin.py:190} WARNING - /home/***/.local/lib/python3.12/site-packages/***/task/task_runner/standard_task_runner.py:70 DeprecationWarning: This process (pid=165) is multi-threaded, use of fork() may lead to deadlocks in the child.
[2024-09-15T06:00:12.290+0000] {standard_task_runner.py:72} INFO - Started process 166 to run task
[2024-09-15T06:00:12.276+0000] {standard_task_runner.py:104} INFO - Running: ['***', 'tasks', 'run', 'exchange_rates_dag', 'run_main_script', 'scheduled__2024-08-01T00:00:00+00:00', '--job-id', '204', '--raw', '--subdir', 'DAGS_FOLDER/exchange_rates_dag.py', '--cfg-path', '/tmp/tmpd7uhgwbc']
[2024-09-15T06:00:12.295+0000] {standard_task_runner.py:105} INFO - Job 204: Subtask run_main_script
[2024-09-15T06:00:12.461+0000] {task_command.py:467} INFO - Running <TaskInstance: exchange_rates_dag.run_main_script scheduled__2024-08-01T00:00:00+00:00 [running]> on host ed6b7035df5d
[2024-09-15T06:00:12.776+0000] {taskinstance.py:3131} INFO - Exporting env vars: AIRFLOW_CTX_DAG_EMAIL='***docker@gmail.com' AIRFLOW_CTX_DAG_OWNER='***' AIRFLOW_CTX_DAG_ID='exchange_rates_dag' AIRFLOW_CTX_TASK_ID='run_main_script' AIRFLOW_CTX_EXECUTION_DATE='2024-08-01T00:00:00+00:00' AIRFLOW_CTX_TRY_NUMBER='1' AIRFLOW_CTX_DAG_RUN_ID='scheduled__2024-08-01T00:00:00+00:00'
[2024-09-15T06:00:12.784+0000] {taskinstance.py:731} INFO - ::endgroup::
[2024-09-15T06:00:32.590+0000] {python.py:240} INFO - Done. Returned value was: None
[2024-09-15T06:00:32.698+0000] {taskinstance.py:340} INFO - ::group::Post task execution logs
[2024-09-15T06:00:32.731+0000] {taskinstance.py:352} INFO - Marking task as SUCCESS. dag_id=exchange_rates_dag, task_id=run_main_script, run_id=scheduled__2024-08-01T00:00:00+00:00, execution_date=20240801T000000, start_date=20240915T060012, end_date=20240915T060032
[2024-09-15T06:00:33.126+0000] {local_task_job_runner.py:266} INFO - Task exited with return code 0
[2024-09-15T06:00:33.749+0000] {taskinstance.py:3900} INFO - 1 downstream tasks scheduled from follow-on schedule check
[2024-09-15T06:00:33.899+0000] {local_task_job_runner.py:245} INFO - ::endgroup::
