[2024-09-08T16:09:30.845+0000] {local_task_job_runner.py:123} INFO - ::group::Pre task execution logs
[2024-09-08T16:09:30.988+0000] {taskinstance.py:2612} INFO - Dependencies all met for dep_context=non-requeueable deps ti=<TaskInstance: exchange_rates_dag.run_main_script scheduled__2024-02-20T00:00:00+00:00 [queued]>
[2024-09-08T16:09:31.102+0000] {taskinstance.py:2612} INFO - Dependencies all met for dep_context=requeueable deps ti=<TaskInstance: exchange_rates_dag.run_main_script scheduled__2024-02-20T00:00:00+00:00 [queued]>
[2024-09-08T16:09:31.122+0000] {taskinstance.py:2865} INFO - Starting attempt 1 of 2
[2024-09-08T16:09:31.283+0000] {taskinstance.py:2888} INFO - Executing <Task(PythonOperator): run_main_script> on 2024-02-20 00:00:00+00:00
[2024-09-08T16:09:31.384+0000] {logging_mixin.py:190} WARNING - /home/***/.local/lib/python3.12/site-packages/***/task/task_runner/standard_task_runner.py:70 DeprecationWarning: This process (pid=415) is multi-threaded, use of fork() may lead to deadlocks in the child.
[2024-09-08T16:09:31.400+0000] {standard_task_runner.py:72} INFO - Started process 420 to run task
[2024-09-08T16:09:31.380+0000] {standard_task_runner.py:104} INFO - Running: ['***', 'tasks', 'run', 'exchange_rates_dag', 'run_main_script', 'scheduled__2024-02-20T00:00:00+00:00', '--job-id', '69', '--raw', '--subdir', 'DAGS_FOLDER/exchange_rates_dag.py', '--cfg-path', '/tmp/tmpjql7t92q']
[2024-09-08T16:09:31.425+0000] {standard_task_runner.py:105} INFO - Job 69: Subtask run_main_script
[2024-09-08T16:09:31.924+0000] {task_command.py:467} INFO - Running <TaskInstance: exchange_rates_dag.run_main_script scheduled__2024-02-20T00:00:00+00:00 [running]> on host bd0133ae5e03
[2024-09-08T16:09:32.968+0000] {taskinstance.py:3131} INFO - Exporting env vars: AIRFLOW_CTX_DAG_OWNER='***' AIRFLOW_CTX_DAG_ID='exchange_rates_dag' AIRFLOW_CTX_TASK_ID='run_main_script' AIRFLOW_CTX_EXECUTION_DATE='2024-02-20T00:00:00+00:00' AIRFLOW_CTX_TRY_NUMBER='1' AIRFLOW_CTX_DAG_RUN_ID='scheduled__2024-02-20T00:00:00+00:00'
[2024-09-08T16:09:32.990+0000] {taskinstance.py:731} INFO - ::endgroup::
[2024-09-15T05:53:02.765+0000] {local_task_job_runner.py:123} INFO - ::group::Pre task execution logs
[2024-09-15T05:53:02.904+0000] {taskinstance.py:2612} INFO - Dependencies all met for dep_context=non-requeueable deps ti=<TaskInstance: exchange_rates_dag.run_main_script scheduled__2024-02-20T00:00:00+00:00 [queued]>
[2024-09-15T05:53:02.963+0000] {taskinstance.py:2612} INFO - Dependencies all met for dep_context=requeueable deps ti=<TaskInstance: exchange_rates_dag.run_main_script scheduled__2024-02-20T00:00:00+00:00 [queued]>
[2024-09-15T05:53:02.973+0000] {taskinstance.py:2865} INFO - Starting attempt 1 of 2
[2024-09-15T05:53:03.570+0000] {taskinstance.py:2888} INFO - Executing <Task(PythonOperator): run_main_script> on 2024-02-20 00:00:00+00:00
[2024-09-15T05:53:03.647+0000] {logging_mixin.py:190} WARNING - /home/***/.local/lib/python3.12/site-packages/***/task/task_runner/standard_task_runner.py:70 DeprecationWarning: This process (pid=466) is multi-threaded, use of fork() may lead to deadlocks in the child.
[2024-09-15T05:53:03.662+0000] {standard_task_runner.py:72} INFO - Started process 472 to run task
[2024-09-15T05:53:03.653+0000] {standard_task_runner.py:104} INFO - Running: ['***', 'tasks', 'run', 'exchange_rates_dag', 'run_main_script', 'scheduled__2024-02-20T00:00:00+00:00', '--job-id', '151', '--raw', '--subdir', 'DAGS_FOLDER/exchange_rates_dag.py', '--cfg-path', '/tmp/tmpge2x3ybm']
[2024-09-15T05:53:03.677+0000] {standard_task_runner.py:105} INFO - Job 151: Subtask run_main_script
[2024-09-15T05:53:03.952+0000] {task_command.py:467} INFO - Running <TaskInstance: exchange_rates_dag.run_main_script scheduled__2024-02-20T00:00:00+00:00 [running]> on host ed6b7035df5d
[2024-09-15T05:53:04.641+0000] {taskinstance.py:3131} INFO - Exporting env vars: AIRFLOW_CTX_DAG_EMAIL='***docker@gmail.com' AIRFLOW_CTX_DAG_OWNER='***' AIRFLOW_CTX_DAG_ID='exchange_rates_dag' AIRFLOW_CTX_TASK_ID='run_main_script' AIRFLOW_CTX_EXECUTION_DATE='2024-02-20T00:00:00+00:00' AIRFLOW_CTX_TRY_NUMBER='1' AIRFLOW_CTX_DAG_RUN_ID='scheduled__2024-02-20T00:00:00+00:00'
[2024-09-15T05:53:04.687+0000] {taskinstance.py:731} INFO - ::endgroup::
[2024-09-15T05:53:45.460+0000] {python.py:240} INFO - Done. Returned value was: None
[2024-09-15T05:53:45.577+0000] {taskinstance.py:340} INFO - ::group::Post task execution logs
[2024-09-15T05:53:45.583+0000] {taskinstance.py:352} INFO - Marking task as SUCCESS. dag_id=exchange_rates_dag, task_id=run_main_script, run_id=scheduled__2024-02-20T00:00:00+00:00, execution_date=20240220T000000, start_date=20240915T055302, end_date=20240915T055345
[2024-09-15T05:53:45.681+0000] {local_task_job_runner.py:266} INFO - Task exited with return code 0
[2024-09-15T05:53:46.041+0000] {taskinstance.py:3900} INFO - 1 downstream tasks scheduled from follow-on schedule check
[2024-09-15T05:53:46.070+0000] {local_task_job_runner.py:245} INFO - ::endgroup::
