[2024-09-01 19:18:06,116] {taskinstance.py:1179} INFO - Dependencies all met for <TaskInstance: exchange_rates_dag.run_main_script scheduled__2024-07-29T00:00:00+00:00 [queued]>
[2024-09-01 19:18:06,170] {taskinstance.py:1179} INFO - Dependencies all met for <TaskInstance: exchange_rates_dag.run_main_script scheduled__2024-07-29T00:00:00+00:00 [queued]>
[2024-09-01 19:18:06,177] {taskinstance.py:1376} INFO - 
--------------------------------------------------------------------------------
[2024-09-01 19:18:06,180] {taskinstance.py:1377} INFO - Starting attempt 1 of 2
[2024-09-01 19:18:06,182] {taskinstance.py:1378} INFO - 
--------------------------------------------------------------------------------
[2024-09-01 19:18:06,253] {taskinstance.py:1397} INFO - Executing <Task(PythonOperator): run_main_script> on 2024-07-29 00:00:00+00:00
[2024-09-01 19:18:06,274] {standard_task_runner.py:52} INFO - Started process 507 to run task
[2024-09-01 19:18:06,294] {standard_task_runner.py:79} INFO - Running: ['***', 'tasks', 'run', 'exchange_rates_dag', 'run_main_script', 'scheduled__2024-07-29T00:00:00+00:00', '--job-id', '216', '--raw', '--subdir', 'DAGS_FOLDER/exchange_rates_dag.py', '--cfg-path', '/tmp/tmpw2blhiw4', '--error-file', '/tmp/tmp2cyudiac']
[2024-09-01 19:18:06,310] {standard_task_runner.py:80} INFO - Job 216: Subtask run_main_script
[2024-09-01 19:18:06,682] {task_command.py:371} INFO - Running <TaskInstance: exchange_rates_dag.run_main_script scheduled__2024-07-29T00:00:00+00:00 [running]> on host 6de2165e2444
[2024-09-01 19:18:07,146] {taskinstance.py:1591} INFO - Exporting the following env vars:
AIRFLOW_CTX_DAG_OWNER=***
AIRFLOW_CTX_DAG_ID=exchange_rates_dag
AIRFLOW_CTX_TASK_ID=run_main_script
AIRFLOW_CTX_EXECUTION_DATE=2024-07-29T00:00:00+00:00
AIRFLOW_CTX_TRY_NUMBER=1
AIRFLOW_CTX_DAG_RUN_ID=scheduled__2024-07-29T00:00:00+00:00
[2024-09-01 19:18:15,801] {python.py:173} INFO - Done. Returned value was: None
[2024-09-01 19:18:15,898] {taskinstance.py:1420} INFO - Marking task as SUCCESS. dag_id=exchange_rates_dag, task_id=run_main_script, execution_date=20240729T000000, start_date=20240901T191806, end_date=20240901T191815
[2024-09-01 19:18:15,999] {local_task_job.py:156} INFO - Task exited with return code 0
[2024-09-01 19:18:16,173] {local_task_job.py:273} INFO - 0 downstream tasks scheduled from follow-on schedule check
