[2024-09-01 19:18:46,042] {taskinstance.py:1179} INFO - Dependencies all met for <TaskInstance: exchange_rates_dag.run_main_script scheduled__2024-06-09T00:00:00+00:00 [queued]>
[2024-09-01 19:18:46,374] {taskinstance.py:1179} INFO - Dependencies all met for <TaskInstance: exchange_rates_dag.run_main_script scheduled__2024-06-09T00:00:00+00:00 [queued]>
[2024-09-01 19:18:46,383] {taskinstance.py:1376} INFO - 
--------------------------------------------------------------------------------
[2024-09-01 19:18:46,386] {taskinstance.py:1377} INFO - Starting attempt 2 of 2
[2024-09-01 19:18:46,396] {taskinstance.py:1378} INFO - 
--------------------------------------------------------------------------------
[2024-09-01 19:18:46,695] {taskinstance.py:1397} INFO - Executing <Task(PythonOperator): run_main_script> on 2024-06-09 00:00:00+00:00
[2024-09-01 19:18:46,771] {standard_task_runner.py:52} INFO - Started process 634 to run task
[2024-09-01 19:18:46,852] {standard_task_runner.py:79} INFO - Running: ['***', 'tasks', 'run', 'exchange_rates_dag', 'run_main_script', 'scheduled__2024-06-09T00:00:00+00:00', '--job-id', '234', '--raw', '--subdir', 'DAGS_FOLDER/exchange_rates_dag.py', '--cfg-path', '/tmp/tmpik8ipmnx', '--error-file', '/tmp/tmpk7ps9lh7']
[2024-09-01 19:18:46,905] {standard_task_runner.py:80} INFO - Job 234: Subtask run_main_script
[2024-09-01 19:18:48,075] {task_command.py:371} INFO - Running <TaskInstance: exchange_rates_dag.run_main_script scheduled__2024-06-09T00:00:00+00:00 [running]> on host 6de2165e2444
[2024-09-01 19:18:49,466] {taskinstance.py:1591} INFO - Exporting the following env vars:
AIRFLOW_CTX_DAG_OWNER=***
AIRFLOW_CTX_DAG_ID=exchange_rates_dag
AIRFLOW_CTX_TASK_ID=run_main_script
AIRFLOW_CTX_EXECUTION_DATE=2024-06-09T00:00:00+00:00
AIRFLOW_CTX_TRY_NUMBER=2
AIRFLOW_CTX_DAG_RUN_ID=scheduled__2024-06-09T00:00:00+00:00
[2024-09-01 19:19:15,316] {python.py:173} INFO - Done. Returned value was: None
[2024-09-01 19:19:15,530] {taskinstance.py:1420} INFO - Marking task as SUCCESS. dag_id=exchange_rates_dag, task_id=run_main_script, execution_date=20240609T000000, start_date=20240901T191846, end_date=20240901T191915
[2024-09-01 19:19:16,014] {local_task_job.py:156} INFO - Task exited with return code 0
[2024-09-01 19:19:16,589] {local_task_job.py:273} INFO - 0 downstream tasks scheduled from follow-on schedule check
