[2024-09-01 19:09:59,445] {taskinstance.py:1179} INFO - Dependencies all met for <TaskInstance: exchange_rates_dag.run_main_script manual__2024-09-01T19:09:52.052154+00:00 [queued]>
[2024-09-01 19:09:59,685] {taskinstance.py:1179} INFO - Dependencies all met for <TaskInstance: exchange_rates_dag.run_main_script manual__2024-09-01T19:09:52.052154+00:00 [queued]>
[2024-09-01 19:09:59,695] {taskinstance.py:1376} INFO - 
--------------------------------------------------------------------------------
[2024-09-01 19:09:59,701] {taskinstance.py:1377} INFO - Starting attempt 1 of 2
[2024-09-01 19:09:59,705] {taskinstance.py:1378} INFO - 
--------------------------------------------------------------------------------
[2024-09-01 19:10:00,019] {taskinstance.py:1397} INFO - Executing <Task(PythonOperator): run_main_script> on 2024-09-01 19:09:52.052154+00:00
[2024-09-01 19:10:00,104] {standard_task_runner.py:52} INFO - Started process 709 to run task
[2024-09-01 19:10:00,160] {standard_task_runner.py:79} INFO - Running: ['***', 'tasks', 'run', 'exchange_rates_dag', 'run_main_script', 'manual__2024-09-01T19:09:52.052154+00:00', '--job-id', '79', '--raw', '--subdir', 'DAGS_FOLDER/exchange_rates_dag.py', '--cfg-path', '/tmp/tmp571_5y6x', '--error-file', '/tmp/tmpnlqodece']
[2024-09-01 19:10:00,205] {standard_task_runner.py:80} INFO - Job 79: Subtask run_main_script
[2024-09-01 19:10:01,438] {task_command.py:371} INFO - Running <TaskInstance: exchange_rates_dag.run_main_script manual__2024-09-01T19:09:52.052154+00:00 [running]> on host 6de2165e2444
[2024-09-01 19:10:02,973] {taskinstance.py:1591} INFO - Exporting the following env vars:
AIRFLOW_CTX_DAG_OWNER=***
AIRFLOW_CTX_DAG_ID=exchange_rates_dag
AIRFLOW_CTX_TASK_ID=run_main_script
AIRFLOW_CTX_EXECUTION_DATE=2024-09-01T19:09:52.052154+00:00
AIRFLOW_CTX_TRY_NUMBER=1
AIRFLOW_CTX_DAG_RUN_ID=manual__2024-09-01T19:09:52.052154+00:00
[2024-09-01 19:10:20,317] {python.py:173} INFO - Done. Returned value was: None
[2024-09-01 19:10:20,417] {taskinstance.py:1420} INFO - Marking task as SUCCESS. dag_id=exchange_rates_dag, task_id=run_main_script, execution_date=20240901T190952, start_date=20240901T190959, end_date=20240901T191020
[2024-09-01 19:10:20,513] {local_task_job.py:156} INFO - Task exited with return code 0
[2024-09-01 19:10:20,629] {local_task_job.py:273} INFO - 0 downstream tasks scheduled from follow-on schedule check
