[2024-09-01 19:19:28,289] {taskinstance.py:1179} INFO - Dependencies all met for <TaskInstance: exchange_rates_dag.run_main_script scheduled__2024-08-24T00:00:00+00:00 [queued]>
[2024-09-01 19:19:28,491] {taskinstance.py:1179} INFO - Dependencies all met for <TaskInstance: exchange_rates_dag.run_main_script scheduled__2024-08-24T00:00:00+00:00 [queued]>
[2024-09-01 19:19:28,505] {taskinstance.py:1376} INFO - 
--------------------------------------------------------------------------------
[2024-09-01 19:19:28,508] {taskinstance.py:1377} INFO - Starting attempt 1 of 2
[2024-09-01 19:19:28,515] {taskinstance.py:1378} INFO - 
--------------------------------------------------------------------------------
[2024-09-01 19:19:28,770] {taskinstance.py:1397} INFO - Executing <Task(PythonOperator): run_main_script> on 2024-08-24 00:00:00+00:00
[2024-09-01 19:19:28,837] {standard_task_runner.py:52} INFO - Started process 752 to run task
[2024-09-01 19:19:28,896] {standard_task_runner.py:79} INFO - Running: ['***', 'tasks', 'run', 'exchange_rates_dag', 'run_main_script', 'scheduled__2024-08-24T00:00:00+00:00', '--job-id', '253', '--raw', '--subdir', 'DAGS_FOLDER/exchange_rates_dag.py', '--cfg-path', '/tmp/tmpmgqog5w7', '--error-file', '/tmp/tmpfnrbn1po']
[2024-09-01 19:19:28,936] {standard_task_runner.py:80} INFO - Job 253: Subtask run_main_script
[2024-09-01 19:19:29,894] {task_command.py:371} INFO - Running <TaskInstance: exchange_rates_dag.run_main_script scheduled__2024-08-24T00:00:00+00:00 [running]> on host 6de2165e2444
[2024-09-01 19:19:30,978] {taskinstance.py:1591} INFO - Exporting the following env vars:
AIRFLOW_CTX_DAG_OWNER=***
AIRFLOW_CTX_DAG_ID=exchange_rates_dag
AIRFLOW_CTX_TASK_ID=run_main_script
AIRFLOW_CTX_EXECUTION_DATE=2024-08-24T00:00:00+00:00
AIRFLOW_CTX_TRY_NUMBER=1
AIRFLOW_CTX_DAG_RUN_ID=scheduled__2024-08-24T00:00:00+00:00
[2024-09-01 19:19:54,758] {python.py:173} INFO - Done. Returned value was: None
[2024-09-01 19:19:54,901] {taskinstance.py:1420} INFO - Marking task as SUCCESS. dag_id=exchange_rates_dag, task_id=run_main_script, execution_date=20240824T000000, start_date=20240901T191928, end_date=20240901T191954
[2024-09-01 19:19:55,028] {local_task_job.py:156} INFO - Task exited with return code 0
[2024-09-01 19:19:55,260] {local_task_job.py:273} INFO - 0 downstream tasks scheduled from follow-on schedule check
