[2024-09-01 19:18:45,986] {taskinstance.py:1179} INFO - Dependencies all met for <TaskInstance: exchange_rates_dag.run_main_script scheduled__2024-06-06T00:00:00+00:00 [queued]>
[2024-09-01 19:18:46,291] {taskinstance.py:1179} INFO - Dependencies all met for <TaskInstance: exchange_rates_dag.run_main_script scheduled__2024-06-06T00:00:00+00:00 [queued]>
[2024-09-01 19:18:46,301] {taskinstance.py:1376} INFO - 
--------------------------------------------------------------------------------
[2024-09-01 19:18:46,303] {taskinstance.py:1377} INFO - Starting attempt 2 of 2
[2024-09-01 19:18:46,304] {taskinstance.py:1378} INFO - 
--------------------------------------------------------------------------------
[2024-09-01 19:18:46,596] {taskinstance.py:1397} INFO - Executing <Task(PythonOperator): run_main_script> on 2024-06-06 00:00:00+00:00
[2024-09-01 19:18:46,674] {standard_task_runner.py:52} INFO - Started process 629 to run task
[2024-09-01 19:18:46,735] {standard_task_runner.py:79} INFO - Running: ['***', 'tasks', 'run', 'exchange_rates_dag', 'run_main_script', 'scheduled__2024-06-06T00:00:00+00:00', '--job-id', '238', '--raw', '--subdir', 'DAGS_FOLDER/exchange_rates_dag.py', '--cfg-path', '/tmp/tmp9u9i7uq_', '--error-file', '/tmp/tmpp1jsu_l5']
[2024-09-01 19:18:46,789] {standard_task_runner.py:80} INFO - Job 238: Subtask run_main_script
[2024-09-01 19:18:47,997] {task_command.py:371} INFO - Running <TaskInstance: exchange_rates_dag.run_main_script scheduled__2024-06-06T00:00:00+00:00 [running]> on host 6de2165e2444
[2024-09-01 19:18:49,427] {taskinstance.py:1591} INFO - Exporting the following env vars:
AIRFLOW_CTX_DAG_OWNER=***
AIRFLOW_CTX_DAG_ID=exchange_rates_dag
AIRFLOW_CTX_TASK_ID=run_main_script
AIRFLOW_CTX_EXECUTION_DATE=2024-06-06T00:00:00+00:00
AIRFLOW_CTX_TRY_NUMBER=2
AIRFLOW_CTX_DAG_RUN_ID=scheduled__2024-06-06T00:00:00+00:00
[2024-09-01 19:19:14,297] {python.py:173} INFO - Done. Returned value was: None
[2024-09-01 19:19:15,420] {taskinstance.py:1420} INFO - Marking task as SUCCESS. dag_id=exchange_rates_dag, task_id=run_main_script, execution_date=20240606T000000, start_date=20240901T191845, end_date=20240901T191915
[2024-09-01 19:19:15,802] {local_task_job.py:156} INFO - Task exited with return code 0
[2024-09-01 19:19:16,412] {local_task_job.py:273} INFO - 0 downstream tasks scheduled from follow-on schedule check
