[2024-09-01 19:11:59,128] {taskinstance.py:1179} INFO - Dependencies all met for <TaskInstance: exchange_rates_dag.run_main_script scheduled__2024-05-04T00:00:00+00:00 [queued]>
[2024-09-01 19:11:59,342] {taskinstance.py:1179} INFO - Dependencies all met for <TaskInstance: exchange_rates_dag.run_main_script scheduled__2024-05-04T00:00:00+00:00 [queued]>
[2024-09-01 19:11:59,363] {taskinstance.py:1376} INFO - 
--------------------------------------------------------------------------------
[2024-09-01 19:11:59,367] {taskinstance.py:1377} INFO - Starting attempt 1 of 2
[2024-09-01 19:11:59,371] {taskinstance.py:1378} INFO - 
--------------------------------------------------------------------------------
[2024-09-01 19:11:59,660] {taskinstance.py:1397} INFO - Executing <Task(PythonOperator): run_main_script> on 2024-05-04 00:00:00+00:00
[2024-09-01 19:11:59,728] {standard_task_runner.py:52} INFO - Started process 1060 to run task
[2024-09-01 19:11:59,809] {standard_task_runner.py:79} INFO - Running: ['***', 'tasks', 'run', 'exchange_rates_dag', 'run_main_script', 'scheduled__2024-05-04T00:00:00+00:00', '--job-id', '129', '--raw', '--subdir', 'DAGS_FOLDER/exchange_rates_dag.py', '--cfg-path', '/tmp/tmp1qmzef8s', '--error-file', '/tmp/tmps0crlp4t']
[2024-09-01 19:11:59,850] {standard_task_runner.py:80} INFO - Job 129: Subtask run_main_script
[2024-09-01 19:12:00,947] {task_command.py:371} INFO - Running <TaskInstance: exchange_rates_dag.run_main_script scheduled__2024-05-04T00:00:00+00:00 [running]> on host 6de2165e2444
[2024-09-01 19:12:02,387] {taskinstance.py:1591} INFO - Exporting the following env vars:
AIRFLOW_CTX_DAG_OWNER=***
AIRFLOW_CTX_DAG_ID=exchange_rates_dag
AIRFLOW_CTX_TASK_ID=run_main_script
AIRFLOW_CTX_EXECUTION_DATE=2024-05-04T00:00:00+00:00
AIRFLOW_CTX_TRY_NUMBER=1
AIRFLOW_CTX_DAG_RUN_ID=scheduled__2024-05-04T00:00:00+00:00
[2024-09-01 19:12:21,848] {python.py:173} INFO - Done. Returned value was: None
[2024-09-01 19:12:21,949] {taskinstance.py:1420} INFO - Marking task as SUCCESS. dag_id=exchange_rates_dag, task_id=run_main_script, execution_date=20240504T000000, start_date=20240901T191159, end_date=20240901T191221
[2024-09-01 19:12:22,085] {local_task_job.py:156} INFO - Task exited with return code 0
[2024-09-01 19:12:22,249] {local_task_job.py:273} INFO - 0 downstream tasks scheduled from follow-on schedule check
