[2024-09-08T16:07:53.716+0000] {local_task_job_runner.py:123} INFO - ::group::Pre task execution logs
[2024-09-08T16:07:53.771+0000] {taskinstance.py:2612} INFO - Dependencies all met for dep_context=non-requeueable deps ti=<TaskInstance: exchange_rates_dag.run_main_script scheduled__2024-02-05T00:00:00+00:00 [queued]>
[2024-09-08T16:07:53.800+0000] {taskinstance.py:2612} INFO - Dependencies all met for dep_context=requeueable deps ti=<TaskInstance: exchange_rates_dag.run_main_script scheduled__2024-02-05T00:00:00+00:00 [queued]>
[2024-09-08T16:07:53.804+0000] {taskinstance.py:2865} INFO - Starting attempt 1 of 2
[2024-09-08T16:07:53.859+0000] {taskinstance.py:2888} INFO - Executing <Task(PythonOperator): run_main_script> on 2024-02-05 00:00:00+00:00
[2024-09-08T16:07:53.895+0000] {logging_mixin.py:190} WARNING - /home/***/.local/lib/python3.12/site-packages/***/task/task_runner/standard_task_runner.py:70 DeprecationWarning: This process (pid=329) is multi-threaded, use of fork() may lead to deadlocks in the child.
[2024-09-08T16:07:53.902+0000] {standard_task_runner.py:72} INFO - Started process 335 to run task
[2024-09-08T16:07:53.897+0000] {standard_task_runner.py:104} INFO - Running: ['***', 'tasks', 'run', 'exchange_rates_dag', 'run_main_script', 'scheduled__2024-02-05T00:00:00+00:00', '--job-id', '54', '--raw', '--subdir', 'DAGS_FOLDER/exchange_rates_dag.py', '--cfg-path', '/tmp/tmphianusxc']
[2024-09-08T16:07:53.912+0000] {standard_task_runner.py:105} INFO - Job 54: Subtask run_main_script
[2024-09-08T16:07:54.112+0000] {task_command.py:467} INFO - Running <TaskInstance: exchange_rates_dag.run_main_script scheduled__2024-02-05T00:00:00+00:00 [running]> on host bd0133ae5e03
[2024-09-08T16:07:54.427+0000] {taskinstance.py:3131} INFO - Exporting env vars: AIRFLOW_CTX_DAG_OWNER='***' AIRFLOW_CTX_DAG_ID='exchange_rates_dag' AIRFLOW_CTX_TASK_ID='run_main_script' AIRFLOW_CTX_EXECUTION_DATE='2024-02-05T00:00:00+00:00' AIRFLOW_CTX_TRY_NUMBER='1' AIRFLOW_CTX_DAG_RUN_ID='scheduled__2024-02-05T00:00:00+00:00'
[2024-09-08T16:07:54.433+0000] {taskinstance.py:731} INFO - ::endgroup::
[2024-09-08T16:09:03.523+0000] {python.py:240} INFO - Done. Returned value was: None
[2024-09-08T16:09:03.578+0000] {taskinstance.py:340} INFO - ::group::Post task execution logs
[2024-09-08T16:09:03.584+0000] {taskinstance.py:352} INFO - Marking task as SUCCESS. dag_id=exchange_rates_dag, task_id=run_main_script, run_id=scheduled__2024-02-05T00:00:00+00:00, execution_date=20240205T000000, start_date=20240908T160753, end_date=20240908T160903
[2024-09-08T16:09:03.744+0000] {local_task_job_runner.py:266} INFO - Task exited with return code 0
[2024-09-08T16:09:03.838+0000] {taskinstance.py:3900} INFO - 0 downstream tasks scheduled from follow-on schedule check
[2024-09-08T16:09:03.855+0000] {local_task_job_runner.py:245} INFO - ::endgroup::
[2024-09-08T16:09:03.908+0000] {standard_task_runner.py:217} INFO - Process not found (most likely exited), stop collecting metrics
[2024-09-15T05:46:31.912+0000] {local_task_job_runner.py:123} INFO - ::group::Pre task execution logs
[2024-09-15T05:46:32.077+0000] {taskinstance.py:2612} INFO - Dependencies all met for dep_context=non-requeueable deps ti=<TaskInstance: exchange_rates_dag.run_main_script scheduled__2024-02-05T00:00:00+00:00 [queued]>
[2024-09-15T05:46:32.186+0000] {taskinstance.py:2612} INFO - Dependencies all met for dep_context=requeueable deps ti=<TaskInstance: exchange_rates_dag.run_main_script scheduled__2024-02-05T00:00:00+00:00 [queued]>
[2024-09-15T05:46:32.195+0000] {taskinstance.py:2865} INFO - Starting attempt 1 of 2
[2024-09-15T05:46:32.465+0000] {taskinstance.py:2888} INFO - Executing <Task(PythonOperator): run_main_script> on 2024-02-05 00:00:00+00:00
[2024-09-15T05:46:32.545+0000] {logging_mixin.py:190} WARNING - /home/***/.local/lib/python3.12/site-packages/***/task/task_runner/standard_task_runner.py:70 DeprecationWarning: This process (pid=227) is multi-threaded, use of fork() may lead to deadlocks in the child.
[2024-09-15T05:46:32.563+0000] {standard_task_runner.py:72} INFO - Started process 236 to run task
[2024-09-15T05:46:32.542+0000] {standard_task_runner.py:104} INFO - Running: ['***', 'tasks', 'run', 'exchange_rates_dag', 'run_main_script', 'scheduled__2024-02-05T00:00:00+00:00', '--job-id', '105', '--raw', '--subdir', 'DAGS_FOLDER/exchange_rates_dag.py', '--cfg-path', '/tmp/tmpih7j0gq_']
[2024-09-15T05:46:32.580+0000] {standard_task_runner.py:105} INFO - Job 105: Subtask run_main_script
[2024-09-15T05:46:33.131+0000] {task_command.py:467} INFO - Running <TaskInstance: exchange_rates_dag.run_main_script scheduled__2024-02-05T00:00:00+00:00 [running]> on host ed6b7035df5d
[2024-09-15T05:46:34.004+0000] {taskinstance.py:3131} INFO - Exporting env vars: AIRFLOW_CTX_DAG_EMAIL='***docker@gmail.com' AIRFLOW_CTX_DAG_OWNER='***' AIRFLOW_CTX_DAG_ID='exchange_rates_dag' AIRFLOW_CTX_TASK_ID='run_main_script' AIRFLOW_CTX_EXECUTION_DATE='2024-02-05T00:00:00+00:00' AIRFLOW_CTX_TRY_NUMBER='1' AIRFLOW_CTX_DAG_RUN_ID='scheduled__2024-02-05T00:00:00+00:00'
[2024-09-15T05:46:34.032+0000] {taskinstance.py:731} INFO - ::endgroup::
[2024-09-15T05:47:39.428+0000] {python.py:240} INFO - Done. Returned value was: None
[2024-09-15T05:47:39.443+0000] {taskinstance.py:340} INFO - ::group::Post task execution logs
[2024-09-15T05:47:39.446+0000] {taskinstance.py:352} INFO - Marking task as SUCCESS. dag_id=exchange_rates_dag, task_id=run_main_script, run_id=scheduled__2024-02-05T00:00:00+00:00, execution_date=20240205T000000, start_date=20240915T054632, end_date=20240915T054739
[2024-09-15T05:47:39.470+0000] {local_task_job_runner.py:266} INFO - Task exited with return code 0
[2024-09-15T05:47:39.498+0000] {taskinstance.py:3900} INFO - 1 downstream tasks scheduled from follow-on schedule check
[2024-09-15T05:47:39.506+0000] {local_task_job_runner.py:245} INFO - ::endgroup::
