[2024-09-08T16:09:24.531+0000] {local_task_job_runner.py:123} INFO - ::group::Pre task execution logs
[2024-09-08T16:09:24.618+0000] {taskinstance.py:2612} INFO - Dependencies all met for dep_context=non-requeueable deps ti=<TaskInstance: exchange_rates_dag.run_main_script scheduled__2024-02-13T00:00:00+00:00 [queued]>
[2024-09-08T16:09:24.666+0000] {taskinstance.py:2612} INFO - Dependencies all met for dep_context=requeueable deps ti=<TaskInstance: exchange_rates_dag.run_main_script scheduled__2024-02-13T00:00:00+00:00 [queued]>
[2024-09-08T16:09:24.675+0000] {taskinstance.py:2865} INFO - Starting attempt 1 of 2
[2024-09-08T16:09:24.896+0000] {taskinstance.py:2888} INFO - Executing <Task(PythonOperator): run_main_script> on 2024-02-13 00:00:00+00:00
[2024-09-08T16:09:24.969+0000] {logging_mixin.py:190} WARNING - /home/***/.local/lib/python3.12/site-packages/***/task/task_runner/standard_task_runner.py:70 DeprecationWarning: This process (pid=392) is multi-threaded, use of fork() may lead to deadlocks in the child.
[2024-09-08T16:09:24.981+0000] {standard_task_runner.py:72} INFO - Started process 395 to run task
[2024-09-08T16:09:24.967+0000] {standard_task_runner.py:104} INFO - Running: ['***', 'tasks', 'run', 'exchange_rates_dag', 'run_main_script', 'scheduled__2024-02-13T00:00:00+00:00', '--job-id', '62', '--raw', '--subdir', 'DAGS_FOLDER/exchange_rates_dag.py', '--cfg-path', '/tmp/tmpqju8pu1z']
[2024-09-08T16:09:24.990+0000] {standard_task_runner.py:105} INFO - Job 62: Subtask run_main_script
[2024-09-08T16:09:25.275+0000] {task_command.py:467} INFO - Running <TaskInstance: exchange_rates_dag.run_main_script scheduled__2024-02-13T00:00:00+00:00 [running]> on host bd0133ae5e03
[2024-09-08T16:09:25.954+0000] {taskinstance.py:3131} INFO - Exporting env vars: AIRFLOW_CTX_DAG_OWNER='***' AIRFLOW_CTX_DAG_ID='exchange_rates_dag' AIRFLOW_CTX_TASK_ID='run_main_script' AIRFLOW_CTX_EXECUTION_DATE='2024-02-13T00:00:00+00:00' AIRFLOW_CTX_TRY_NUMBER='1' AIRFLOW_CTX_DAG_RUN_ID='scheduled__2024-02-13T00:00:00+00:00'
[2024-09-08T16:09:25.972+0000] {taskinstance.py:731} INFO - ::endgroup::
[2024-09-15T05:46:48.583+0000] {local_task_job_runner.py:123} INFO - ::group::Pre task execution logs
[2024-09-15T05:46:48.866+0000] {taskinstance.py:2612} INFO - Dependencies all met for dep_context=non-requeueable deps ti=<TaskInstance: exchange_rates_dag.run_main_script scheduled__2024-02-13T00:00:00+00:00 [queued]>
[2024-09-15T05:46:49.156+0000] {taskinstance.py:2612} INFO - Dependencies all met for dep_context=requeueable deps ti=<TaskInstance: exchange_rates_dag.run_main_script scheduled__2024-02-13T00:00:00+00:00 [queued]>
[2024-09-15T05:46:49.186+0000] {taskinstance.py:2865} INFO - Starting attempt 1 of 2
[2024-09-15T05:46:49.496+0000] {taskinstance.py:2888} INFO - Executing <Task(PythonOperator): run_main_script> on 2024-02-13 00:00:00+00:00
[2024-09-15T05:46:49.643+0000] {logging_mixin.py:190} WARNING - /home/***/.local/lib/python3.12/site-packages/***/task/task_runner/standard_task_runner.py:70 DeprecationWarning: This process (pid=266) is multi-threaded, use of fork() may lead to deadlocks in the child.
[2024-09-15T05:46:49.672+0000] {standard_task_runner.py:72} INFO - Started process 275 to run task
[2024-09-15T05:46:49.640+0000] {standard_task_runner.py:104} INFO - Running: ['***', 'tasks', 'run', 'exchange_rates_dag', 'run_main_script', 'scheduled__2024-02-13T00:00:00+00:00', '--job-id', '113', '--raw', '--subdir', 'DAGS_FOLDER/exchange_rates_dag.py', '--cfg-path', '/tmp/tmp_hm2ibt_']
[2024-09-15T05:46:49.711+0000] {standard_task_runner.py:105} INFO - Job 113: Subtask run_main_script
[2024-09-15T05:46:50.606+0000] {task_command.py:467} INFO - Running <TaskInstance: exchange_rates_dag.run_main_script scheduled__2024-02-13T00:00:00+00:00 [running]> on host ed6b7035df5d
[2024-09-15T05:46:52.475+0000] {taskinstance.py:3131} INFO - Exporting env vars: AIRFLOW_CTX_DAG_EMAIL='***docker@gmail.com' AIRFLOW_CTX_DAG_OWNER='***' AIRFLOW_CTX_DAG_ID='exchange_rates_dag' AIRFLOW_CTX_TASK_ID='run_main_script' AIRFLOW_CTX_EXECUTION_DATE='2024-02-13T00:00:00+00:00' AIRFLOW_CTX_TRY_NUMBER='1' AIRFLOW_CTX_DAG_RUN_ID='scheduled__2024-02-13T00:00:00+00:00'
[2024-09-15T05:46:52.504+0000] {taskinstance.py:731} INFO - ::endgroup::
[2024-09-15T05:48:39.085+0000] {python.py:240} INFO - Done. Returned value was: None
[2024-09-15T05:48:39.108+0000] {taskinstance.py:340} INFO - ::group::Post task execution logs
[2024-09-15T05:48:39.112+0000] {taskinstance.py:352} INFO - Marking task as SUCCESS. dag_id=exchange_rates_dag, task_id=run_main_script, run_id=scheduled__2024-02-13T00:00:00+00:00, execution_date=20240213T000000, start_date=20240915T054648, end_date=20240915T054839
[2024-09-15T05:48:39.155+0000] {local_task_job_runner.py:266} INFO - Task exited with return code 0
[2024-09-15T05:48:39.304+0000] {taskinstance.py:3900} INFO - 1 downstream tasks scheduled from follow-on schedule check
[2024-09-15T05:48:39.311+0000] {local_task_job_runner.py:245} INFO - ::endgroup::
