[2024-09-08T16:09:28.334+0000] {local_task_job_runner.py:123} INFO - ::group::Pre task execution logs
[2024-09-08T16:09:28.504+0000] {taskinstance.py:2612} INFO - Dependencies all met for dep_context=non-requeueable deps ti=<TaskInstance: exchange_rates_dag.run_main_script scheduled__2024-02-18T00:00:00+00:00 [queued]>
[2024-09-08T16:09:28.603+0000] {taskinstance.py:2612} INFO - Dependencies all met for dep_context=requeueable deps ti=<TaskInstance: exchange_rates_dag.run_main_script scheduled__2024-02-18T00:00:00+00:00 [queued]>
[2024-09-08T16:09:28.622+0000] {taskinstance.py:2865} INFO - Starting attempt 1 of 2
[2024-09-08T16:09:28.834+0000] {taskinstance.py:2888} INFO - Executing <Task(PythonOperator): run_main_script> on 2024-02-18 00:00:00+00:00
[2024-09-08T16:09:28.920+0000] {logging_mixin.py:190} WARNING - /home/***/.local/lib/python3.12/site-packages/***/task/task_runner/standard_task_runner.py:70 DeprecationWarning: This process (pid=404) is multi-threaded, use of fork() may lead to deadlocks in the child.
[2024-09-08T16:09:28.942+0000] {standard_task_runner.py:72} INFO - Started process 413 to run task
[2024-09-08T16:09:28.924+0000] {standard_task_runner.py:104} INFO - Running: ['***', 'tasks', 'run', 'exchange_rates_dag', 'run_main_script', 'scheduled__2024-02-18T00:00:00+00:00', '--job-id', '67', '--raw', '--subdir', 'DAGS_FOLDER/exchange_rates_dag.py', '--cfg-path', '/tmp/tmp_wz4vhe7']
[2024-09-08T16:09:28.969+0000] {standard_task_runner.py:105} INFO - Job 67: Subtask run_main_script
[2024-09-08T16:09:29.417+0000] {task_command.py:467} INFO - Running <TaskInstance: exchange_rates_dag.run_main_script scheduled__2024-02-18T00:00:00+00:00 [running]> on host bd0133ae5e03
[2024-09-08T16:09:30.567+0000] {taskinstance.py:3131} INFO - Exporting env vars: AIRFLOW_CTX_DAG_OWNER='***' AIRFLOW_CTX_DAG_ID='exchange_rates_dag' AIRFLOW_CTX_TASK_ID='run_main_script' AIRFLOW_CTX_EXECUTION_DATE='2024-02-18T00:00:00+00:00' AIRFLOW_CTX_TRY_NUMBER='1' AIRFLOW_CTX_DAG_RUN_ID='scheduled__2024-02-18T00:00:00+00:00'
[2024-09-08T16:09:30.574+0000] {taskinstance.py:731} INFO - ::endgroup::
[2024-09-15T05:53:01.186+0000] {local_task_job_runner.py:123} INFO - ::group::Pre task execution logs
[2024-09-15T05:53:01.268+0000] {taskinstance.py:2612} INFO - Dependencies all met for dep_context=non-requeueable deps ti=<TaskInstance: exchange_rates_dag.run_main_script scheduled__2024-02-18T00:00:00+00:00 [queued]>
[2024-09-15T05:53:01.323+0000] {taskinstance.py:2612} INFO - Dependencies all met for dep_context=requeueable deps ti=<TaskInstance: exchange_rates_dag.run_main_script scheduled__2024-02-18T00:00:00+00:00 [queued]>
[2024-09-15T05:53:01.331+0000] {taskinstance.py:2865} INFO - Starting attempt 1 of 2
[2024-09-15T05:53:01.634+0000] {taskinstance.py:2888} INFO - Executing <Task(PythonOperator): run_main_script> on 2024-02-18 00:00:00+00:00
[2024-09-15T05:53:01.693+0000] {logging_mixin.py:190} WARNING - /home/***/.local/lib/python3.12/site-packages/***/task/task_runner/standard_task_runner.py:70 DeprecationWarning: This process (pid=460) is multi-threaded, use of fork() may lead to deadlocks in the child.
[2024-09-15T05:53:01.713+0000] {standard_task_runner.py:72} INFO - Started process 464 to run task
[2024-09-15T05:53:01.697+0000] {standard_task_runner.py:104} INFO - Running: ['***', 'tasks', 'run', 'exchange_rates_dag', 'run_main_script', 'scheduled__2024-02-18T00:00:00+00:00', '--job-id', '149', '--raw', '--subdir', 'DAGS_FOLDER/exchange_rates_dag.py', '--cfg-path', '/tmp/tmpnd_ykat5']
[2024-09-15T05:53:01.727+0000] {standard_task_runner.py:105} INFO - Job 149: Subtask run_main_script
[2024-09-15T05:53:02.059+0000] {task_command.py:467} INFO - Running <TaskInstance: exchange_rates_dag.run_main_script scheduled__2024-02-18T00:00:00+00:00 [running]> on host ed6b7035df5d
[2024-09-15T05:53:02.540+0000] {taskinstance.py:3131} INFO - Exporting env vars: AIRFLOW_CTX_DAG_EMAIL='***docker@gmail.com' AIRFLOW_CTX_DAG_OWNER='***' AIRFLOW_CTX_DAG_ID='exchange_rates_dag' AIRFLOW_CTX_TASK_ID='run_main_script' AIRFLOW_CTX_EXECUTION_DATE='2024-02-18T00:00:00+00:00' AIRFLOW_CTX_TRY_NUMBER='1' AIRFLOW_CTX_DAG_RUN_ID='scheduled__2024-02-18T00:00:00+00:00'
[2024-09-15T05:53:02.559+0000] {taskinstance.py:731} INFO - ::endgroup::
[2024-09-15T05:53:29.986+0000] {python.py:240} INFO - Done. Returned value was: None
[2024-09-15T05:53:30.007+0000] {taskinstance.py:340} INFO - ::group::Post task execution logs
[2024-09-15T05:53:30.011+0000] {taskinstance.py:352} INFO - Marking task as SUCCESS. dag_id=exchange_rates_dag, task_id=run_main_script, run_id=scheduled__2024-02-18T00:00:00+00:00, execution_date=20240218T000000, start_date=20240915T055301, end_date=20240915T055330
[2024-09-15T05:53:30.134+0000] {local_task_job_runner.py:266} INFO - Task exited with return code 0
[2024-09-15T05:53:30.168+0000] {taskinstance.py:3900} INFO - 1 downstream tasks scheduled from follow-on schedule check
[2024-09-15T05:53:30.178+0000] {local_task_job_runner.py:245} INFO - ::endgroup::
