[2024-09-08T16:08:51.151+0000] {local_task_job_runner.py:123} INFO - ::group::Pre task execution logs
[2024-09-08T16:08:51.283+0000] {taskinstance.py:2612} INFO - Dependencies all met for dep_context=non-requeueable deps ti=<TaskInstance: exchange_rates_dag.run_main_script scheduled__2024-02-08T00:00:00+00:00 [queued]>
[2024-09-08T16:08:51.360+0000] {taskinstance.py:2612} INFO - Dependencies all met for dep_context=requeueable deps ti=<TaskInstance: exchange_rates_dag.run_main_script scheduled__2024-02-08T00:00:00+00:00 [queued]>
[2024-09-08T16:08:51.367+0000] {taskinstance.py:2865} INFO - Starting attempt 1 of 2
[2024-09-08T16:08:51.830+0000] {taskinstance.py:2888} INFO - Executing <Task(PythonOperator): run_main_script> on 2024-02-08 00:00:00+00:00
[2024-09-08T16:08:51.925+0000] {logging_mixin.py:190} WARNING - /home/***/.local/lib/python3.12/site-packages/***/task/task_runner/standard_task_runner.py:70 DeprecationWarning: This process (pid=353) is multi-threaded, use of fork() may lead to deadlocks in the child.
[2024-09-08T16:08:51.942+0000] {standard_task_runner.py:72} INFO - Started process 361 to run task
[2024-09-08T16:08:51.919+0000] {standard_task_runner.py:104} INFO - Running: ['***', 'tasks', 'run', 'exchange_rates_dag', 'run_main_script', 'scheduled__2024-02-08T00:00:00+00:00', '--job-id', '57', '--raw', '--subdir', 'DAGS_FOLDER/exchange_rates_dag.py', '--cfg-path', '/tmp/tmpya15_wis']
[2024-09-08T16:08:51.956+0000] {standard_task_runner.py:105} INFO - Job 57: Subtask run_main_script
[2024-09-08T16:08:52.322+0000] {task_command.py:467} INFO - Running <TaskInstance: exchange_rates_dag.run_main_script scheduled__2024-02-08T00:00:00+00:00 [running]> on host bd0133ae5e03
[2024-09-08T16:08:53.180+0000] {taskinstance.py:3131} INFO - Exporting env vars: AIRFLOW_CTX_DAG_OWNER='***' AIRFLOW_CTX_DAG_ID='exchange_rates_dag' AIRFLOW_CTX_TASK_ID='run_main_script' AIRFLOW_CTX_EXECUTION_DATE='2024-02-08T00:00:00+00:00' AIRFLOW_CTX_TRY_NUMBER='1' AIRFLOW_CTX_DAG_RUN_ID='scheduled__2024-02-08T00:00:00+00:00'
[2024-09-08T16:08:53.195+0000] {taskinstance.py:731} INFO - ::endgroup::
[2024-09-08T16:09:27.173+0000] {python.py:240} INFO - Done. Returned value was: None
[2024-09-08T16:09:27.237+0000] {taskinstance.py:340} INFO - ::group::Post task execution logs
[2024-09-08T16:09:27.245+0000] {taskinstance.py:352} INFO - Marking task as SUCCESS. dag_id=exchange_rates_dag, task_id=run_main_script, run_id=scheduled__2024-02-08T00:00:00+00:00, execution_date=20240208T000000, start_date=20240908T160851, end_date=20240908T160927
[2024-09-08T16:09:27.719+0000] {local_task_job_runner.py:266} INFO - Task exited with return code 0
[2024-09-08T16:09:27.930+0000] {taskinstance.py:3900} INFO - 0 downstream tasks scheduled from follow-on schedule check
[2024-09-08T16:09:27.958+0000] {local_task_job_runner.py:245} INFO - ::endgroup::
[2024-09-15T05:46:35.896+0000] {local_task_job_runner.py:123} INFO - ::group::Pre task execution logs
[2024-09-15T05:46:36.149+0000] {taskinstance.py:2612} INFO - Dependencies all met for dep_context=non-requeueable deps ti=<TaskInstance: exchange_rates_dag.run_main_script scheduled__2024-02-08T00:00:00+00:00 [queued]>
[2024-09-15T05:46:36.266+0000] {taskinstance.py:2612} INFO - Dependencies all met for dep_context=requeueable deps ti=<TaskInstance: exchange_rates_dag.run_main_script scheduled__2024-02-08T00:00:00+00:00 [queued]>
[2024-09-15T05:46:36.284+0000] {taskinstance.py:2865} INFO - Starting attempt 1 of 2
[2024-09-15T05:46:37.212+0000] {taskinstance.py:2888} INFO - Executing <Task(PythonOperator): run_main_script> on 2024-02-08 00:00:00+00:00
[2024-09-15T05:46:37.309+0000] {standard_task_runner.py:104} INFO - Running: ['***', 'tasks', 'run', 'exchange_rates_dag', 'run_main_script', 'scheduled__2024-02-08T00:00:00+00:00', '--job-id', '108', '--raw', '--subdir', 'DAGS_FOLDER/exchange_rates_dag.py', '--cfg-path', '/tmp/tmpwy1dx6ka']
[2024-09-15T05:46:37.480+0000] {standard_task_runner.py:105} INFO - Job 108: Subtask run_main_script
[2024-09-15T05:46:37.322+0000] {logging_mixin.py:190} WARNING - /home/***/.local/lib/python3.12/site-packages/***/task/task_runner/standard_task_runner.py:70 DeprecationWarning: This process (pid=242) is multi-threaded, use of fork() may lead to deadlocks in the child.
[2024-09-15T05:46:37.629+0000] {standard_task_runner.py:72} INFO - Started process 248 to run task
[2024-09-15T05:46:38.130+0000] {task_command.py:467} INFO - Running <TaskInstance: exchange_rates_dag.run_main_script scheduled__2024-02-08T00:00:00+00:00 [running]> on host ed6b7035df5d
[2024-09-15T05:46:39.343+0000] {taskinstance.py:3131} INFO - Exporting env vars: AIRFLOW_CTX_DAG_EMAIL='***docker@gmail.com' AIRFLOW_CTX_DAG_OWNER='***' AIRFLOW_CTX_DAG_ID='exchange_rates_dag' AIRFLOW_CTX_TASK_ID='run_main_script' AIRFLOW_CTX_EXECUTION_DATE='2024-02-08T00:00:00+00:00' AIRFLOW_CTX_TRY_NUMBER='1' AIRFLOW_CTX_DAG_RUN_ID='scheduled__2024-02-08T00:00:00+00:00'
[2024-09-15T05:46:39.361+0000] {taskinstance.py:731} INFO - ::endgroup::
[2024-09-15T05:48:01.173+0000] {python.py:240} INFO - Done. Returned value was: None
[2024-09-15T05:48:01.195+0000] {taskinstance.py:340} INFO - ::group::Post task execution logs
[2024-09-15T05:48:01.199+0000] {taskinstance.py:352} INFO - Marking task as SUCCESS. dag_id=exchange_rates_dag, task_id=run_main_script, run_id=scheduled__2024-02-08T00:00:00+00:00, execution_date=20240208T000000, start_date=20240915T054636, end_date=20240915T054801
[2024-09-15T05:48:01.277+0000] {local_task_job_runner.py:266} INFO - Task exited with return code 0
[2024-09-15T05:48:01.353+0000] {taskinstance.py:3900} INFO - 1 downstream tasks scheduled from follow-on schedule check
[2024-09-15T05:48:01.366+0000] {local_task_job_runner.py:245} INFO - ::endgroup::
