[2024-09-08T16:09:25.406+0000] {local_task_job_runner.py:123} INFO - ::group::Pre task execution logs
[2024-09-08T16:09:25.507+0000] {taskinstance.py:2612} INFO - Dependencies all met for dep_context=non-requeueable deps ti=<TaskInstance: exchange_rates_dag.run_main_script scheduled__2024-02-15T00:00:00+00:00 [queued]>
[2024-09-08T16:09:25.589+0000] {taskinstance.py:2612} INFO - Dependencies all met for dep_context=requeueable deps ti=<TaskInstance: exchange_rates_dag.run_main_script scheduled__2024-02-15T00:00:00+00:00 [queued]>
[2024-09-08T16:09:25.602+0000] {taskinstance.py:2865} INFO - Starting attempt 1 of 2
[2024-09-08T16:09:25.758+0000] {taskinstance.py:2888} INFO - Executing <Task(PythonOperator): run_main_script> on 2024-02-15 00:00:00+00:00
[2024-09-08T16:09:25.840+0000] {logging_mixin.py:190} WARNING - /home/***/.local/lib/python3.12/site-packages/***/task/task_runner/standard_task_runner.py:70 DeprecationWarning: This process (pid=394) is multi-threaded, use of fork() may lead to deadlocks in the child.
[2024-09-08T16:09:25.856+0000] {standard_task_runner.py:72} INFO - Started process 401 to run task
[2024-09-08T16:09:25.841+0000] {standard_task_runner.py:104} INFO - Running: ['***', 'tasks', 'run', 'exchange_rates_dag', 'run_main_script', 'scheduled__2024-02-15T00:00:00+00:00', '--job-id', '64', '--raw', '--subdir', 'DAGS_FOLDER/exchange_rates_dag.py', '--cfg-path', '/tmp/tmpikktdgag']
[2024-09-08T16:09:25.877+0000] {standard_task_runner.py:105} INFO - Job 64: Subtask run_main_script
[2024-09-08T16:09:26.268+0000] {task_command.py:467} INFO - Running <TaskInstance: exchange_rates_dag.run_main_script scheduled__2024-02-15T00:00:00+00:00 [running]> on host bd0133ae5e03
[2024-09-08T16:09:27.229+0000] {taskinstance.py:3131} INFO - Exporting env vars: AIRFLOW_CTX_DAG_OWNER='***' AIRFLOW_CTX_DAG_ID='exchange_rates_dag' AIRFLOW_CTX_TASK_ID='run_main_script' AIRFLOW_CTX_EXECUTION_DATE='2024-02-15T00:00:00+00:00' AIRFLOW_CTX_TRY_NUMBER='1' AIRFLOW_CTX_DAG_RUN_ID='scheduled__2024-02-15T00:00:00+00:00'
[2024-09-08T16:09:27.238+0000] {taskinstance.py:731} INFO - ::endgroup::
[2024-09-15T05:46:56.256+0000] {local_task_job_runner.py:123} INFO - ::group::Pre task execution logs
[2024-09-15T05:46:56.536+0000] {taskinstance.py:2612} INFO - Dependencies all met for dep_context=non-requeueable deps ti=<TaskInstance: exchange_rates_dag.run_main_script scheduled__2024-02-15T00:00:00+00:00 [queued]>
[2024-09-15T05:46:56.732+0000] {taskinstance.py:2612} INFO - Dependencies all met for dep_context=requeueable deps ti=<TaskInstance: exchange_rates_dag.run_main_script scheduled__2024-02-15T00:00:00+00:00 [queued]>
[2024-09-15T05:46:56.750+0000] {taskinstance.py:2865} INFO - Starting attempt 1 of 2
[2024-09-15T05:46:57.008+0000] {taskinstance.py:2888} INFO - Executing <Task(PythonOperator): run_main_script> on 2024-02-15 00:00:00+00:00
[2024-09-15T05:46:57.134+0000] {logging_mixin.py:190} WARNING - /home/***/.local/lib/python3.12/site-packages/***/task/task_runner/standard_task_runner.py:70 DeprecationWarning: This process (pid=279) is multi-threaded, use of fork() may lead to deadlocks in the child.
[2024-09-15T05:46:57.185+0000] {standard_task_runner.py:72} INFO - Started process 285 to run task
[2024-09-15T05:46:57.150+0000] {standard_task_runner.py:104} INFO - Running: ['***', 'tasks', 'run', 'exchange_rates_dag', 'run_main_script', 'scheduled__2024-02-15T00:00:00+00:00', '--job-id', '115', '--raw', '--subdir', 'DAGS_FOLDER/exchange_rates_dag.py', '--cfg-path', '/tmp/tmpkxmcvywm']
[2024-09-15T05:46:57.208+0000] {standard_task_runner.py:105} INFO - Job 115: Subtask run_main_script
[2024-09-15T05:46:57.985+0000] {task_command.py:467} INFO - Running <TaskInstance: exchange_rates_dag.run_main_script scheduled__2024-02-15T00:00:00+00:00 [running]> on host ed6b7035df5d
[2024-09-15T05:46:59.460+0000] {taskinstance.py:3131} INFO - Exporting env vars: AIRFLOW_CTX_DAG_EMAIL='***docker@gmail.com' AIRFLOW_CTX_DAG_OWNER='***' AIRFLOW_CTX_DAG_ID='exchange_rates_dag' AIRFLOW_CTX_TASK_ID='run_main_script' AIRFLOW_CTX_EXECUTION_DATE='2024-02-15T00:00:00+00:00' AIRFLOW_CTX_TRY_NUMBER='1' AIRFLOW_CTX_DAG_RUN_ID='scheduled__2024-02-15T00:00:00+00:00'
[2024-09-15T05:46:59.477+0000] {taskinstance.py:731} INFO - ::endgroup::
[2024-09-15T05:48:53.846+0000] {python.py:240} INFO - Done. Returned value was: None
[2024-09-15T05:48:53.862+0000] {taskinstance.py:340} INFO - ::group::Post task execution logs
[2024-09-15T05:48:53.865+0000] {taskinstance.py:352} INFO - Marking task as SUCCESS. dag_id=exchange_rates_dag, task_id=run_main_script, run_id=scheduled__2024-02-15T00:00:00+00:00, execution_date=20240215T000000, start_date=20240915T054656, end_date=20240915T054853
[2024-09-15T05:48:53.898+0000] {local_task_job_runner.py:266} INFO - Task exited with return code 0
[2024-09-15T05:48:53.919+0000] {local_task_job_runner.py:245} INFO - ::endgroup::
