[2024-09-08T15:39:04.311+0000] {local_task_job_runner.py:123} INFO - ::group::Pre task execution logs
[2024-09-08T15:39:04.442+0000] {taskinstance.py:2612} INFO - Dependencies all met for dep_context=non-requeueable deps ti=<TaskInstance: exchange_rates_dag.run_main_script scheduled__2024-01-01T00:00:00+00:00 [queued]>
[2024-09-08T15:39:04.511+0000] {taskinstance.py:2612} INFO - Dependencies all met for dep_context=requeueable deps ti=<TaskInstance: exchange_rates_dag.run_main_script scheduled__2024-01-01T00:00:00+00:00 [queued]>
[2024-09-08T15:39:04.516+0000] {taskinstance.py:2865} INFO - Starting attempt 1 of 2
[2024-09-08T15:39:04.907+0000] {taskinstance.py:2888} INFO - Executing <Task(PythonOperator): run_main_script> on 2024-01-01 00:00:00+00:00
[2024-09-08T15:39:05.009+0000] {logging_mixin.py:190} WARNING - /home/***/.local/lib/python3.12/site-packages/***/task/task_runner/standard_task_runner.py:70 DeprecationWarning: This process (pid=182) is multi-threaded, use of fork() may lead to deadlocks in the child.
[2024-09-08T15:39:05.030+0000] {standard_task_runner.py:104} INFO - Running: ['***', 'tasks', 'run', 'exchange_rates_dag', 'run_main_script', 'scheduled__2024-01-01T00:00:00+00:00', '--job-id', '3', '--raw', '--subdir', 'DAGS_FOLDER/exchange_rates_dag.py', '--cfg-path', '/tmp/tmp96qwitc_']
[2024-09-08T15:39:05.050+0000] {standard_task_runner.py:105} INFO - Job 3: Subtask run_main_script
[2024-09-08T15:39:05.037+0000] {standard_task_runner.py:72} INFO - Started process 186 to run task
[2024-09-08T15:39:05.396+0000] {task_command.py:467} INFO - Running <TaskInstance: exchange_rates_dag.run_main_script scheduled__2024-01-01T00:00:00+00:00 [running]> on host bd0133ae5e03
[2024-09-08T15:39:06.036+0000] {taskinstance.py:3131} INFO - Exporting env vars: AIRFLOW_CTX_DAG_OWNER='***' AIRFLOW_CTX_DAG_ID='exchange_rates_dag' AIRFLOW_CTX_TASK_ID='run_main_script' AIRFLOW_CTX_EXECUTION_DATE='2024-01-01T00:00:00+00:00' AIRFLOW_CTX_TRY_NUMBER='1' AIRFLOW_CTX_DAG_RUN_ID='scheduled__2024-01-01T00:00:00+00:00'
[2024-09-08T15:39:06.050+0000] {taskinstance.py:731} INFO - ::endgroup::
[2024-09-08T15:40:11.228+0000] {python.py:240} INFO - Done. Returned value was: None
[2024-09-08T15:40:11.247+0000] {taskinstance.py:340} INFO - ::group::Post task execution logs
[2024-09-08T15:40:11.249+0000] {taskinstance.py:352} INFO - Marking task as SUCCESS. dag_id=exchange_rates_dag, task_id=run_main_script, run_id=scheduled__2024-01-01T00:00:00+00:00, execution_date=20240101T000000, start_date=20240908T153904, end_date=20240908T154011
[2024-09-08T15:40:11.299+0000] {local_task_job_runner.py:266} INFO - Task exited with return code 0
[2024-09-08T15:40:11.320+0000] {taskinstance.py:3900} INFO - 0 downstream tasks scheduled from follow-on schedule check
[2024-09-08T15:40:11.325+0000] {local_task_job_runner.py:245} INFO - ::endgroup::
[2024-09-15T05:14:23.249+0000] {local_task_job_runner.py:123} INFO - ::group::Pre task execution logs
[2024-09-15T05:14:23.361+0000] {taskinstance.py:2612} INFO - Dependencies all met for dep_context=non-requeueable deps ti=<TaskInstance: exchange_rates_dag.run_main_script scheduled__2024-01-01T00:00:00+00:00 [queued]>
[2024-09-15T05:14:23.420+0000] {taskinstance.py:2612} INFO - Dependencies all met for dep_context=requeueable deps ti=<TaskInstance: exchange_rates_dag.run_main_script scheduled__2024-01-01T00:00:00+00:00 [queued]>
[2024-09-15T05:14:23.426+0000] {taskinstance.py:2865} INFO - Starting attempt 1 of 2
[2024-09-15T05:14:23.523+0000] {taskinstance.py:2888} INFO - Executing <Task(PythonOperator): run_main_script> on 2024-01-01 00:00:00+00:00
[2024-09-15T05:14:23.596+0000] {logging_mixin.py:190} WARNING - /home/***/.local/lib/python3.12/site-packages/***/task/task_runner/standard_task_runner.py:70 DeprecationWarning: This process (pid=182) is multi-threaded, use of fork() may lead to deadlocks in the child.
[2024-09-15T05:14:23.618+0000] {standard_task_runner.py:72} INFO - Started process 185 to run task
[2024-09-15T05:14:23.601+0000] {standard_task_runner.py:104} INFO - Running: ['***', 'tasks', 'run', 'exchange_rates_dag', 'run_main_script', 'scheduled__2024-01-01T00:00:00+00:00', '--job-id', '2', '--raw', '--subdir', 'DAGS_FOLDER/exchange_rates_dag.py', '--cfg-path', '/tmp/tmp_hug0f4n']
[2024-09-15T05:14:23.635+0000] {standard_task_runner.py:105} INFO - Job 2: Subtask run_main_script
[2024-09-15T05:14:24.062+0000] {task_command.py:467} INFO - Running <TaskInstance: exchange_rates_dag.run_main_script scheduled__2024-01-01T00:00:00+00:00 [running]> on host ed6b7035df5d
[2024-09-15T05:14:24.674+0000] {taskinstance.py:3131} INFO - Exporting env vars: AIRFLOW_CTX_DAG_EMAIL='***docker@gmail.com' AIRFLOW_CTX_DAG_OWNER='***' AIRFLOW_CTX_DAG_ID='exchange_rates_dag' AIRFLOW_CTX_TASK_ID='run_main_script' AIRFLOW_CTX_EXECUTION_DATE='2024-01-01T00:00:00+00:00' AIRFLOW_CTX_TRY_NUMBER='1' AIRFLOW_CTX_DAG_RUN_ID='scheduled__2024-01-01T00:00:00+00:00'
[2024-09-15T05:14:24.695+0000] {taskinstance.py:731} INFO - ::endgroup::
[2024-09-15T05:15:34.392+0000] {python.py:240} INFO - Done. Returned value was: None
[2024-09-15T05:15:34.405+0000] {taskinstance.py:340} INFO - ::group::Post task execution logs
[2024-09-15T05:15:34.408+0000] {taskinstance.py:352} INFO - Marking task as SUCCESS. dag_id=exchange_rates_dag, task_id=run_main_script, run_id=scheduled__2024-01-01T00:00:00+00:00, execution_date=20240101T000000, start_date=20240915T051423, end_date=20240915T051534
[2024-09-15T05:15:34.439+0000] {local_task_job_runner.py:266} INFO - Task exited with return code 0
[2024-09-15T05:15:34.479+0000] {taskinstance.py:3900} INFO - 1 downstream tasks scheduled from follow-on schedule check
[2024-09-15T05:15:34.485+0000] {local_task_job_runner.py:245} INFO - ::endgroup::
