[2024-09-08T16:07:23.762+0000] {local_task_job_runner.py:123} INFO - ::group::Pre task execution logs
[2024-09-08T16:07:23.896+0000] {taskinstance.py:2612} INFO - Dependencies all met for dep_context=non-requeueable deps ti=<TaskInstance: exchange_rates_dag.run_main_script scheduled__2024-02-01T00:00:00+00:00 [queued]>
[2024-09-08T16:07:23.973+0000] {taskinstance.py:2612} INFO - Dependencies all met for dep_context=requeueable deps ti=<TaskInstance: exchange_rates_dag.run_main_script scheduled__2024-02-01T00:00:00+00:00 [queued]>
[2024-09-08T16:07:23.984+0000] {taskinstance.py:2865} INFO - Starting attempt 1 of 2
[2024-09-08T16:07:24.387+0000] {taskinstance.py:2888} INFO - Executing <Task(PythonOperator): run_main_script> on 2024-02-01 00:00:00+00:00
[2024-09-08T16:07:24.460+0000] {logging_mixin.py:190} WARNING - /home/***/.local/lib/python3.12/site-packages/***/task/task_runner/standard_task_runner.py:70 DeprecationWarning: This process (pid=304) is multi-threaded, use of fork() may lead to deadlocks in the child.
[2024-09-08T16:07:24.478+0000] {standard_task_runner.py:72} INFO - Started process 310 to run task
[2024-09-08T16:07:24.459+0000] {standard_task_runner.py:104} INFO - Running: ['***', 'tasks', 'run', 'exchange_rates_dag', 'run_main_script', 'scheduled__2024-02-01T00:00:00+00:00', '--job-id', '50', '--raw', '--subdir', 'DAGS_FOLDER/exchange_rates_dag.py', '--cfg-path', '/tmp/tmpu18o2zd3']
[2024-09-08T16:07:24.491+0000] {standard_task_runner.py:105} INFO - Job 50: Subtask run_main_script
[2024-09-08T16:07:24.998+0000] {task_command.py:467} INFO - Running <TaskInstance: exchange_rates_dag.run_main_script scheduled__2024-02-01T00:00:00+00:00 [running]> on host bd0133ae5e03
[2024-09-08T16:07:25.851+0000] {taskinstance.py:3131} INFO - Exporting env vars: AIRFLOW_CTX_DAG_OWNER='***' AIRFLOW_CTX_DAG_ID='exchange_rates_dag' AIRFLOW_CTX_TASK_ID='run_main_script' AIRFLOW_CTX_EXECUTION_DATE='2024-02-01T00:00:00+00:00' AIRFLOW_CTX_TRY_NUMBER='1' AIRFLOW_CTX_DAG_RUN_ID='scheduled__2024-02-01T00:00:00+00:00'
[2024-09-08T16:07:25.861+0000] {taskinstance.py:731} INFO - ::endgroup::
[2024-09-08T16:08:44.596+0000] {python.py:240} INFO - Done. Returned value was: None
[2024-09-08T16:08:44.611+0000] {taskinstance.py:340} INFO - ::group::Post task execution logs
[2024-09-08T16:08:44.613+0000] {taskinstance.py:352} INFO - Marking task as SUCCESS. dag_id=exchange_rates_dag, task_id=run_main_script, run_id=scheduled__2024-02-01T00:00:00+00:00, execution_date=20240201T000000, start_date=20240908T160723, end_date=20240908T160844
[2024-09-08T16:08:44.641+0000] {local_task_job_runner.py:266} INFO - Task exited with return code 0
[2024-09-08T16:08:44.663+0000] {taskinstance.py:3900} INFO - 0 downstream tasks scheduled from follow-on schedule check
[2024-09-08T16:08:44.666+0000] {local_task_job_runner.py:245} INFO - ::endgroup::
[2024-09-15T05:46:29.069+0000] {local_task_job_runner.py:123} INFO - ::group::Pre task execution logs
[2024-09-15T05:46:29.236+0000] {taskinstance.py:2612} INFO - Dependencies all met for dep_context=non-requeueable deps ti=<TaskInstance: exchange_rates_dag.run_main_script scheduled__2024-02-01T00:00:00+00:00 [queued]>
[2024-09-15T05:46:29.349+0000] {taskinstance.py:2612} INFO - Dependencies all met for dep_context=requeueable deps ti=<TaskInstance: exchange_rates_dag.run_main_script scheduled__2024-02-01T00:00:00+00:00 [queued]>
[2024-09-15T05:46:29.368+0000] {taskinstance.py:2865} INFO - Starting attempt 1 of 2
[2024-09-15T05:46:29.720+0000] {taskinstance.py:2888} INFO - Executing <Task(PythonOperator): run_main_script> on 2024-02-01 00:00:00+00:00
[2024-09-15T05:46:29.778+0000] {logging_mixin.py:190} WARNING - /home/***/.local/lib/python3.12/site-packages/***/task/task_runner/standard_task_runner.py:70 DeprecationWarning: This process (pid=216) is multi-threaded, use of fork() may lead to deadlocks in the child.
[2024-09-15T05:46:29.792+0000] {standard_task_runner.py:72} INFO - Started process 221 to run task
[2024-09-15T05:46:29.779+0000] {standard_task_runner.py:104} INFO - Running: ['***', 'tasks', 'run', 'exchange_rates_dag', 'run_main_script', 'scheduled__2024-02-01T00:00:00+00:00', '--job-id', '101', '--raw', '--subdir', 'DAGS_FOLDER/exchange_rates_dag.py', '--cfg-path', '/tmp/tmpy5a5tcsh']
[2024-09-15T05:46:29.812+0000] {standard_task_runner.py:105} INFO - Job 101: Subtask run_main_script
[2024-09-15T05:46:30.192+0000] {task_command.py:467} INFO - Running <TaskInstance: exchange_rates_dag.run_main_script scheduled__2024-02-01T00:00:00+00:00 [running]> on host ed6b7035df5d
[2024-09-15T05:46:30.858+0000] {taskinstance.py:3131} INFO - Exporting env vars: AIRFLOW_CTX_DAG_EMAIL='***docker@gmail.com' AIRFLOW_CTX_DAG_OWNER='***' AIRFLOW_CTX_DAG_ID='exchange_rates_dag' AIRFLOW_CTX_TASK_ID='run_main_script' AIRFLOW_CTX_EXECUTION_DATE='2024-02-01T00:00:00+00:00' AIRFLOW_CTX_TRY_NUMBER='1' AIRFLOW_CTX_DAG_RUN_ID='scheduled__2024-02-01T00:00:00+00:00'
[2024-09-15T05:46:30.869+0000] {taskinstance.py:731} INFO - ::endgroup::
[2024-09-15T05:47:10.769+0000] {python.py:240} INFO - Done. Returned value was: None
[2024-09-15T05:47:10.791+0000] {taskinstance.py:340} INFO - ::group::Post task execution logs
[2024-09-15T05:47:10.796+0000] {taskinstance.py:352} INFO - Marking task as SUCCESS. dag_id=exchange_rates_dag, task_id=run_main_script, run_id=scheduled__2024-02-01T00:00:00+00:00, execution_date=20240201T000000, start_date=20240915T054629, end_date=20240915T054710
[2024-09-15T05:47:10.847+0000] {local_task_job_runner.py:266} INFO - Task exited with return code 0
[2024-09-15T05:47:10.943+0000] {taskinstance.py:3900} INFO - 1 downstream tasks scheduled from follow-on schedule check
[2024-09-15T05:47:10.955+0000] {local_task_job_runner.py:245} INFO - ::endgroup::
