[2024-09-01 20:30:16,833] {taskinstance.py:1179} INFO - Dependencies all met for <TaskInstance: exchange_rates_dag.run_main_script manual__2024-09-01T20:30:15.702121+00:00 [queued]>
[2024-09-01 20:30:16,859] {taskinstance.py:1179} INFO - Dependencies all met for <TaskInstance: exchange_rates_dag.run_main_script manual__2024-09-01T20:30:15.702121+00:00 [queued]>
[2024-09-01 20:30:16,862] {taskinstance.py:1376} INFO - 
--------------------------------------------------------------------------------
[2024-09-01 20:30:16,865] {taskinstance.py:1377} INFO - Starting attempt 1 of 2
[2024-09-01 20:30:16,867] {taskinstance.py:1378} INFO - 
--------------------------------------------------------------------------------
[2024-09-01 20:30:16,905] {taskinstance.py:1397} INFO - Executing <Task(PythonOperator): run_main_script> on 2024-09-01 20:30:15.702121+00:00
[2024-09-01 20:30:16,920] {standard_task_runner.py:52} INFO - Started process 201 to run task
[2024-09-01 20:30:16,933] {standard_task_runner.py:79} INFO - Running: ['***', 'tasks', 'run', 'exchange_rates_dag', 'run_main_script', 'manual__2024-09-01T20:30:15.702121+00:00', '--job-id', '270', '--raw', '--subdir', 'DAGS_FOLDER/exchange_rates_dag.py', '--cfg-path', '/tmp/tmpn1qeaz2e', '--error-file', '/tmp/tmpkv7ok1qv']
[2024-09-01 20:30:16,939] {standard_task_runner.py:80} INFO - Job 270: Subtask run_main_script
[2024-09-01 20:30:17,142] {task_command.py:371} INFO - Running <TaskInstance: exchange_rates_dag.run_main_script manual__2024-09-01T20:30:15.702121+00:00 [running]> on host 503c9b1d3fe6
[2024-09-01 20:30:17,552] {taskinstance.py:1591} INFO - Exporting the following env vars:
AIRFLOW_CTX_DAG_OWNER=***
AIRFLOW_CTX_DAG_ID=exchange_rates_dag
AIRFLOW_CTX_TASK_ID=run_main_script
AIRFLOW_CTX_EXECUTION_DATE=2024-09-01T20:30:15.702121+00:00
AIRFLOW_CTX_TRY_NUMBER=1
AIRFLOW_CTX_DAG_RUN_ID=manual__2024-09-01T20:30:15.702121+00:00
[2024-09-01 20:30:26,648] {python.py:173} INFO - Done. Returned value was: None
[2024-09-01 20:30:26,669] {taskinstance.py:1420} INFO - Marking task as SUCCESS. dag_id=exchange_rates_dag, task_id=run_main_script, execution_date=20240901T203015, start_date=20240901T203016, end_date=20240901T203026
[2024-09-01 20:30:26,720] {local_task_job.py:156} INFO - Task exited with return code 0
[2024-09-01 20:30:26,755] {local_task_job.py:273} INFO - 0 downstream tasks scheduled from follow-on schedule check
