[2024-09-08T16:08:52.561+0000] {local_task_job_runner.py:123} INFO - ::group::Pre task execution logs
[2024-09-08T16:08:52.692+0000] {taskinstance.py:2612} INFO - Dependencies all met for dep_context=non-requeueable deps ti=<TaskInstance: exchange_rates_dag.run_main_script scheduled__2024-02-10T00:00:00+00:00 [queued]>
[2024-09-08T16:08:52.788+0000] {taskinstance.py:2612} INFO - Dependencies all met for dep_context=requeueable deps ti=<TaskInstance: exchange_rates_dag.run_main_script scheduled__2024-02-10T00:00:00+00:00 [queued]>
[2024-09-08T16:08:52.804+0000] {taskinstance.py:2865} INFO - Starting attempt 1 of 2
[2024-09-08T16:08:52.928+0000] {taskinstance.py:2888} INFO - Executing <Task(PythonOperator): run_main_script> on 2024-02-10 00:00:00+00:00
[2024-09-08T16:08:53.008+0000] {logging_mixin.py:190} WARNING - /home/***/.local/lib/python3.12/site-packages/***/task/task_runner/standard_task_runner.py:70 DeprecationWarning: This process (pid=357) is multi-threaded, use of fork() may lead to deadlocks in the child.
[2024-09-08T16:08:53.034+0000] {standard_task_runner.py:72} INFO - Started process 370 to run task
[2024-09-08T16:08:53.012+0000] {standard_task_runner.py:104} INFO - Running: ['***', 'tasks', 'run', 'exchange_rates_dag', 'run_main_script', 'scheduled__2024-02-10T00:00:00+00:00', '--job-id', '59', '--raw', '--subdir', 'DAGS_FOLDER/exchange_rates_dag.py', '--cfg-path', '/tmp/tmp2irglgyu']
[2024-09-08T16:08:53.062+0000] {standard_task_runner.py:105} INFO - Job 59: Subtask run_main_script
[2024-09-08T16:08:53.482+0000] {task_command.py:467} INFO - Running <TaskInstance: exchange_rates_dag.run_main_script scheduled__2024-02-10T00:00:00+00:00 [running]> on host bd0133ae5e03
[2024-09-08T16:08:54.338+0000] {taskinstance.py:3131} INFO - Exporting env vars: AIRFLOW_CTX_DAG_OWNER='***' AIRFLOW_CTX_DAG_ID='exchange_rates_dag' AIRFLOW_CTX_TASK_ID='run_main_script' AIRFLOW_CTX_EXECUTION_DATE='2024-02-10T00:00:00+00:00' AIRFLOW_CTX_TRY_NUMBER='1' AIRFLOW_CTX_DAG_RUN_ID='scheduled__2024-02-10T00:00:00+00:00'
[2024-09-08T16:08:54.348+0000] {taskinstance.py:731} INFO - ::endgroup::
[2024-09-08T16:09:33.186+0000] {python.py:240} INFO - Done. Returned value was: None
[2024-09-08T16:09:33.252+0000] {taskinstance.py:340} INFO - ::group::Post task execution logs
[2024-09-08T16:09:33.261+0000] {taskinstance.py:352} INFO - Marking task as SUCCESS. dag_id=exchange_rates_dag, task_id=run_main_script, run_id=scheduled__2024-02-10T00:00:00+00:00, execution_date=20240210T000000, start_date=20240908T160852, end_date=20240908T160933
[2024-09-08T16:09:33.449+0000] {local_task_job_runner.py:266} INFO - Task exited with return code 0
[2024-09-08T16:09:33.601+0000] {taskinstance.py:3900} INFO - 0 downstream tasks scheduled from follow-on schedule check
[2024-09-08T16:09:33.613+0000] {local_task_job_runner.py:245} INFO - ::endgroup::
[2024-09-15T05:46:39.836+0000] {local_task_job_runner.py:123} INFO - ::group::Pre task execution logs
[2024-09-15T05:46:40.157+0000] {taskinstance.py:2612} INFO - Dependencies all met for dep_context=non-requeueable deps ti=<TaskInstance: exchange_rates_dag.run_main_script scheduled__2024-02-10T00:00:00+00:00 [queued]>
[2024-09-15T05:46:40.314+0000] {taskinstance.py:2612} INFO - Dependencies all met for dep_context=requeueable deps ti=<TaskInstance: exchange_rates_dag.run_main_script scheduled__2024-02-10T00:00:00+00:00 [queued]>
[2024-09-15T05:46:40.338+0000] {taskinstance.py:2865} INFO - Starting attempt 1 of 2
[2024-09-15T05:46:41.903+0000] {taskinstance.py:2888} INFO - Executing <Task(PythonOperator): run_main_script> on 2024-02-10 00:00:00+00:00
[2024-09-15T05:46:42.069+0000] {logging_mixin.py:190} WARNING - /home/***/.local/lib/python3.12/site-packages/***/task/task_runner/standard_task_runner.py:70 DeprecationWarning: This process (pid=250) is multi-threaded, use of fork() may lead to deadlocks in the child.
[2024-09-15T05:46:42.095+0000] {standard_task_runner.py:72} INFO - Started process 256 to run task
[2024-09-15T05:46:42.076+0000] {standard_task_runner.py:104} INFO - Running: ['***', 'tasks', 'run', 'exchange_rates_dag', 'run_main_script', 'scheduled__2024-02-10T00:00:00+00:00', '--job-id', '110', '--raw', '--subdir', 'DAGS_FOLDER/exchange_rates_dag.py', '--cfg-path', '/tmp/tmpresmn_bq']
[2024-09-15T05:46:42.148+0000] {standard_task_runner.py:105} INFO - Job 110: Subtask run_main_script
[2024-09-15T05:46:43.033+0000] {task_command.py:467} INFO - Running <TaskInstance: exchange_rates_dag.run_main_script scheduled__2024-02-10T00:00:00+00:00 [running]> on host ed6b7035df5d
[2024-09-15T05:46:44.347+0000] {taskinstance.py:3131} INFO - Exporting env vars: AIRFLOW_CTX_DAG_EMAIL='***docker@gmail.com' AIRFLOW_CTX_DAG_OWNER='***' AIRFLOW_CTX_DAG_ID='exchange_rates_dag' AIRFLOW_CTX_TASK_ID='run_main_script' AIRFLOW_CTX_EXECUTION_DATE='2024-02-10T00:00:00+00:00' AIRFLOW_CTX_TRY_NUMBER='1' AIRFLOW_CTX_DAG_RUN_ID='scheduled__2024-02-10T00:00:00+00:00'
[2024-09-15T05:46:44.367+0000] {taskinstance.py:731} INFO - ::endgroup::
[2024-09-15T05:48:16.536+0000] {python.py:240} INFO - Done. Returned value was: None
[2024-09-15T05:48:16.551+0000] {taskinstance.py:340} INFO - ::group::Post task execution logs
[2024-09-15T05:48:16.553+0000] {taskinstance.py:352} INFO - Marking task as SUCCESS. dag_id=exchange_rates_dag, task_id=run_main_script, run_id=scheduled__2024-02-10T00:00:00+00:00, execution_date=20240210T000000, start_date=20240915T054640, end_date=20240915T054816
[2024-09-15T05:48:16.580+0000] {local_task_job_runner.py:266} INFO - Task exited with return code 0
[2024-09-15T05:48:16.611+0000] {taskinstance.py:3900} INFO - 1 downstream tasks scheduled from follow-on schedule check
[2024-09-15T05:48:16.621+0000] {local_task_job_runner.py:245} INFO - ::endgroup::
