[2024-09-01 19:17:03,509] {taskinstance.py:1179} INFO - Dependencies all met for <TaskInstance: exchange_rates_dag.run_main_script scheduled__2024-07-07T00:00:00+00:00 [queued]>
[2024-09-01 19:17:03,591] {taskinstance.py:1179} INFO - Dependencies all met for <TaskInstance: exchange_rates_dag.run_main_script scheduled__2024-07-07T00:00:00+00:00 [queued]>
[2024-09-01 19:17:03,599] {taskinstance.py:1376} INFO - 
--------------------------------------------------------------------------------
[2024-09-01 19:17:03,603] {taskinstance.py:1377} INFO - Starting attempt 1 of 2
[2024-09-01 19:17:03,608] {taskinstance.py:1378} INFO - 
--------------------------------------------------------------------------------
[2024-09-01 19:17:03,739] {taskinstance.py:1397} INFO - Executing <Task(PythonOperator): run_main_script> on 2024-07-07 00:00:00+00:00
[2024-09-01 19:17:03,766] {standard_task_runner.py:52} INFO - Started process 339 to run task
[2024-09-01 19:17:03,793] {standard_task_runner.py:79} INFO - Running: ['***', 'tasks', 'run', 'exchange_rates_dag', 'run_main_script', 'scheduled__2024-07-07T00:00:00+00:00', '--job-id', '194', '--raw', '--subdir', 'DAGS_FOLDER/exchange_rates_dag.py', '--cfg-path', '/tmp/tmpaavyvu_e', '--error-file', '/tmp/tmpd8885w9y']
[2024-09-01 19:17:03,810] {standard_task_runner.py:80} INFO - Job 194: Subtask run_main_script
[2024-09-01 19:17:04,258] {task_command.py:371} INFO - Running <TaskInstance: exchange_rates_dag.run_main_script scheduled__2024-07-07T00:00:00+00:00 [running]> on host 6de2165e2444
[2024-09-01 19:17:04,869] {taskinstance.py:1591} INFO - Exporting the following env vars:
AIRFLOW_CTX_DAG_OWNER=***
AIRFLOW_CTX_DAG_ID=exchange_rates_dag
AIRFLOW_CTX_TASK_ID=run_main_script
AIRFLOW_CTX_EXECUTION_DATE=2024-07-07T00:00:00+00:00
AIRFLOW_CTX_TRY_NUMBER=1
AIRFLOW_CTX_DAG_RUN_ID=scheduled__2024-07-07T00:00:00+00:00
[2024-09-01 19:17:10,672] {python.py:173} INFO - Done. Returned value was: None
[2024-09-01 19:17:10,694] {taskinstance.py:1420} INFO - Marking task as SUCCESS. dag_id=exchange_rates_dag, task_id=run_main_script, execution_date=20240707T000000, start_date=20240901T191703, end_date=20240901T191710
[2024-09-01 19:17:10,756] {local_task_job.py:156} INFO - Task exited with return code 0
[2024-09-01 19:17:10,798] {local_task_job.py:273} INFO - 0 downstream tasks scheduled from follow-on schedule check
