[2024-09-08T16:09:24.949+0000] {local_task_job_runner.py:123} INFO - ::group::Pre task execution logs
[2024-09-08T16:09:25.062+0000] {taskinstance.py:2612} INFO - Dependencies all met for dep_context=non-requeueable deps ti=<TaskInstance: exchange_rates_dag.run_main_script scheduled__2024-02-14T00:00:00+00:00 [queued]>
[2024-09-08T16:09:25.126+0000] {taskinstance.py:2612} INFO - Dependencies all met for dep_context=requeueable deps ti=<TaskInstance: exchange_rates_dag.run_main_script scheduled__2024-02-14T00:00:00+00:00 [queued]>
[2024-09-08T16:09:25.136+0000] {taskinstance.py:2865} INFO - Starting attempt 1 of 2
[2024-09-08T16:09:25.485+0000] {taskinstance.py:2888} INFO - Executing <Task(PythonOperator): run_main_script> on 2024-02-14 00:00:00+00:00
[2024-09-08T16:09:25.537+0000] {logging_mixin.py:190} WARNING - /home/***/.local/lib/python3.12/site-packages/***/task/task_runner/standard_task_runner.py:70 DeprecationWarning: This process (pid=393) is multi-threaded, use of fork() may lead to deadlocks in the child.
[2024-09-08T16:09:25.555+0000] {standard_task_runner.py:72} INFO - Started process 398 to run task
[2024-09-08T16:09:25.535+0000] {standard_task_runner.py:104} INFO - Running: ['***', 'tasks', 'run', 'exchange_rates_dag', 'run_main_script', 'scheduled__2024-02-14T00:00:00+00:00', '--job-id', '63', '--raw', '--subdir', 'DAGS_FOLDER/exchange_rates_dag.py', '--cfg-path', '/tmp/tmpz1vqaagg']
[2024-09-08T16:09:25.574+0000] {standard_task_runner.py:105} INFO - Job 63: Subtask run_main_script
[2024-09-08T16:09:25.930+0000] {task_command.py:467} INFO - Running <TaskInstance: exchange_rates_dag.run_main_script scheduled__2024-02-14T00:00:00+00:00 [running]> on host bd0133ae5e03
[2024-09-08T16:09:26.858+0000] {taskinstance.py:3131} INFO - Exporting env vars: AIRFLOW_CTX_DAG_OWNER='***' AIRFLOW_CTX_DAG_ID='exchange_rates_dag' AIRFLOW_CTX_TASK_ID='run_main_script' AIRFLOW_CTX_EXECUTION_DATE='2024-02-14T00:00:00+00:00' AIRFLOW_CTX_TRY_NUMBER='1' AIRFLOW_CTX_DAG_RUN_ID='scheduled__2024-02-14T00:00:00+00:00'
[2024-09-08T16:09:26.869+0000] {taskinstance.py:731} INFO - ::endgroup::
[2024-09-15T05:46:52.412+0000] {local_task_job_runner.py:123} INFO - ::group::Pre task execution logs
[2024-09-15T05:46:52.764+0000] {taskinstance.py:2612} INFO - Dependencies all met for dep_context=non-requeueable deps ti=<TaskInstance: exchange_rates_dag.run_main_script scheduled__2024-02-14T00:00:00+00:00 [queued]>
[2024-09-15T05:46:52.952+0000] {taskinstance.py:2612} INFO - Dependencies all met for dep_context=requeueable deps ti=<TaskInstance: exchange_rates_dag.run_main_script scheduled__2024-02-14T00:00:00+00:00 [queued]>
[2024-09-15T05:46:52.972+0000] {taskinstance.py:2865} INFO - Starting attempt 1 of 2
[2024-09-15T05:46:53.346+0000] {taskinstance.py:2888} INFO - Executing <Task(PythonOperator): run_main_script> on 2024-02-14 00:00:00+00:00
[2024-09-15T05:46:53.612+0000] {logging_mixin.py:190} WARNING - /home/***/.local/lib/python3.12/site-packages/***/task/task_runner/standard_task_runner.py:70 DeprecationWarning: This process (pid=272) is multi-threaded, use of fork() may lead to deadlocks in the child.
[2024-09-15T05:46:53.645+0000] {standard_task_runner.py:72} INFO - Started process 280 to run task
[2024-09-15T05:46:53.629+0000] {standard_task_runner.py:104} INFO - Running: ['***', 'tasks', 'run', 'exchange_rates_dag', 'run_main_script', 'scheduled__2024-02-14T00:00:00+00:00', '--job-id', '114', '--raw', '--subdir', 'DAGS_FOLDER/exchange_rates_dag.py', '--cfg-path', '/tmp/tmp4xn41_fd']
[2024-09-15T05:46:53.709+0000] {standard_task_runner.py:105} INFO - Job 114: Subtask run_main_script
[2024-09-15T05:46:54.519+0000] {task_command.py:467} INFO - Running <TaskInstance: exchange_rates_dag.run_main_script scheduled__2024-02-14T00:00:00+00:00 [running]> on host ed6b7035df5d
[2024-09-15T05:46:56.217+0000] {taskinstance.py:3131} INFO - Exporting env vars: AIRFLOW_CTX_DAG_EMAIL='***docker@gmail.com' AIRFLOW_CTX_DAG_OWNER='***' AIRFLOW_CTX_DAG_ID='exchange_rates_dag' AIRFLOW_CTX_TASK_ID='run_main_script' AIRFLOW_CTX_EXECUTION_DATE='2024-02-14T00:00:00+00:00' AIRFLOW_CTX_TRY_NUMBER='1' AIRFLOW_CTX_DAG_RUN_ID='scheduled__2024-02-14T00:00:00+00:00'
[2024-09-15T05:46:56.243+0000] {taskinstance.py:731} INFO - ::endgroup::
[2024-09-15T05:48:46.322+0000] {python.py:240} INFO - Done. Returned value was: None
[2024-09-15T05:48:46.337+0000] {taskinstance.py:340} INFO - ::group::Post task execution logs
[2024-09-15T05:48:46.340+0000] {taskinstance.py:352} INFO - Marking task as SUCCESS. dag_id=exchange_rates_dag, task_id=run_main_script, run_id=scheduled__2024-02-14T00:00:00+00:00, execution_date=20240214T000000, start_date=20240915T054652, end_date=20240915T054846
[2024-09-15T05:48:46.386+0000] {local_task_job_runner.py:266} INFO - Task exited with return code 0
[2024-09-15T05:48:46.420+0000] {taskinstance.py:3900} INFO - 1 downstream tasks scheduled from follow-on schedule check
[2024-09-15T05:48:46.429+0000] {local_task_job_runner.py:245} INFO - ::endgroup::
