[2024-09-08T16:06:21.337+0000] {local_task_job_runner.py:123} INFO - ::group::Pre task execution logs
[2024-09-08T16:06:21.390+0000] {taskinstance.py:2612} INFO - Dependencies all met for dep_context=non-requeueable deps ti=<TaskInstance: exchange_rates_dag.run_main_script scheduled__2024-01-22T00:00:00+00:00 [queued]>
[2024-09-08T16:06:21.428+0000] {taskinstance.py:2612} INFO - Dependencies all met for dep_context=requeueable deps ti=<TaskInstance: exchange_rates_dag.run_main_script scheduled__2024-01-22T00:00:00+00:00 [queued]>
[2024-09-08T16:06:21.438+0000] {taskinstance.py:2865} INFO - Starting attempt 1 of 2
[2024-09-08T16:06:21.493+0000] {taskinstance.py:2888} INFO - Executing <Task(PythonOperator): run_main_script> on 2024-01-22 00:00:00+00:00
[2024-09-08T16:06:21.517+0000] {logging_mixin.py:190} WARNING - /home/***/.local/lib/python3.12/site-packages/***/task/task_runner/standard_task_runner.py:70 DeprecationWarning: This process (pid=252) is multi-threaded, use of fork() may lead to deadlocks in the child.
[2024-09-08T16:06:21.525+0000] {standard_task_runner.py:72} INFO - Started process 254 to run task
[2024-09-08T16:06:21.515+0000] {standard_task_runner.py:104} INFO - Running: ['***', 'tasks', 'run', 'exchange_rates_dag', 'run_main_script', 'scheduled__2024-01-22T00:00:00+00:00', '--job-id', '40', '--raw', '--subdir', 'DAGS_FOLDER/exchange_rates_dag.py', '--cfg-path', '/tmp/tmpf7pl6pq2']
[2024-09-08T16:06:21.531+0000] {standard_task_runner.py:105} INFO - Job 40: Subtask run_main_script
[2024-09-08T16:06:21.667+0000] {task_command.py:467} INFO - Running <TaskInstance: exchange_rates_dag.run_main_script scheduled__2024-01-22T00:00:00+00:00 [running]> on host bd0133ae5e03
[2024-09-08T16:06:21.891+0000] {taskinstance.py:3131} INFO - Exporting env vars: AIRFLOW_CTX_DAG_OWNER='***' AIRFLOW_CTX_DAG_ID='exchange_rates_dag' AIRFLOW_CTX_TASK_ID='run_main_script' AIRFLOW_CTX_EXECUTION_DATE='2024-01-22T00:00:00+00:00' AIRFLOW_CTX_TRY_NUMBER='1' AIRFLOW_CTX_DAG_RUN_ID='scheduled__2024-01-22T00:00:00+00:00'
[2024-09-08T16:06:21.893+0000] {taskinstance.py:731} INFO - ::endgroup::
[2024-09-08T16:07:46.447+0000] {python.py:240} INFO - Done. Returned value was: None
[2024-09-08T16:07:46.467+0000] {taskinstance.py:340} INFO - ::group::Post task execution logs
[2024-09-08T16:07:46.470+0000] {taskinstance.py:352} INFO - Marking task as SUCCESS. dag_id=exchange_rates_dag, task_id=run_main_script, run_id=scheduled__2024-01-22T00:00:00+00:00, execution_date=20240122T000000, start_date=20240908T160621, end_date=20240908T160746
[2024-09-08T16:07:46.514+0000] {local_task_job_runner.py:266} INFO - Task exited with return code 0
[2024-09-08T16:07:46.556+0000] {taskinstance.py:3900} INFO - 0 downstream tasks scheduled from follow-on schedule check
[2024-09-08T16:07:46.565+0000] {local_task_job_runner.py:245} INFO - ::endgroup::
[2024-09-15T05:37:27.647+0000] {local_task_job_runner.py:123} INFO - ::group::Pre task execution logs
[2024-09-15T05:37:27.852+0000] {taskinstance.py:2612} INFO - Dependencies all met for dep_context=non-requeueable deps ti=<TaskInstance: exchange_rates_dag.run_main_script scheduled__2024-01-22T00:00:00+00:00 [queued]>
[2024-09-15T05:37:27.960+0000] {taskinstance.py:2612} INFO - Dependencies all met for dep_context=requeueable deps ti=<TaskInstance: exchange_rates_dag.run_main_script scheduled__2024-01-22T00:00:00+00:00 [queued]>
[2024-09-15T05:37:27.972+0000] {taskinstance.py:2865} INFO - Starting attempt 1 of 2
[2024-09-15T05:37:28.807+0000] {taskinstance.py:2888} INFO - Executing <Task(PythonOperator): run_main_script> on 2024-01-22 00:00:00+00:00
[2024-09-15T05:37:28.943+0000] {logging_mixin.py:190} WARNING - /home/***/.local/lib/python3.12/site-packages/***/task/task_runner/standard_task_runner.py:70 DeprecationWarning: This process (pid=238) is multi-threaded, use of fork() may lead to deadlocks in the child.
[2024-09-15T05:37:28.970+0000] {standard_task_runner.py:72} INFO - Started process 244 to run task
[2024-09-15T05:37:28.928+0000] {standard_task_runner.py:104} INFO - Running: ['***', 'tasks', 'run', 'exchange_rates_dag', 'run_main_script', 'scheduled__2024-01-22T00:00:00+00:00', '--job-id', '58', '--raw', '--subdir', 'DAGS_FOLDER/exchange_rates_dag.py', '--cfg-path', '/tmp/tmpwc7yf4dh']
[2024-09-15T05:37:28.986+0000] {standard_task_runner.py:105} INFO - Job 58: Subtask run_main_script
[2024-09-15T05:37:29.737+0000] {task_command.py:467} INFO - Running <TaskInstance: exchange_rates_dag.run_main_script scheduled__2024-01-22T00:00:00+00:00 [running]> on host ed6b7035df5d
[2024-09-15T05:37:30.912+0000] {taskinstance.py:3131} INFO - Exporting env vars: AIRFLOW_CTX_DAG_EMAIL='***docker@gmail.com' AIRFLOW_CTX_DAG_OWNER='***' AIRFLOW_CTX_DAG_ID='exchange_rates_dag' AIRFLOW_CTX_TASK_ID='run_main_script' AIRFLOW_CTX_EXECUTION_DATE='2024-01-22T00:00:00+00:00' AIRFLOW_CTX_TRY_NUMBER='1' AIRFLOW_CTX_DAG_RUN_ID='scheduled__2024-01-22T00:00:00+00:00'
[2024-09-15T05:37:30.947+0000] {taskinstance.py:731} INFO - ::endgroup::
[2024-09-15T05:38:48.139+0000] {python.py:240} INFO - Done. Returned value was: None
[2024-09-15T05:38:48.160+0000] {taskinstance.py:340} INFO - ::group::Post task execution logs
[2024-09-15T05:38:48.162+0000] {taskinstance.py:352} INFO - Marking task as SUCCESS. dag_id=exchange_rates_dag, task_id=run_main_script, run_id=scheduled__2024-01-22T00:00:00+00:00, execution_date=20240122T000000, start_date=20240915T053727, end_date=20240915T053848
[2024-09-15T05:38:48.212+0000] {local_task_job_runner.py:266} INFO - Task exited with return code 0
[2024-09-15T05:38:48.244+0000] {taskinstance.py:3900} INFO - 1 downstream tasks scheduled from follow-on schedule check
[2024-09-15T05:38:48.251+0000] {local_task_job_runner.py:245} INFO - ::endgroup::
