[2024-09-08T16:08:53.381+0000] {local_task_job_runner.py:123} INFO - ::group::Pre task execution logs
[2024-09-08T16:08:53.590+0000] {taskinstance.py:2612} INFO - Dependencies all met for dep_context=non-requeueable deps ti=<TaskInstance: exchange_rates_dag.run_main_script scheduled__2024-02-11T00:00:00+00:00 [queued]>
[2024-09-08T16:08:53.696+0000] {taskinstance.py:2612} INFO - Dependencies all met for dep_context=requeueable deps ti=<TaskInstance: exchange_rates_dag.run_main_script scheduled__2024-02-11T00:00:00+00:00 [queued]>
[2024-09-08T16:08:53.706+0000] {taskinstance.py:2865} INFO - Starting attempt 1 of 2
[2024-09-08T16:08:53.828+0000] {taskinstance.py:2888} INFO - Executing <Task(PythonOperator): run_main_script> on 2024-02-11 00:00:00+00:00
[2024-09-08T16:08:53.901+0000] {logging_mixin.py:190} WARNING - /home/***/.local/lib/python3.12/site-packages/***/task/task_runner/standard_task_runner.py:70 DeprecationWarning: This process (pid=362) is multi-threaded, use of fork() may lead to deadlocks in the child.
[2024-09-08T16:08:53.924+0000] {standard_task_runner.py:72} INFO - Started process 373 to run task
[2024-09-08T16:08:53.895+0000] {standard_task_runner.py:104} INFO - Running: ['***', 'tasks', 'run', 'exchange_rates_dag', 'run_main_script', 'scheduled__2024-02-11T00:00:00+00:00', '--job-id', '60', '--raw', '--subdir', 'DAGS_FOLDER/exchange_rates_dag.py', '--cfg-path', '/tmp/tmppy7s4wyy']
[2024-09-08T16:08:53.932+0000] {standard_task_runner.py:105} INFO - Job 60: Subtask run_main_script
[2024-09-08T16:08:54.285+0000] {task_command.py:467} INFO - Running <TaskInstance: exchange_rates_dag.run_main_script scheduled__2024-02-11T00:00:00+00:00 [running]> on host bd0133ae5e03
[2024-09-08T16:08:55.155+0000] {taskinstance.py:3131} INFO - Exporting env vars: AIRFLOW_CTX_DAG_OWNER='***' AIRFLOW_CTX_DAG_ID='exchange_rates_dag' AIRFLOW_CTX_TASK_ID='run_main_script' AIRFLOW_CTX_EXECUTION_DATE='2024-02-11T00:00:00+00:00' AIRFLOW_CTX_TRY_NUMBER='1' AIRFLOW_CTX_DAG_RUN_ID='scheduled__2024-02-11T00:00:00+00:00'
[2024-09-08T16:08:55.163+0000] {taskinstance.py:731} INFO - ::endgroup::
[2024-09-15T05:46:42.009+0000] {local_task_job_runner.py:123} INFO - ::group::Pre task execution logs
[2024-09-15T05:46:42.319+0000] {taskinstance.py:2612} INFO - Dependencies all met for dep_context=non-requeueable deps ti=<TaskInstance: exchange_rates_dag.run_main_script scheduled__2024-02-11T00:00:00+00:00 [queued]>
[2024-09-15T05:46:42.505+0000] {taskinstance.py:2612} INFO - Dependencies all met for dep_context=requeueable deps ti=<TaskInstance: exchange_rates_dag.run_main_script scheduled__2024-02-11T00:00:00+00:00 [queued]>
[2024-09-15T05:46:42.525+0000] {taskinstance.py:2865} INFO - Starting attempt 1 of 2
[2024-09-15T05:46:44.845+0000] {taskinstance.py:2888} INFO - Executing <Task(PythonOperator): run_main_script> on 2024-02-11 00:00:00+00:00
[2024-09-15T05:46:44.994+0000] {logging_mixin.py:190} WARNING - /home/***/.local/lib/python3.12/site-packages/***/task/task_runner/standard_task_runner.py:70 DeprecationWarning: This process (pid=254) is multi-threaded, use of fork() may lead to deadlocks in the child.
[2024-09-15T05:46:45.033+0000] {standard_task_runner.py:72} INFO - Started process 264 to run task
[2024-09-15T05:46:44.998+0000] {standard_task_runner.py:104} INFO - Running: ['***', 'tasks', 'run', 'exchange_rates_dag', 'run_main_script', 'scheduled__2024-02-11T00:00:00+00:00', '--job-id', '111', '--raw', '--subdir', 'DAGS_FOLDER/exchange_rates_dag.py', '--cfg-path', '/tmp/tmpj6njlowg']
[2024-09-15T05:46:45.063+0000] {standard_task_runner.py:105} INFO - Job 111: Subtask run_main_script
[2024-09-15T05:46:46.633+0000] {task_command.py:467} INFO - Running <TaskInstance: exchange_rates_dag.run_main_script scheduled__2024-02-11T00:00:00+00:00 [running]> on host ed6b7035df5d
[2024-09-15T05:46:48.182+0000] {taskinstance.py:3131} INFO - Exporting env vars: AIRFLOW_CTX_DAG_EMAIL='***docker@gmail.com' AIRFLOW_CTX_DAG_OWNER='***' AIRFLOW_CTX_DAG_ID='exchange_rates_dag' AIRFLOW_CTX_TASK_ID='run_main_script' AIRFLOW_CTX_EXECUTION_DATE='2024-02-11T00:00:00+00:00' AIRFLOW_CTX_TRY_NUMBER='1' AIRFLOW_CTX_DAG_RUN_ID='scheduled__2024-02-11T00:00:00+00:00'
[2024-09-15T05:46:48.217+0000] {taskinstance.py:731} INFO - ::endgroup::
[2024-09-15T05:48:23.686+0000] {python.py:240} INFO - Done. Returned value was: None
[2024-09-15T05:48:23.700+0000] {taskinstance.py:340} INFO - ::group::Post task execution logs
[2024-09-15T05:48:23.703+0000] {taskinstance.py:352} INFO - Marking task as SUCCESS. dag_id=exchange_rates_dag, task_id=run_main_script, run_id=scheduled__2024-02-11T00:00:00+00:00, execution_date=20240211T000000, start_date=20240915T054642, end_date=20240915T054823
[2024-09-15T05:48:23.751+0000] {local_task_job_runner.py:266} INFO - Task exited with return code 0
[2024-09-15T05:48:23.785+0000] {taskinstance.py:3900} INFO - 1 downstream tasks scheduled from follow-on schedule check
[2024-09-15T05:48:23.794+0000] {local_task_job_runner.py:245} INFO - ::endgroup::
