[2024-09-01 19:19:04,239] {taskinstance.py:1179} INFO - Dependencies all met for <TaskInstance: exchange_rates_dag.run_main_script scheduled__2024-08-16T00:00:00+00:00 [queued]>
[2024-09-01 19:19:04,474] {taskinstance.py:1179} INFO - Dependencies all met for <TaskInstance: exchange_rates_dag.run_main_script scheduled__2024-08-16T00:00:00+00:00 [queued]>
[2024-09-01 19:19:04,497] {taskinstance.py:1376} INFO - 
--------------------------------------------------------------------------------
[2024-09-01 19:19:04,503] {taskinstance.py:1377} INFO - Starting attempt 1 of 2
[2024-09-01 19:19:04,514] {taskinstance.py:1378} INFO - 
--------------------------------------------------------------------------------
[2024-09-01 19:19:04,908] {taskinstance.py:1397} INFO - Executing <Task(PythonOperator): run_main_script> on 2024-08-16 00:00:00+00:00
[2024-09-01 19:19:04,974] {standard_task_runner.py:52} INFO - Started process 697 to run task
[2024-09-01 19:19:05,081] {standard_task_runner.py:79} INFO - Running: ['***', 'tasks', 'run', 'exchange_rates_dag', 'run_main_script', 'scheduled__2024-08-16T00:00:00+00:00', '--job-id', '245', '--raw', '--subdir', 'DAGS_FOLDER/exchange_rates_dag.py', '--cfg-path', '/tmp/tmp_9n_lyo6', '--error-file', '/tmp/tmpwb1c4qlr']
[2024-09-01 19:19:05,130] {standard_task_runner.py:80} INFO - Job 245: Subtask run_main_script
[2024-09-01 19:19:06,951] {task_command.py:371} INFO - Running <TaskInstance: exchange_rates_dag.run_main_script scheduled__2024-08-16T00:00:00+00:00 [running]> on host 6de2165e2444
[2024-09-01 19:19:08,446] {taskinstance.py:1591} INFO - Exporting the following env vars:
AIRFLOW_CTX_DAG_OWNER=***
AIRFLOW_CTX_DAG_ID=exchange_rates_dag
AIRFLOW_CTX_TASK_ID=run_main_script
AIRFLOW_CTX_EXECUTION_DATE=2024-08-16T00:00:00+00:00
AIRFLOW_CTX_TRY_NUMBER=1
AIRFLOW_CTX_DAG_RUN_ID=scheduled__2024-08-16T00:00:00+00:00
[2024-09-01 19:19:20,669] {python.py:173} INFO - Done. Returned value was: None
[2024-09-01 19:19:20,707] {taskinstance.py:1420} INFO - Marking task as SUCCESS. dag_id=exchange_rates_dag, task_id=run_main_script, execution_date=20240816T000000, start_date=20240901T191904, end_date=20240901T191920
[2024-09-01 19:19:20,765] {local_task_job.py:156} INFO - Task exited with return code 0
[2024-09-01 19:19:20,824] {local_task_job.py:273} INFO - 0 downstream tasks scheduled from follow-on schedule check
[2024-09-15T06:02:48.648+0000] {local_task_job_runner.py:123} INFO - ::group::Pre task execution logs
[2024-09-15T06:02:48.729+0000] {taskinstance.py:2612} INFO - Dependencies all met for dep_context=non-requeueable deps ti=<TaskInstance: exchange_rates_dag.run_main_script scheduled__2024-08-16T00:00:00+00:00 [queued]>
[2024-09-15T06:02:48.773+0000] {taskinstance.py:2612} INFO - Dependencies all met for dep_context=requeueable deps ti=<TaskInstance: exchange_rates_dag.run_main_script scheduled__2024-08-16T00:00:00+00:00 [queued]>
[2024-09-15T06:02:48.780+0000] {taskinstance.py:2865} INFO - Starting attempt 1 of 2
[2024-09-15T06:02:48.850+0000] {taskinstance.py:2888} INFO - Executing <Task(PythonOperator): run_main_script> on 2024-08-16 00:00:00+00:00
[2024-09-15T06:02:48.895+0000] {logging_mixin.py:190} WARNING - /home/***/.local/lib/python3.12/site-packages/***/task/task_runner/standard_task_runner.py:70 DeprecationWarning: This process (pid=381) is multi-threaded, use of fork() may lead to deadlocks in the child.
[2024-09-15T06:02:48.912+0000] {standard_task_runner.py:72} INFO - Started process 385 to run task
[2024-09-15T06:02:48.900+0000] {standard_task_runner.py:104} INFO - Running: ['***', 'tasks', 'run', 'exchange_rates_dag', 'run_main_script', 'scheduled__2024-08-16T00:00:00+00:00', '--job-id', '250', '--raw', '--subdir', 'DAGS_FOLDER/exchange_rates_dag.py', '--cfg-path', '/tmp/tmpsw6ny28r']
[2024-09-15T06:02:48.919+0000] {standard_task_runner.py:105} INFO - Job 250: Subtask run_main_script
[2024-09-15T06:02:49.238+0000] {task_command.py:467} INFO - Running <TaskInstance: exchange_rates_dag.run_main_script scheduled__2024-08-16T00:00:00+00:00 [running]> on host ed6b7035df5d
[2024-09-15T06:02:49.641+0000] {taskinstance.py:3131} INFO - Exporting env vars: AIRFLOW_CTX_DAG_EMAIL='***docker@gmail.com' AIRFLOW_CTX_DAG_OWNER='***' AIRFLOW_CTX_DAG_ID='exchange_rates_dag' AIRFLOW_CTX_TASK_ID='run_main_script' AIRFLOW_CTX_EXECUTION_DATE='2024-08-16T00:00:00+00:00' AIRFLOW_CTX_TRY_NUMBER='1' AIRFLOW_CTX_DAG_RUN_ID='scheduled__2024-08-16T00:00:00+00:00'
[2024-09-15T06:02:49.655+0000] {taskinstance.py:731} INFO - ::endgroup::
[2024-09-15T06:04:52.231+0000] {python.py:240} INFO - Done. Returned value was: None
[2024-09-15T06:04:52.273+0000] {taskinstance.py:340} INFO - ::group::Post task execution logs
[2024-09-15T06:04:52.278+0000] {taskinstance.py:352} INFO - Marking task as SUCCESS. dag_id=exchange_rates_dag, task_id=run_main_script, run_id=scheduled__2024-08-16T00:00:00+00:00, execution_date=20240816T000000, start_date=20240915T060248, end_date=20240915T060452
[2024-09-15T06:04:52.466+0000] {local_task_job_runner.py:266} INFO - Task exited with return code 0
[2024-09-15T06:04:52.594+0000] {taskinstance.py:3900} INFO - 1 downstream tasks scheduled from follow-on schedule check
[2024-09-15T06:04:52.613+0000] {local_task_job_runner.py:245} INFO - ::endgroup::
