[2024-09-01 19:41:41,272] {taskinstance.py:1179} INFO - Dependencies all met for <TaskInstance: exchange_rates_dag.run_main_script manual__2024-09-01T19:41:40.410115+00:00 [queued]>
[2024-09-01 19:41:41,286] {taskinstance.py:1179} INFO - Dependencies all met for <TaskInstance: exchange_rates_dag.run_main_script manual__2024-09-01T19:41:40.410115+00:00 [queued]>
[2024-09-01 19:41:41,288] {taskinstance.py:1376} INFO - 
--------------------------------------------------------------------------------
[2024-09-01 19:41:41,290] {taskinstance.py:1377} INFO - Starting attempt 1 of 2
[2024-09-01 19:41:41,292] {taskinstance.py:1378} INFO - 
--------------------------------------------------------------------------------
[2024-09-01 19:41:41,312] {taskinstance.py:1397} INFO - Executing <Task(PythonOperator): run_main_script> on 2024-09-01 19:41:40.410115+00:00
[2024-09-01 19:41:41,321] {standard_task_runner.py:52} INFO - Started process 361 to run task
[2024-09-01 19:41:41,325] {standard_task_runner.py:79} INFO - Running: ['***', 'tasks', 'run', 'exchange_rates_dag', 'run_main_script', 'manual__2024-09-01T19:41:40.410115+00:00', '--job-id', '265', '--raw', '--subdir', 'DAGS_FOLDER/exchange_rates_dag.py', '--cfg-path', '/tmp/tmptheft_4c', '--error-file', '/tmp/tmpplk4hf52']
[2024-09-01 19:41:41,331] {standard_task_runner.py:80} INFO - Job 265: Subtask run_main_script
[2024-09-01 19:41:41,437] {task_command.py:371} INFO - Running <TaskInstance: exchange_rates_dag.run_main_script manual__2024-09-01T19:41:40.410115+00:00 [running]> on host 3aab6399af31
[2024-09-01 19:41:41,596] {taskinstance.py:1591} INFO - Exporting the following env vars:
AIRFLOW_CTX_DAG_OWNER=***
AIRFLOW_CTX_DAG_ID=exchange_rates_dag
AIRFLOW_CTX_TASK_ID=run_main_script
AIRFLOW_CTX_EXECUTION_DATE=2024-09-01T19:41:40.410115+00:00
AIRFLOW_CTX_TRY_NUMBER=1
AIRFLOW_CTX_DAG_RUN_ID=manual__2024-09-01T19:41:40.410115+00:00
[2024-09-01 19:41:43,173] {python.py:173} INFO - Done. Returned value was: None
[2024-09-01 19:41:43,195] {taskinstance.py:1420} INFO - Marking task as SUCCESS. dag_id=exchange_rates_dag, task_id=run_main_script, execution_date=20240901T194140, start_date=20240901T194141, end_date=20240901T194143
[2024-09-01 19:41:43,233] {local_task_job.py:156} INFO - Task exited with return code 0
[2024-09-01 19:41:43,274] {local_task_job.py:273} INFO - 0 downstream tasks scheduled from follow-on schedule check
