[2024-09-01 19:18:36,230] {taskinstance.py:1179} INFO - Dependencies all met for <TaskInstance: exchange_rates_dag.run_main_script scheduled__2024-08-11T00:00:00+00:00 [queued]>
[2024-09-01 19:18:36,307] {taskinstance.py:1179} INFO - Dependencies all met for <TaskInstance: exchange_rates_dag.run_main_script scheduled__2024-08-11T00:00:00+00:00 [queued]>
[2024-09-01 19:18:36,312] {taskinstance.py:1376} INFO - 
--------------------------------------------------------------------------------
[2024-09-01 19:18:36,315] {taskinstance.py:1377} INFO - Starting attempt 1 of 2
[2024-09-01 19:18:36,318] {taskinstance.py:1378} INFO - 
--------------------------------------------------------------------------------
[2024-09-01 19:18:36,415] {taskinstance.py:1397} INFO - Executing <Task(PythonOperator): run_main_script> on 2024-08-11 00:00:00+00:00
[2024-09-01 19:18:36,436] {standard_task_runner.py:52} INFO - Started process 591 to run task
[2024-09-01 19:18:36,463] {standard_task_runner.py:79} INFO - Running: ['***', 'tasks', 'run', 'exchange_rates_dag', 'run_main_script', 'scheduled__2024-08-11T00:00:00+00:00', '--job-id', '229', '--raw', '--subdir', 'DAGS_FOLDER/exchange_rates_dag.py', '--cfg-path', '/tmp/tmpjbmkr5zn', '--error-file', '/tmp/tmpxv2r76ja']
[2024-09-01 19:18:36,474] {standard_task_runner.py:80} INFO - Job 229: Subtask run_main_script
[2024-09-01 19:18:36,865] {task_command.py:371} INFO - Running <TaskInstance: exchange_rates_dag.run_main_script scheduled__2024-08-11T00:00:00+00:00 [running]> on host 6de2165e2444
[2024-09-01 19:18:37,345] {taskinstance.py:1591} INFO - Exporting the following env vars:
AIRFLOW_CTX_DAG_OWNER=***
AIRFLOW_CTX_DAG_ID=exchange_rates_dag
AIRFLOW_CTX_TASK_ID=run_main_script
AIRFLOW_CTX_EXECUTION_DATE=2024-08-11T00:00:00+00:00
AIRFLOW_CTX_TRY_NUMBER=1
AIRFLOW_CTX_DAG_RUN_ID=scheduled__2024-08-11T00:00:00+00:00
[2024-09-01 19:18:43,108] {python.py:173} INFO - Done. Returned value was: None
[2024-09-01 19:18:43,239] {taskinstance.py:1420} INFO - Marking task as SUCCESS. dag_id=exchange_rates_dag, task_id=run_main_script, execution_date=20240811T000000, start_date=20240901T191836, end_date=20240901T191843
[2024-09-01 19:18:43,297] {local_task_job.py:156} INFO - Task exited with return code 0
[2024-09-01 19:18:43,629] {local_task_job.py:273} INFO - 0 downstream tasks scheduled from follow-on schedule check
[2024-09-15T06:02:12.356+0000] {local_task_job_runner.py:123} INFO - ::group::Pre task execution logs
[2024-09-15T06:02:12.454+0000] {taskinstance.py:2612} INFO - Dependencies all met for dep_context=non-requeueable deps ti=<TaskInstance: exchange_rates_dag.run_main_script scheduled__2024-08-11T00:00:00+00:00 [queued]>
[2024-09-15T06:02:12.514+0000] {taskinstance.py:2612} INFO - Dependencies all met for dep_context=requeueable deps ti=<TaskInstance: exchange_rates_dag.run_main_script scheduled__2024-08-11T00:00:00+00:00 [queued]>
[2024-09-15T06:02:12.520+0000] {taskinstance.py:2865} INFO - Starting attempt 1 of 2
[2024-09-15T06:02:12.579+0000] {taskinstance.py:2888} INFO - Executing <Task(PythonOperator): run_main_script> on 2024-08-11 00:00:00+00:00
[2024-09-15T06:02:12.616+0000] {logging_mixin.py:190} WARNING - /home/***/.local/lib/python3.12/site-packages/***/task/task_runner/standard_task_runner.py:70 DeprecationWarning: This process (pid=332) is multi-threaded, use of fork() may lead to deadlocks in the child.
[2024-09-15T06:02:12.624+0000] {standard_task_runner.py:72} INFO - Started process 336 to run task
[2024-09-15T06:02:12.620+0000] {standard_task_runner.py:104} INFO - Running: ['***', 'tasks', 'run', 'exchange_rates_dag', 'run_main_script', 'scheduled__2024-08-11T00:00:00+00:00', '--job-id', '240', '--raw', '--subdir', 'DAGS_FOLDER/exchange_rates_dag.py', '--cfg-path', '/tmp/tmpblpfwkqk']
[2024-09-15T06:02:12.630+0000] {standard_task_runner.py:105} INFO - Job 240: Subtask run_main_script
[2024-09-15T06:02:12.805+0000] {task_command.py:467} INFO - Running <TaskInstance: exchange_rates_dag.run_main_script scheduled__2024-08-11T00:00:00+00:00 [running]> on host ed6b7035df5d
[2024-09-15T06:02:13.126+0000] {taskinstance.py:3131} INFO - Exporting env vars: AIRFLOW_CTX_DAG_EMAIL='***docker@gmail.com' AIRFLOW_CTX_DAG_OWNER='***' AIRFLOW_CTX_DAG_ID='exchange_rates_dag' AIRFLOW_CTX_TASK_ID='run_main_script' AIRFLOW_CTX_EXECUTION_DATE='2024-08-11T00:00:00+00:00' AIRFLOW_CTX_TRY_NUMBER='1' AIRFLOW_CTX_DAG_RUN_ID='scheduled__2024-08-11T00:00:00+00:00'
[2024-09-15T06:02:13.135+0000] {taskinstance.py:731} INFO - ::endgroup::
[2024-09-15T06:04:03.070+0000] {python.py:240} INFO - Done. Returned value was: None
[2024-09-15T06:04:03.088+0000] {taskinstance.py:340} INFO - ::group::Post task execution logs
[2024-09-15T06:04:03.093+0000] {taskinstance.py:352} INFO - Marking task as SUCCESS. dag_id=exchange_rates_dag, task_id=run_main_script, run_id=scheduled__2024-08-11T00:00:00+00:00, execution_date=20240811T000000, start_date=20240915T060212, end_date=20240915T060403
[2024-09-15T06:04:03.175+0000] {local_task_job_runner.py:266} INFO - Task exited with return code 0
[2024-09-15T06:04:03.209+0000] {taskinstance.py:3900} INFO - 1 downstream tasks scheduled from follow-on schedule check
[2024-09-15T06:04:03.218+0000] {local_task_job_runner.py:245} INFO - ::endgroup::
