[2024-09-01 19:11:14,124] {taskinstance.py:1179} INFO - Dependencies all met for <TaskInstance: exchange_rates_dag.run_main_script scheduled__2024-04-16T00:00:00+00:00 [queued]>
[2024-09-01 19:11:14,290] {taskinstance.py:1179} INFO - Dependencies all met for <TaskInstance: exchange_rates_dag.run_main_script scheduled__2024-04-16T00:00:00+00:00 [queued]>
[2024-09-01 19:11:14,305] {taskinstance.py:1376} INFO - 
--------------------------------------------------------------------------------
[2024-09-01 19:11:14,310] {taskinstance.py:1377} INFO - Starting attempt 1 of 2
[2024-09-01 19:11:14,312] {taskinstance.py:1378} INFO - 
--------------------------------------------------------------------------------
[2024-09-01 19:11:14,606] {taskinstance.py:1397} INFO - Executing <Task(PythonOperator): run_main_script> on 2024-04-16 00:00:00+00:00
[2024-09-01 19:11:14,688] {standard_task_runner.py:52} INFO - Started process 932 to run task
[2024-09-01 19:11:14,739] {standard_task_runner.py:79} INFO - Running: ['***', 'tasks', 'run', 'exchange_rates_dag', 'run_main_script', 'scheduled__2024-04-16T00:00:00+00:00', '--job-id', '111', '--raw', '--subdir', 'DAGS_FOLDER/exchange_rates_dag.py', '--cfg-path', '/tmp/tmp4y58rtwr', '--error-file', '/tmp/tmp54h6vn9n']
[2024-09-01 19:11:14,786] {standard_task_runner.py:80} INFO - Job 111: Subtask run_main_script
[2024-09-01 19:11:16,017] {task_command.py:371} INFO - Running <TaskInstance: exchange_rates_dag.run_main_script scheduled__2024-04-16T00:00:00+00:00 [running]> on host 6de2165e2444
[2024-09-01 19:11:17,406] {taskinstance.py:1591} INFO - Exporting the following env vars:
AIRFLOW_CTX_DAG_OWNER=***
AIRFLOW_CTX_DAG_ID=exchange_rates_dag
AIRFLOW_CTX_TASK_ID=run_main_script
AIRFLOW_CTX_EXECUTION_DATE=2024-04-16T00:00:00+00:00
AIRFLOW_CTX_TRY_NUMBER=1
AIRFLOW_CTX_DAG_RUN_ID=scheduled__2024-04-16T00:00:00+00:00
[2024-09-01 19:11:38,500] {python.py:173} INFO - Done. Returned value was: None
[2024-09-01 19:11:38,690] {taskinstance.py:1420} INFO - Marking task as SUCCESS. dag_id=exchange_rates_dag, task_id=run_main_script, execution_date=20240416T000000, start_date=20240901T191114, end_date=20240901T191138
[2024-09-01 19:11:38,880] {local_task_job.py:156} INFO - Task exited with return code 0
[2024-09-01 19:11:39,178] {local_task_job.py:273} INFO - 0 downstream tasks scheduled from follow-on schedule check
