[2024-09-01 19:18:20,737] {taskinstance.py:1179} INFO - Dependencies all met for <TaskInstance: exchange_rates_dag.run_main_script scheduled__2024-08-03T00:00:00+00:00 [queued]>
[2024-09-01 19:18:20,793] {taskinstance.py:1179} INFO - Dependencies all met for <TaskInstance: exchange_rates_dag.run_main_script scheduled__2024-08-03T00:00:00+00:00 [queued]>
[2024-09-01 19:18:20,801] {taskinstance.py:1376} INFO - 
--------------------------------------------------------------------------------
[2024-09-01 19:18:20,805] {taskinstance.py:1377} INFO - Starting attempt 1 of 2
[2024-09-01 19:18:20,807] {taskinstance.py:1378} INFO - 
--------------------------------------------------------------------------------
[2024-09-01 19:18:20,902] {taskinstance.py:1397} INFO - Executing <Task(PythonOperator): run_main_script> on 2024-08-03 00:00:00+00:00
[2024-09-01 19:18:20,923] {standard_task_runner.py:52} INFO - Started process 548 to run task
[2024-09-01 19:18:20,963] {standard_task_runner.py:79} INFO - Running: ['***', 'tasks', 'run', 'exchange_rates_dag', 'run_main_script', 'scheduled__2024-08-03T00:00:00+00:00', '--job-id', '221', '--raw', '--subdir', 'DAGS_FOLDER/exchange_rates_dag.py', '--cfg-path', '/tmp/tmp569d4p0s', '--error-file', '/tmp/tmpdgsbxo2n']
[2024-09-01 19:18:20,976] {standard_task_runner.py:80} INFO - Job 221: Subtask run_main_script
[2024-09-01 19:18:21,548] {task_command.py:371} INFO - Running <TaskInstance: exchange_rates_dag.run_main_script scheduled__2024-08-03T00:00:00+00:00 [running]> on host 6de2165e2444
[2024-09-01 19:18:22,133] {taskinstance.py:1591} INFO - Exporting the following env vars:
AIRFLOW_CTX_DAG_OWNER=***
AIRFLOW_CTX_DAG_ID=exchange_rates_dag
AIRFLOW_CTX_TASK_ID=run_main_script
AIRFLOW_CTX_EXECUTION_DATE=2024-08-03T00:00:00+00:00
AIRFLOW_CTX_TRY_NUMBER=1
AIRFLOW_CTX_DAG_RUN_ID=scheduled__2024-08-03T00:00:00+00:00
[2024-09-01 19:18:30,310] {python.py:173} INFO - Done. Returned value was: None
[2024-09-01 19:18:30,573] {taskinstance.py:1420} INFO - Marking task as SUCCESS. dag_id=exchange_rates_dag, task_id=run_main_script, execution_date=20240803T000000, start_date=20240901T191820, end_date=20240901T191830
[2024-09-01 19:18:30,660] {local_task_job.py:156} INFO - Task exited with return code 0
[2024-09-01 19:18:30,773] {local_task_job.py:273} INFO - 0 downstream tasks scheduled from follow-on schedule check
[2024-09-15T06:00:59.156+0000] {local_task_job_runner.py:123} INFO - ::group::Pre task execution logs
[2024-09-15T06:00:59.203+0000] {taskinstance.py:2612} INFO - Dependencies all met for dep_context=non-requeueable deps ti=<TaskInstance: exchange_rates_dag.run_main_script scheduled__2024-08-03T00:00:00+00:00 [queued]>
[2024-09-15T06:00:59.227+0000] {taskinstance.py:2612} INFO - Dependencies all met for dep_context=requeueable deps ti=<TaskInstance: exchange_rates_dag.run_main_script scheduled__2024-08-03T00:00:00+00:00 [queued]>
[2024-09-15T06:00:59.229+0000] {taskinstance.py:2865} INFO - Starting attempt 1 of 2
[2024-09-15T06:00:59.291+0000] {taskinstance.py:2888} INFO - Executing <Task(PythonOperator): run_main_script> on 2024-08-03 00:00:00+00:00
[2024-09-15T06:00:59.319+0000] {logging_mixin.py:190} WARNING - /home/***/.local/lib/python3.12/site-packages/***/task/task_runner/standard_task_runner.py:70 DeprecationWarning: This process (pid=253) is multi-threaded, use of fork() may lead to deadlocks in the child.
[2024-09-15T06:00:59.330+0000] {standard_task_runner.py:72} INFO - Started process 256 to run task
[2024-09-15T06:00:59.323+0000] {standard_task_runner.py:104} INFO - Running: ['***', 'tasks', 'run', 'exchange_rates_dag', 'run_main_script', 'scheduled__2024-08-03T00:00:00+00:00', '--job-id', '221', '--raw', '--subdir', 'DAGS_FOLDER/exchange_rates_dag.py', '--cfg-path', '/tmp/tmpj5pd_30j']
[2024-09-15T06:00:59.336+0000] {standard_task_runner.py:105} INFO - Job 221: Subtask run_main_script
[2024-09-15T06:00:59.473+0000] {task_command.py:467} INFO - Running <TaskInstance: exchange_rates_dag.run_main_script scheduled__2024-08-03T00:00:00+00:00 [running]> on host ed6b7035df5d
[2024-09-15T06:00:59.765+0000] {taskinstance.py:3131} INFO - Exporting env vars: AIRFLOW_CTX_DAG_EMAIL='***docker@gmail.com' AIRFLOW_CTX_DAG_OWNER='***' AIRFLOW_CTX_DAG_ID='exchange_rates_dag' AIRFLOW_CTX_TASK_ID='run_main_script' AIRFLOW_CTX_EXECUTION_DATE='2024-08-03T00:00:00+00:00' AIRFLOW_CTX_TRY_NUMBER='1' AIRFLOW_CTX_DAG_RUN_ID='scheduled__2024-08-03T00:00:00+00:00'
[2024-09-15T06:00:59.772+0000] {taskinstance.py:731} INFO - ::endgroup::
[2024-09-15T06:02:51.845+0000] {python.py:240} INFO - Done. Returned value was: None
[2024-09-15T06:02:51.890+0000] {taskinstance.py:340} INFO - ::group::Post task execution logs
[2024-09-15T06:02:51.906+0000] {taskinstance.py:352} INFO - Marking task as SUCCESS. dag_id=exchange_rates_dag, task_id=run_main_script, run_id=scheduled__2024-08-03T00:00:00+00:00, execution_date=20240803T000000, start_date=20240915T060059, end_date=20240915T060251
[2024-09-15T06:02:52.598+0000] {local_task_job_runner.py:266} INFO - Task exited with return code 0
[2024-09-15T06:02:52.781+0000] {taskinstance.py:3900} INFO - 1 downstream tasks scheduled from follow-on schedule check
[2024-09-15T06:02:52.804+0000] {local_task_job_runner.py:245} INFO - ::endgroup::
