[2024-09-08T16:09:27.108+0000] {local_task_job_runner.py:123} INFO - ::group::Pre task execution logs
[2024-09-08T16:09:27.266+0000] {taskinstance.py:2612} INFO - Dependencies all met for dep_context=non-requeueable deps ti=<TaskInstance: exchange_rates_dag.run_main_script scheduled__2024-02-17T00:00:00+00:00 [queued]>
[2024-09-08T16:09:27.342+0000] {taskinstance.py:2612} INFO - Dependencies all met for dep_context=requeueable deps ti=<TaskInstance: exchange_rates_dag.run_main_script scheduled__2024-02-17T00:00:00+00:00 [queued]>
[2024-09-08T16:09:27.355+0000] {taskinstance.py:2865} INFO - Starting attempt 1 of 2
[2024-09-08T16:09:27.562+0000] {taskinstance.py:2888} INFO - Executing <Task(PythonOperator): run_main_script> on 2024-02-17 00:00:00+00:00
[2024-09-08T16:09:27.733+0000] {logging_mixin.py:190} WARNING - /home/***/.local/lib/python3.12/site-packages/***/task/task_runner/standard_task_runner.py:70 DeprecationWarning: This process (pid=399) is multi-threaded, use of fork() may lead to deadlocks in the child.
[2024-09-08T16:09:27.768+0000] {standard_task_runner.py:72} INFO - Started process 409 to run task
[2024-09-08T16:09:27.747+0000] {standard_task_runner.py:104} INFO - Running: ['***', 'tasks', 'run', 'exchange_rates_dag', 'run_main_script', 'scheduled__2024-02-17T00:00:00+00:00', '--job-id', '66', '--raw', '--subdir', 'DAGS_FOLDER/exchange_rates_dag.py', '--cfg-path', '/tmp/tmpw44nwm0i']
[2024-09-08T16:09:27.785+0000] {standard_task_runner.py:105} INFO - Job 66: Subtask run_main_script
[2024-09-08T16:09:28.315+0000] {task_command.py:467} INFO - Running <TaskInstance: exchange_rates_dag.run_main_script scheduled__2024-02-17T00:00:00+00:00 [running]> on host bd0133ae5e03
[2024-09-08T16:09:29.346+0000] {taskinstance.py:3131} INFO - Exporting env vars: AIRFLOW_CTX_DAG_OWNER='***' AIRFLOW_CTX_DAG_ID='exchange_rates_dag' AIRFLOW_CTX_TASK_ID='run_main_script' AIRFLOW_CTX_EXECUTION_DATE='2024-02-17T00:00:00+00:00' AIRFLOW_CTX_TRY_NUMBER='1' AIRFLOW_CTX_DAG_RUN_ID='scheduled__2024-02-17T00:00:00+00:00'
[2024-09-08T16:09:29.362+0000] {taskinstance.py:731} INFO - ::endgroup::
[2024-09-15T05:53:00.685+0000] {local_task_job_runner.py:123} INFO - ::group::Pre task execution logs
[2024-09-15T05:53:00.763+0000] {taskinstance.py:2612} INFO - Dependencies all met for dep_context=non-requeueable deps ti=<TaskInstance: exchange_rates_dag.run_main_script scheduled__2024-02-17T00:00:00+00:00 [queued]>
[2024-09-15T05:53:00.800+0000] {taskinstance.py:2612} INFO - Dependencies all met for dep_context=requeueable deps ti=<TaskInstance: exchange_rates_dag.run_main_script scheduled__2024-02-17T00:00:00+00:00 [queued]>
[2024-09-15T05:53:00.805+0000] {taskinstance.py:2865} INFO - Starting attempt 1 of 2
[2024-09-15T05:53:00.920+0000] {taskinstance.py:2888} INFO - Executing <Task(PythonOperator): run_main_script> on 2024-02-17 00:00:00+00:00
[2024-09-15T05:53:00.955+0000] {logging_mixin.py:190} WARNING - /home/***/.local/lib/python3.12/site-packages/***/task/task_runner/standard_task_runner.py:70 DeprecationWarning: This process (pid=459) is multi-threaded, use of fork() may lead to deadlocks in the child.
[2024-09-15T05:53:00.967+0000] {standard_task_runner.py:72} INFO - Started process 461 to run task
[2024-09-15T05:53:00.958+0000] {standard_task_runner.py:104} INFO - Running: ['***', 'tasks', 'run', 'exchange_rates_dag', 'run_main_script', 'scheduled__2024-02-17T00:00:00+00:00', '--job-id', '148', '--raw', '--subdir', 'DAGS_FOLDER/exchange_rates_dag.py', '--cfg-path', '/tmp/tmp4hurvog2']
[2024-09-15T05:53:00.976+0000] {standard_task_runner.py:105} INFO - Job 148: Subtask run_main_script
[2024-09-15T05:53:01.237+0000] {task_command.py:467} INFO - Running <TaskInstance: exchange_rates_dag.run_main_script scheduled__2024-02-17T00:00:00+00:00 [running]> on host ed6b7035df5d
[2024-09-15T05:53:01.709+0000] {taskinstance.py:3131} INFO - Exporting env vars: AIRFLOW_CTX_DAG_EMAIL='***docker@gmail.com' AIRFLOW_CTX_DAG_OWNER='***' AIRFLOW_CTX_DAG_ID='exchange_rates_dag' AIRFLOW_CTX_TASK_ID='run_main_script' AIRFLOW_CTX_EXECUTION_DATE='2024-02-17T00:00:00+00:00' AIRFLOW_CTX_TRY_NUMBER='1' AIRFLOW_CTX_DAG_RUN_ID='scheduled__2024-02-17T00:00:00+00:00'
[2024-09-15T05:53:01.732+0000] {taskinstance.py:731} INFO - ::endgroup::
[2024-09-15T05:53:22.954+0000] {python.py:240} INFO - Done. Returned value was: None
[2024-09-15T05:53:22.979+0000] {taskinstance.py:340} INFO - ::group::Post task execution logs
[2024-09-15T05:53:22.986+0000] {taskinstance.py:352} INFO - Marking task as SUCCESS. dag_id=exchange_rates_dag, task_id=run_main_script, run_id=scheduled__2024-02-17T00:00:00+00:00, execution_date=20240217T000000, start_date=20240915T055300, end_date=20240915T055322
[2024-09-15T05:53:23.262+0000] {local_task_job_runner.py:266} INFO - Task exited with return code 0
[2024-09-15T05:53:23.322+0000] {taskinstance.py:3900} INFO - 1 downstream tasks scheduled from follow-on schedule check
[2024-09-15T05:53:23.342+0000] {local_task_job_runner.py:245} INFO - ::endgroup::
