[2024-09-08T15:39:08.880+0000] {local_task_job_runner.py:123} INFO - ::group::Pre task execution logs
[2024-09-08T15:39:09.053+0000] {taskinstance.py:2612} INFO - Dependencies all met for dep_context=non-requeueable deps ti=<TaskInstance: exchange_rates_dag.run_main_script scheduled__2024-01-06T00:00:00+00:00 [queued]>
[2024-09-08T15:39:09.140+0000] {taskinstance.py:2612} INFO - Dependencies all met for dep_context=requeueable deps ti=<TaskInstance: exchange_rates_dag.run_main_script scheduled__2024-01-06T00:00:00+00:00 [queued]>
[2024-09-08T15:39:09.157+0000] {taskinstance.py:2865} INFO - Starting attempt 1 of 2
[2024-09-08T15:39:09.355+0000] {taskinstance.py:2888} INFO - Executing <Task(PythonOperator): run_main_script> on 2024-01-06 00:00:00+00:00
[2024-09-08T15:39:09.601+0000] {logging_mixin.py:190} WARNING - /home/***/.local/lib/python3.12/site-packages/***/task/task_runner/standard_task_runner.py:70 DeprecationWarning: This process (pid=198) is multi-threaded, use of fork() may lead to deadlocks in the child.
[2024-09-08T15:39:09.633+0000] {standard_task_runner.py:72} INFO - Started process 206 to run task
[2024-09-08T15:39:09.580+0000] {standard_task_runner.py:104} INFO - Running: ['***', 'tasks', 'run', 'exchange_rates_dag', 'run_main_script', 'scheduled__2024-01-06T00:00:00+00:00', '--job-id', '8', '--raw', '--subdir', 'DAGS_FOLDER/exchange_rates_dag.py', '--cfg-path', '/tmp/tmpa05hewbe']
[2024-09-08T15:39:09.670+0000] {standard_task_runner.py:105} INFO - Job 8: Subtask run_main_script
[2024-09-08T15:39:10.395+0000] {task_command.py:467} INFO - Running <TaskInstance: exchange_rates_dag.run_main_script scheduled__2024-01-06T00:00:00+00:00 [running]> on host bd0133ae5e03
[2024-09-08T15:39:12.887+0000] {taskinstance.py:3131} INFO - Exporting env vars: AIRFLOW_CTX_DAG_OWNER='***' AIRFLOW_CTX_DAG_ID='exchange_rates_dag' AIRFLOW_CTX_TASK_ID='run_main_script' AIRFLOW_CTX_EXECUTION_DATE='2024-01-06T00:00:00+00:00' AIRFLOW_CTX_TRY_NUMBER='1' AIRFLOW_CTX_DAG_RUN_ID='scheduled__2024-01-06T00:00:00+00:00'
[2024-09-08T15:39:12.897+0000] {taskinstance.py:731} INFO - ::endgroup::
[2024-09-08T15:40:05.069+0000] {python.py:240} INFO - Done. Returned value was: None
[2024-09-08T15:40:05.082+0000] {taskinstance.py:340} INFO - ::group::Post task execution logs
[2024-09-08T15:40:05.085+0000] {taskinstance.py:352} INFO - Marking task as SUCCESS. dag_id=exchange_rates_dag, task_id=run_main_script, run_id=scheduled__2024-01-06T00:00:00+00:00, execution_date=20240106T000000, start_date=20240908T153909, end_date=20240908T154005
[2024-09-08T15:40:05.144+0000] {local_task_job_runner.py:266} INFO - Task exited with return code 0
[2024-09-08T15:40:05.165+0000] {taskinstance.py:3900} INFO - 0 downstream tasks scheduled from follow-on schedule check
[2024-09-08T15:40:05.171+0000] {local_task_job_runner.py:245} INFO - ::endgroup::
[2024-09-15T05:14:30.594+0000] {local_task_job_runner.py:123} INFO - ::group::Pre task execution logs
[2024-09-15T05:14:30.899+0000] {taskinstance.py:2612} INFO - Dependencies all met for dep_context=non-requeueable deps ti=<TaskInstance: exchange_rates_dag.run_main_script scheduled__2024-01-06T00:00:00+00:00 [queued]>
[2024-09-15T05:14:31.048+0000] {taskinstance.py:2612} INFO - Dependencies all met for dep_context=requeueable deps ti=<TaskInstance: exchange_rates_dag.run_main_script scheduled__2024-01-06T00:00:00+00:00 [queued]>
[2024-09-15T05:14:31.064+0000] {taskinstance.py:2865} INFO - Starting attempt 1 of 2
[2024-09-15T05:14:32.166+0000] {taskinstance.py:2888} INFO - Executing <Task(PythonOperator): run_main_script> on 2024-01-06 00:00:00+00:00
[2024-09-15T05:14:32.261+0000] {logging_mixin.py:190} WARNING - /home/***/.local/lib/python3.12/site-packages/***/task/task_runner/standard_task_runner.py:70 DeprecationWarning: This process (pid=196) is multi-threaded, use of fork() may lead to deadlocks in the child.
[2024-09-15T05:14:32.299+0000] {standard_task_runner.py:72} INFO - Started process 211 to run task
[2024-09-15T05:14:32.272+0000] {standard_task_runner.py:104} INFO - Running: ['***', 'tasks', 'run', 'exchange_rates_dag', 'run_main_script', 'scheduled__2024-01-06T00:00:00+00:00', '--job-id', '8', '--raw', '--subdir', 'DAGS_FOLDER/exchange_rates_dag.py', '--cfg-path', '/tmp/tmpslpdqh20']
[2024-09-15T05:14:32.357+0000] {standard_task_runner.py:105} INFO - Job 8: Subtask run_main_script
[2024-09-15T05:14:33.614+0000] {task_command.py:467} INFO - Running <TaskInstance: exchange_rates_dag.run_main_script scheduled__2024-01-06T00:00:00+00:00 [running]> on host ed6b7035df5d
[2024-09-15T05:14:35.073+0000] {taskinstance.py:3131} INFO - Exporting env vars: AIRFLOW_CTX_DAG_EMAIL='***docker@gmail.com' AIRFLOW_CTX_DAG_OWNER='***' AIRFLOW_CTX_DAG_ID='exchange_rates_dag' AIRFLOW_CTX_TASK_ID='run_main_script' AIRFLOW_CTX_EXECUTION_DATE='2024-01-06T00:00:00+00:00' AIRFLOW_CTX_TRY_NUMBER='1' AIRFLOW_CTX_DAG_RUN_ID='scheduled__2024-01-06T00:00:00+00:00'
[2024-09-15T05:14:35.153+0000] {taskinstance.py:731} INFO - ::endgroup::
[2024-09-15T05:16:33.544+0000] {python.py:240} INFO - Done. Returned value was: None
[2024-09-15T05:16:33.557+0000] {taskinstance.py:340} INFO - ::group::Post task execution logs
[2024-09-15T05:16:33.561+0000] {taskinstance.py:352} INFO - Marking task as SUCCESS. dag_id=exchange_rates_dag, task_id=run_main_script, run_id=scheduled__2024-01-06T00:00:00+00:00, execution_date=20240106T000000, start_date=20240915T051430, end_date=20240915T051633
[2024-09-15T05:16:33.659+0000] {local_task_job_runner.py:266} INFO - Task exited with return code 0
[2024-09-15T05:16:33.701+0000] {taskinstance.py:3900} INFO - 1 downstream tasks scheduled from follow-on schedule check
[2024-09-15T05:16:33.708+0000] {local_task_job_runner.py:245} INFO - ::endgroup::
