[2024-09-01 19:11:48,168] {taskinstance.py:1179} INFO - Dependencies all met for <TaskInstance: exchange_rates_dag.run_main_script scheduled__2024-04-26T00:00:00+00:00 [queued]>
[2024-09-01 19:11:48,341] {taskinstance.py:1179} INFO - Dependencies all met for <TaskInstance: exchange_rates_dag.run_main_script scheduled__2024-04-26T00:00:00+00:00 [queued]>
[2024-09-01 19:11:48,346] {taskinstance.py:1376} INFO - 
--------------------------------------------------------------------------------
[2024-09-01 19:11:48,355] {taskinstance.py:1377} INFO - Starting attempt 1 of 2
[2024-09-01 19:11:48,359] {taskinstance.py:1378} INFO - 
--------------------------------------------------------------------------------
[2024-09-01 19:11:48,521] {taskinstance.py:1397} INFO - Executing <Task(PythonOperator): run_main_script> on 2024-04-26 00:00:00+00:00
[2024-09-01 19:11:48,559] {standard_task_runner.py:52} INFO - Started process 1019 to run task
[2024-09-01 19:11:48,589] {standard_task_runner.py:79} INFO - Running: ['***', 'tasks', 'run', 'exchange_rates_dag', 'run_main_script', 'scheduled__2024-04-26T00:00:00+00:00', '--job-id', '121', '--raw', '--subdir', 'DAGS_FOLDER/exchange_rates_dag.py', '--cfg-path', '/tmp/tmp7bp45ar3', '--error-file', '/tmp/tmpw7ec__0w']
[2024-09-01 19:11:48,607] {standard_task_runner.py:80} INFO - Job 121: Subtask run_main_script
[2024-09-01 19:11:49,272] {task_command.py:371} INFO - Running <TaskInstance: exchange_rates_dag.run_main_script scheduled__2024-04-26T00:00:00+00:00 [running]> on host 6de2165e2444
[2024-09-01 19:11:50,073] {taskinstance.py:1591} INFO - Exporting the following env vars:
AIRFLOW_CTX_DAG_OWNER=***
AIRFLOW_CTX_DAG_ID=exchange_rates_dag
AIRFLOW_CTX_TASK_ID=run_main_script
AIRFLOW_CTX_EXECUTION_DATE=2024-04-26T00:00:00+00:00
AIRFLOW_CTX_TRY_NUMBER=1
AIRFLOW_CTX_DAG_RUN_ID=scheduled__2024-04-26T00:00:00+00:00
[2024-09-01 19:12:09,710] {python.py:173} INFO - Done. Returned value was: None
[2024-09-01 19:12:10,169] {taskinstance.py:1420} INFO - Marking task as SUCCESS. dag_id=exchange_rates_dag, task_id=run_main_script, execution_date=20240426T000000, start_date=20240901T191148, end_date=20240901T191210
[2024-09-01 19:12:10,687] {local_task_job.py:156} INFO - Task exited with return code 0
[2024-09-01 19:12:11,137] {local_task_job.py:273} INFO - 0 downstream tasks scheduled from follow-on schedule check
