[2024-09-01 19:17:53,247] {taskinstance.py:1179} INFO - Dependencies all met for <TaskInstance: exchange_rates_dag.run_main_script scheduled__2024-07-23T00:00:00+00:00 [queued]>
[2024-09-01 19:17:53,288] {taskinstance.py:1179} INFO - Dependencies all met for <TaskInstance: exchange_rates_dag.run_main_script scheduled__2024-07-23T00:00:00+00:00 [queued]>
[2024-09-01 19:17:53,294] {taskinstance.py:1376} INFO - 
--------------------------------------------------------------------------------
[2024-09-01 19:17:53,297] {taskinstance.py:1377} INFO - Starting attempt 1 of 2
[2024-09-01 19:17:53,299] {taskinstance.py:1378} INFO - 
--------------------------------------------------------------------------------
[2024-09-01 19:17:53,380] {taskinstance.py:1397} INFO - Executing <Task(PythonOperator): run_main_script> on 2024-07-23 00:00:00+00:00
[2024-09-01 19:17:53,405] {standard_task_runner.py:52} INFO - Started process 471 to run task
[2024-09-01 19:17:53,425] {standard_task_runner.py:79} INFO - Running: ['***', 'tasks', 'run', 'exchange_rates_dag', 'run_main_script', 'scheduled__2024-07-23T00:00:00+00:00', '--job-id', '210', '--raw', '--subdir', 'DAGS_FOLDER/exchange_rates_dag.py', '--cfg-path', '/tmp/tmph55sgl6d', '--error-file', '/tmp/tmpzx4vmojo']
[2024-09-01 19:17:53,434] {standard_task_runner.py:80} INFO - Job 210: Subtask run_main_script
[2024-09-01 19:17:53,691] {task_command.py:371} INFO - Running <TaskInstance: exchange_rates_dag.run_main_script scheduled__2024-07-23T00:00:00+00:00 [running]> on host 6de2165e2444
[2024-09-01 19:17:54,037] {taskinstance.py:1591} INFO - Exporting the following env vars:
AIRFLOW_CTX_DAG_OWNER=***
AIRFLOW_CTX_DAG_ID=exchange_rates_dag
AIRFLOW_CTX_TASK_ID=run_main_script
AIRFLOW_CTX_EXECUTION_DATE=2024-07-23T00:00:00+00:00
AIRFLOW_CTX_TRY_NUMBER=1
AIRFLOW_CTX_DAG_RUN_ID=scheduled__2024-07-23T00:00:00+00:00
[2024-09-01 19:18:01,522] {python.py:173} INFO - Done. Returned value was: None
[2024-09-01 19:18:02,118] {taskinstance.py:1420} INFO - Marking task as SUCCESS. dag_id=exchange_rates_dag, task_id=run_main_script, execution_date=20240723T000000, start_date=20240901T191753, end_date=20240901T191802
[2024-09-01 19:18:02,229] {local_task_job.py:156} INFO - Task exited with return code 0
[2024-09-01 19:18:02,344] {local_task_job.py:273} INFO - 0 downstream tasks scheduled from follow-on schedule check
