[2024-09-01 19:16:33,766] {taskinstance.py:1179} INFO - Dependencies all met for <TaskInstance: exchange_rates_dag.run_main_script scheduled__2024-06-23T00:00:00+00:00 [queued]>
[2024-09-01 19:16:33,798] {taskinstance.py:1179} INFO - Dependencies all met for <TaskInstance: exchange_rates_dag.run_main_script scheduled__2024-06-23T00:00:00+00:00 [queued]>
[2024-09-01 19:16:33,801] {taskinstance.py:1376} INFO - 
--------------------------------------------------------------------------------
[2024-09-01 19:16:33,803] {taskinstance.py:1377} INFO - Starting attempt 1 of 2
[2024-09-01 19:16:33,806] {taskinstance.py:1378} INFO - 
--------------------------------------------------------------------------------
[2024-09-01 19:16:33,859] {taskinstance.py:1397} INFO - Executing <Task(PythonOperator): run_main_script> on 2024-06-23 00:00:00+00:00
[2024-09-01 19:16:33,874] {standard_task_runner.py:52} INFO - Started process 255 to run task
[2024-09-01 19:16:33,888] {standard_task_runner.py:79} INFO - Running: ['***', 'tasks', 'run', 'exchange_rates_dag', 'run_main_script', 'scheduled__2024-06-23T00:00:00+00:00', '--job-id', '180', '--raw', '--subdir', 'DAGS_FOLDER/exchange_rates_dag.py', '--cfg-path', '/tmp/tmpwl688auf', '--error-file', '/tmp/tmptnsvhrl8']
[2024-09-01 19:16:33,899] {standard_task_runner.py:80} INFO - Job 180: Subtask run_main_script
[2024-09-01 19:16:34,353] {task_command.py:371} INFO - Running <TaskInstance: exchange_rates_dag.run_main_script scheduled__2024-06-23T00:00:00+00:00 [running]> on host 6de2165e2444
[2024-09-01 19:16:34,754] {taskinstance.py:1591} INFO - Exporting the following env vars:
AIRFLOW_CTX_DAG_OWNER=***
AIRFLOW_CTX_DAG_ID=exchange_rates_dag
AIRFLOW_CTX_TASK_ID=run_main_script
AIRFLOW_CTX_EXECUTION_DATE=2024-06-23T00:00:00+00:00
AIRFLOW_CTX_TRY_NUMBER=1
AIRFLOW_CTX_DAG_RUN_ID=scheduled__2024-06-23T00:00:00+00:00
[2024-09-01 19:16:42,973] {python.py:173} INFO - Done. Returned value was: None
[2024-09-01 19:16:43,053] {taskinstance.py:1420} INFO - Marking task as SUCCESS. dag_id=exchange_rates_dag, task_id=run_main_script, execution_date=20240623T000000, start_date=20240901T191633, end_date=20240901T191643
[2024-09-01 19:16:43,150] {local_task_job.py:156} INFO - Task exited with return code 0
[2024-09-01 19:16:43,285] {local_task_job.py:273} INFO - 0 downstream tasks scheduled from follow-on schedule check
