[2024-09-01 19:18:57,038] {taskinstance.py:1179} INFO - Dependencies all met for <TaskInstance: exchange_rates_dag.run_main_script scheduled__2024-08-14T00:00:00+00:00 [queued]>
[2024-09-01 19:18:57,259] {taskinstance.py:1179} INFO - Dependencies all met for <TaskInstance: exchange_rates_dag.run_main_script scheduled__2024-08-14T00:00:00+00:00 [queued]>
[2024-09-01 19:18:57,287] {taskinstance.py:1376} INFO - 
--------------------------------------------------------------------------------
[2024-09-01 19:18:57,289] {taskinstance.py:1377} INFO - Starting attempt 1 of 2
[2024-09-01 19:18:57,297] {taskinstance.py:1378} INFO - 
--------------------------------------------------------------------------------
[2024-09-01 19:18:57,583] {taskinstance.py:1397} INFO - Executing <Task(PythonOperator): run_main_script> on 2024-08-14 00:00:00+00:00
[2024-09-01 19:18:57,682] {standard_task_runner.py:52} INFO - Started process 658 to run task
[2024-09-01 19:18:57,757] {standard_task_runner.py:79} INFO - Running: ['***', 'tasks', 'run', 'exchange_rates_dag', 'run_main_script', 'scheduled__2024-08-14T00:00:00+00:00', '--job-id', '243', '--raw', '--subdir', 'DAGS_FOLDER/exchange_rates_dag.py', '--cfg-path', '/tmp/tmp25vwmgrv', '--error-file', '/tmp/tmp57lu5flp']
[2024-09-01 19:18:57,862] {standard_task_runner.py:80} INFO - Job 243: Subtask run_main_script
[2024-09-01 19:18:59,608] {task_command.py:371} INFO - Running <TaskInstance: exchange_rates_dag.run_main_script scheduled__2024-08-14T00:00:00+00:00 [running]> on host 6de2165e2444
[2024-09-01 19:19:01,121] {taskinstance.py:1591} INFO - Exporting the following env vars:
AIRFLOW_CTX_DAG_OWNER=***
AIRFLOW_CTX_DAG_ID=exchange_rates_dag
AIRFLOW_CTX_TASK_ID=run_main_script
AIRFLOW_CTX_EXECUTION_DATE=2024-08-14T00:00:00+00:00
AIRFLOW_CTX_TRY_NUMBER=1
AIRFLOW_CTX_DAG_RUN_ID=scheduled__2024-08-14T00:00:00+00:00
[2024-09-01 19:19:19,737] {python.py:173} INFO - Done. Returned value was: None
[2024-09-01 19:19:19,819] {taskinstance.py:1420} INFO - Marking task as SUCCESS. dag_id=exchange_rates_dag, task_id=run_main_script, execution_date=20240814T000000, start_date=20240901T191857, end_date=20240901T191919
[2024-09-01 19:19:19,905] {local_task_job.py:156} INFO - Task exited with return code 0
[2024-09-01 19:19:20,019] {local_task_job.py:273} INFO - 0 downstream tasks scheduled from follow-on schedule check
[2024-09-15T06:02:46.801+0000] {local_task_job_runner.py:123} INFO - ::group::Pre task execution logs
[2024-09-15T06:02:46.907+0000] {taskinstance.py:2612} INFO - Dependencies all met for dep_context=non-requeueable deps ti=<TaskInstance: exchange_rates_dag.run_main_script scheduled__2024-08-14T00:00:00+00:00 [queued]>
[2024-09-15T06:02:46.961+0000] {taskinstance.py:2612} INFO - Dependencies all met for dep_context=requeueable deps ti=<TaskInstance: exchange_rates_dag.run_main_script scheduled__2024-08-14T00:00:00+00:00 [queued]>
[2024-09-15T06:02:46.967+0000] {taskinstance.py:2865} INFO - Starting attempt 1 of 2
[2024-09-15T06:02:47.524+0000] {taskinstance.py:2888} INFO - Executing <Task(PythonOperator): run_main_script> on 2024-08-14 00:00:00+00:00
[2024-09-15T06:02:47.592+0000] {logging_mixin.py:190} WARNING - /home/***/.local/lib/python3.12/site-packages/***/task/task_runner/standard_task_runner.py:70 DeprecationWarning: This process (pid=374) is multi-threaded, use of fork() may lead to deadlocks in the child.
[2024-09-15T06:02:47.604+0000] {standard_task_runner.py:72} INFO - Started process 379 to run task
[2024-09-15T06:02:47.587+0000] {standard_task_runner.py:104} INFO - Running: ['***', 'tasks', 'run', 'exchange_rates_dag', 'run_main_script', 'scheduled__2024-08-14T00:00:00+00:00', '--job-id', '248', '--raw', '--subdir', 'DAGS_FOLDER/exchange_rates_dag.py', '--cfg-path', '/tmp/tmp6yvd19k7']
[2024-09-15T06:02:47.612+0000] {standard_task_runner.py:105} INFO - Job 248: Subtask run_main_script
[2024-09-15T06:02:47.935+0000] {task_command.py:467} INFO - Running <TaskInstance: exchange_rates_dag.run_main_script scheduled__2024-08-14T00:00:00+00:00 [running]> on host ed6b7035df5d
[2024-09-15T06:02:48.442+0000] {taskinstance.py:3131} INFO - Exporting env vars: AIRFLOW_CTX_DAG_EMAIL='***docker@gmail.com' AIRFLOW_CTX_DAG_OWNER='***' AIRFLOW_CTX_DAG_ID='exchange_rates_dag' AIRFLOW_CTX_TASK_ID='run_main_script' AIRFLOW_CTX_EXECUTION_DATE='2024-08-14T00:00:00+00:00' AIRFLOW_CTX_TRY_NUMBER='1' AIRFLOW_CTX_DAG_RUN_ID='scheduled__2024-08-14T00:00:00+00:00'
[2024-09-15T06:02:48.458+0000] {taskinstance.py:731} INFO - ::endgroup::
[2024-09-15T06:04:32.084+0000] {python.py:240} INFO - Done. Returned value was: None
[2024-09-15T06:04:32.114+0000] {taskinstance.py:340} INFO - ::group::Post task execution logs
[2024-09-15T06:04:32.118+0000] {taskinstance.py:352} INFO - Marking task as SUCCESS. dag_id=exchange_rates_dag, task_id=run_main_script, run_id=scheduled__2024-08-14T00:00:00+00:00, execution_date=20240814T000000, start_date=20240915T060246, end_date=20240915T060432
[2024-09-15T06:04:32.308+0000] {local_task_job_runner.py:266} INFO - Task exited with return code 0
[2024-09-15T06:04:32.376+0000] {taskinstance.py:3900} INFO - 1 downstream tasks scheduled from follow-on schedule check
[2024-09-15T06:04:32.390+0000] {local_task_job_runner.py:245} INFO - ::endgroup::
