[2024-09-01 19:10:47,432] {taskinstance.py:1179} INFO - Dependencies all met for <TaskInstance: exchange_rates_dag.run_main_script scheduled__2024-04-05T00:00:00+00:00 [queued]>
[2024-09-01 19:10:47,687] {taskinstance.py:1179} INFO - Dependencies all met for <TaskInstance: exchange_rates_dag.run_main_script scheduled__2024-04-05T00:00:00+00:00 [queued]>
[2024-09-01 19:10:47,703] {taskinstance.py:1376} INFO - 
--------------------------------------------------------------------------------
[2024-09-01 19:10:47,713] {taskinstance.py:1377} INFO - Starting attempt 1 of 2
[2024-09-01 19:10:47,721] {taskinstance.py:1378} INFO - 
--------------------------------------------------------------------------------
[2024-09-01 19:10:48,075] {taskinstance.py:1397} INFO - Executing <Task(PythonOperator): run_main_script> on 2024-04-05 00:00:00+00:00
[2024-09-01 19:10:48,157] {standard_task_runner.py:52} INFO - Started process 857 to run task
[2024-09-01 19:10:48,313] {standard_task_runner.py:79} INFO - Running: ['***', 'tasks', 'run', 'exchange_rates_dag', 'run_main_script', 'scheduled__2024-04-05T00:00:00+00:00', '--job-id', '100', '--raw', '--subdir', 'DAGS_FOLDER/exchange_rates_dag.py', '--cfg-path', '/tmp/tmp4cq6n7b_', '--error-file', '/tmp/tmpffretel_']
[2024-09-01 19:10:48,438] {standard_task_runner.py:80} INFO - Job 100: Subtask run_main_script
[2024-09-01 19:10:49,905] {task_command.py:371} INFO - Running <TaskInstance: exchange_rates_dag.run_main_script scheduled__2024-04-05T00:00:00+00:00 [running]> on host 6de2165e2444
[2024-09-01 19:10:51,611] {taskinstance.py:1591} INFO - Exporting the following env vars:
AIRFLOW_CTX_DAG_OWNER=***
AIRFLOW_CTX_DAG_ID=exchange_rates_dag
AIRFLOW_CTX_TASK_ID=run_main_script
AIRFLOW_CTX_EXECUTION_DATE=2024-04-05T00:00:00+00:00
AIRFLOW_CTX_TRY_NUMBER=1
AIRFLOW_CTX_DAG_RUN_ID=scheduled__2024-04-05T00:00:00+00:00
[2024-09-01 19:11:01,647] {python.py:173} INFO - Done. Returned value was: None
[2024-09-01 19:11:01,689] {taskinstance.py:1420} INFO - Marking task as SUCCESS. dag_id=exchange_rates_dag, task_id=run_main_script, execution_date=20240405T000000, start_date=20240901T191047, end_date=20240901T191101
[2024-09-01 19:11:01,738] {local_task_job.py:156} INFO - Task exited with return code 0
[2024-09-01 19:11:01,807] {local_task_job.py:273} INFO - 0 downstream tasks scheduled from follow-on schedule check
