[2024-09-08T16:08:54.286+0000] {local_task_job_runner.py:123} INFO - ::group::Pre task execution logs
[2024-09-08T16:08:54.395+0000] {taskinstance.py:2612} INFO - Dependencies all met for dep_context=non-requeueable deps ti=<TaskInstance: exchange_rates_dag.run_main_script scheduled__2024-02-12T00:00:00+00:00 [queued]>
[2024-09-08T16:08:54.476+0000] {taskinstance.py:2612} INFO - Dependencies all met for dep_context=requeueable deps ti=<TaskInstance: exchange_rates_dag.run_main_script scheduled__2024-02-12T00:00:00+00:00 [queued]>
[2024-09-08T16:08:54.483+0000] {taskinstance.py:2865} INFO - Starting attempt 1 of 2
[2024-09-08T16:08:54.650+0000] {taskinstance.py:2888} INFO - Executing <Task(PythonOperator): run_main_script> on 2024-02-12 00:00:00+00:00
[2024-09-08T16:08:54.717+0000] {logging_mixin.py:190} WARNING - /home/***/.local/lib/python3.12/site-packages/***/task/task_runner/standard_task_runner.py:70 DeprecationWarning: This process (pid=369) is multi-threaded, use of fork() may lead to deadlocks in the child.
[2024-09-08T16:08:54.734+0000] {standard_task_runner.py:72} INFO - Started process 377 to run task
[2024-09-08T16:08:54.715+0000] {standard_task_runner.py:104} INFO - Running: ['***', 'tasks', 'run', 'exchange_rates_dag', 'run_main_script', 'scheduled__2024-02-12T00:00:00+00:00', '--job-id', '61', '--raw', '--subdir', 'DAGS_FOLDER/exchange_rates_dag.py', '--cfg-path', '/tmp/tmpl6ibrbn4']
[2024-09-08T16:08:54.753+0000] {standard_task_runner.py:105} INFO - Job 61: Subtask run_main_script
[2024-09-08T16:08:55.154+0000] {task_command.py:467} INFO - Running <TaskInstance: exchange_rates_dag.run_main_script scheduled__2024-02-12T00:00:00+00:00 [running]> on host bd0133ae5e03
[2024-09-08T16:08:55.886+0000] {taskinstance.py:3131} INFO - Exporting env vars: AIRFLOW_CTX_DAG_OWNER='***' AIRFLOW_CTX_DAG_ID='exchange_rates_dag' AIRFLOW_CTX_TASK_ID='run_main_script' AIRFLOW_CTX_EXECUTION_DATE='2024-02-12T00:00:00+00:00' AIRFLOW_CTX_TRY_NUMBER='1' AIRFLOW_CTX_DAG_RUN_ID='scheduled__2024-02-12T00:00:00+00:00'
[2024-09-08T16:08:55.893+0000] {taskinstance.py:731} INFO - ::endgroup::
[2024-09-15T05:46:44.701+0000] {local_task_job_runner.py:123} INFO - ::group::Pre task execution logs
[2024-09-15T05:46:45.031+0000] {taskinstance.py:2612} INFO - Dependencies all met for dep_context=non-requeueable deps ti=<TaskInstance: exchange_rates_dag.run_main_script scheduled__2024-02-12T00:00:00+00:00 [queued]>
[2024-09-15T05:46:45.240+0000] {taskinstance.py:2612} INFO - Dependencies all met for dep_context=requeueable deps ti=<TaskInstance: exchange_rates_dag.run_main_script scheduled__2024-02-12T00:00:00+00:00 [queued]>
[2024-09-15T05:46:45.257+0000] {taskinstance.py:2865} INFO - Starting attempt 1 of 2
[2024-09-15T05:46:45.922+0000] {taskinstance.py:2888} INFO - Executing <Task(PythonOperator): run_main_script> on 2024-02-12 00:00:00+00:00
[2024-09-15T05:46:46.332+0000] {logging_mixin.py:190} WARNING - /home/***/.local/lib/python3.12/site-packages/***/task/task_runner/standard_task_runner.py:70 DeprecationWarning: This process (pid=259) is multi-threaded, use of fork() may lead to deadlocks in the child.
[2024-09-15T05:46:46.426+0000] {standard_task_runner.py:72} INFO - Started process 268 to run task
[2024-09-15T05:46:46.337+0000] {standard_task_runner.py:104} INFO - Running: ['***', 'tasks', 'run', 'exchange_rates_dag', 'run_main_script', 'scheduled__2024-02-12T00:00:00+00:00', '--job-id', '112', '--raw', '--subdir', 'DAGS_FOLDER/exchange_rates_dag.py', '--cfg-path', '/tmp/tmp3ml4tebf']
[2024-09-15T05:46:46.500+0000] {standard_task_runner.py:105} INFO - Job 112: Subtask run_main_script
[2024-09-15T05:46:47.313+0000] {task_command.py:467} INFO - Running <TaskInstance: exchange_rates_dag.run_main_script scheduled__2024-02-12T00:00:00+00:00 [running]> on host ed6b7035df5d
[2024-09-15T05:46:48.856+0000] {taskinstance.py:3131} INFO - Exporting env vars: AIRFLOW_CTX_DAG_EMAIL='***docker@gmail.com' AIRFLOW_CTX_DAG_OWNER='***' AIRFLOW_CTX_DAG_ID='exchange_rates_dag' AIRFLOW_CTX_TASK_ID='run_main_script' AIRFLOW_CTX_EXECUTION_DATE='2024-02-12T00:00:00+00:00' AIRFLOW_CTX_TRY_NUMBER='1' AIRFLOW_CTX_DAG_RUN_ID='scheduled__2024-02-12T00:00:00+00:00'
[2024-09-15T05:46:48.878+0000] {taskinstance.py:731} INFO - ::endgroup::
[2024-09-15T05:48:31.472+0000] {python.py:240} INFO - Done. Returned value was: None
[2024-09-15T05:48:31.488+0000] {taskinstance.py:340} INFO - ::group::Post task execution logs
[2024-09-15T05:48:31.491+0000] {taskinstance.py:352} INFO - Marking task as SUCCESS. dag_id=exchange_rates_dag, task_id=run_main_script, run_id=scheduled__2024-02-12T00:00:00+00:00, execution_date=20240212T000000, start_date=20240915T054645, end_date=20240915T054831
[2024-09-15T05:48:31.550+0000] {local_task_job_runner.py:266} INFO - Task exited with return code 0
[2024-09-15T05:48:31.608+0000] {taskinstance.py:3900} INFO - 1 downstream tasks scheduled from follow-on schedule check
[2024-09-15T05:48:31.618+0000] {local_task_job_runner.py:245} INFO - ::endgroup::
