[2024-09-08T16:11:57.243+0000] {local_task_job_runner.py:123} INFO - ::group::Pre task execution logs
[2024-09-08T16:11:57.956+0000] {taskinstance.py:2612} INFO - Dependencies all met for dep_context=non-requeueable deps ti=<TaskInstance: exchange_rates_dag.run_main_script scheduled__2024-02-21T00:00:00+00:00 [queued]>
[2024-09-08T16:11:58.404+0000] {taskinstance.py:2612} INFO - Dependencies all met for dep_context=requeueable deps ti=<TaskInstance: exchange_rates_dag.run_main_script scheduled__2024-02-21T00:00:00+00:00 [queued]>
[2024-09-08T16:11:58.453+0000] {taskinstance.py:2865} INFO - Starting attempt 1 of 2
[2024-09-08T16:11:59.060+0000] {taskinstance.py:2888} INFO - Executing <Task(PythonOperator): run_main_script> on 2024-02-21 00:00:00+00:00
[2024-09-08T16:11:59.460+0000] {logging_mixin.py:190} WARNING - /home/***/.local/lib/python3.12/site-packages/***/task/task_runner/standard_task_runner.py:70 DeprecationWarning: This process (pid=173) is multi-threaded, use of fork() may lead to deadlocks in the child.
[2024-09-08T16:11:59.577+0000] {standard_task_runner.py:72} INFO - Started process 197 to run task
[2024-09-08T16:11:59.483+0000] {standard_task_runner.py:104} INFO - Running: ['***', 'tasks', 'run', 'exchange_rates_dag', 'run_main_script', 'scheduled__2024-02-21T00:00:00+00:00', '--job-id', '111', '--raw', '--subdir', 'DAGS_FOLDER/exchange_rates_dag.py', '--cfg-path', '/tmp/tmp58c8gv4d']
[2024-09-08T16:11:59.683+0000] {standard_task_runner.py:105} INFO - Job 111: Subtask run_main_script
[2024-09-08T16:12:02.868+0000] {task_command.py:467} INFO - Running <TaskInstance: exchange_rates_dag.run_main_script scheduled__2024-02-21T00:00:00+00:00 [running]> on host bd0133ae5e03
[2024-09-08T16:12:05.318+0000] {job.py:229} INFO - Heartbeat recovered after 10.59 seconds
[2024-09-08T16:12:07.773+0000] {taskinstance.py:3131} INFO - Exporting env vars: AIRFLOW_CTX_DAG_OWNER='***' AIRFLOW_CTX_DAG_ID='exchange_rates_dag' AIRFLOW_CTX_TASK_ID='run_main_script' AIRFLOW_CTX_EXECUTION_DATE='2024-02-21T00:00:00+00:00' AIRFLOW_CTX_TRY_NUMBER='1' AIRFLOW_CTX_DAG_RUN_ID='scheduled__2024-02-21T00:00:00+00:00'
[2024-09-08T16:12:07.878+0000] {taskinstance.py:731} INFO - ::endgroup::
[2024-09-08T16:13:45.260+0000] {python.py:240} INFO - Done. Returned value was: None
[2024-09-08T16:13:45.277+0000] {taskinstance.py:340} INFO - ::group::Post task execution logs
[2024-09-08T16:13:45.281+0000] {taskinstance.py:352} INFO - Marking task as SUCCESS. dag_id=exchange_rates_dag, task_id=run_main_script, run_id=scheduled__2024-02-21T00:00:00+00:00, execution_date=20240221T000000, start_date=20240908T161158, end_date=20240908T161345
[2024-09-08T16:13:45.367+0000] {local_task_job_runner.py:266} INFO - Task exited with return code 0
[2024-09-08T16:13:45.386+0000] {taskinstance.py:3900} INFO - 0 downstream tasks scheduled from follow-on schedule check
[2024-09-08T16:13:45.392+0000] {local_task_job_runner.py:245} INFO - ::endgroup::
[2024-09-15T05:53:03.754+0000] {local_task_job_runner.py:123} INFO - ::group::Pre task execution logs
[2024-09-15T05:53:03.853+0000] {taskinstance.py:2612} INFO - Dependencies all met for dep_context=non-requeueable deps ti=<TaskInstance: exchange_rates_dag.run_main_script scheduled__2024-02-21T00:00:00+00:00 [queued]>
[2024-09-15T05:53:03.912+0000] {taskinstance.py:2612} INFO - Dependencies all met for dep_context=requeueable deps ti=<TaskInstance: exchange_rates_dag.run_main_script scheduled__2024-02-21T00:00:00+00:00 [queued]>
[2024-09-15T05:53:03.924+0000] {taskinstance.py:2865} INFO - Starting attempt 1 of 2
[2024-09-15T05:53:04.947+0000] {taskinstance.py:2888} INFO - Executing <Task(PythonOperator): run_main_script> on 2024-02-21 00:00:00+00:00
[2024-09-15T05:53:05.018+0000] {logging_mixin.py:190} WARNING - /home/***/.local/lib/python3.12/site-packages/***/task/task_runner/standard_task_runner.py:70 DeprecationWarning: This process (pid=470) is multi-threaded, use of fork() may lead to deadlocks in the child.
[2024-09-15T05:53:05.033+0000] {standard_task_runner.py:72} INFO - Started process 479 to run task
[2024-09-15T05:53:05.021+0000] {standard_task_runner.py:104} INFO - Running: ['***', 'tasks', 'run', 'exchange_rates_dag', 'run_main_script', 'scheduled__2024-02-21T00:00:00+00:00', '--job-id', '152', '--raw', '--subdir', 'DAGS_FOLDER/exchange_rates_dag.py', '--cfg-path', '/tmp/tmph7ui7l7d']
[2024-09-15T05:53:05.053+0000] {standard_task_runner.py:105} INFO - Job 152: Subtask run_main_script
[2024-09-15T05:53:05.465+0000] {task_command.py:467} INFO - Running <TaskInstance: exchange_rates_dag.run_main_script scheduled__2024-02-21T00:00:00+00:00 [running]> on host ed6b7035df5d
[2024-09-15T05:53:06.346+0000] {taskinstance.py:3131} INFO - Exporting env vars: AIRFLOW_CTX_DAG_EMAIL='***docker@gmail.com' AIRFLOW_CTX_DAG_OWNER='***' AIRFLOW_CTX_DAG_ID='exchange_rates_dag' AIRFLOW_CTX_TASK_ID='run_main_script' AIRFLOW_CTX_EXECUTION_DATE='2024-02-21T00:00:00+00:00' AIRFLOW_CTX_TRY_NUMBER='1' AIRFLOW_CTX_DAG_RUN_ID='scheduled__2024-02-21T00:00:00+00:00'
[2024-09-15T05:53:06.356+0000] {taskinstance.py:731} INFO - ::endgroup::
[2024-09-15T05:53:51.647+0000] {python.py:240} INFO - Done. Returned value was: None
[2024-09-15T05:53:51.661+0000] {taskinstance.py:340} INFO - ::group::Post task execution logs
[2024-09-15T05:53:51.664+0000] {taskinstance.py:352} INFO - Marking task as SUCCESS. dag_id=exchange_rates_dag, task_id=run_main_script, run_id=scheduled__2024-02-21T00:00:00+00:00, execution_date=20240221T000000, start_date=20240915T055303, end_date=20240915T055351
[2024-09-15T05:53:51.694+0000] {local_task_job_runner.py:266} INFO - Task exited with return code 0
[2024-09-15T05:53:51.728+0000] {taskinstance.py:3900} INFO - 1 downstream tasks scheduled from follow-on schedule check
[2024-09-15T05:53:51.734+0000] {local_task_job_runner.py:245} INFO - ::endgroup::
