[2024-09-01 19:18:20,966] {taskinstance.py:1179} INFO - Dependencies all met for <TaskInstance: exchange_rates_dag.run_main_script scheduled__2024-08-04T00:00:00+00:00 [queued]>
[2024-09-01 19:18:21,162] {taskinstance.py:1179} INFO - Dependencies all met for <TaskInstance: exchange_rates_dag.run_main_script scheduled__2024-08-04T00:00:00+00:00 [queued]>
[2024-09-01 19:18:21,172] {taskinstance.py:1376} INFO - 
--------------------------------------------------------------------------------
[2024-09-01 19:18:21,173] {taskinstance.py:1377} INFO - Starting attempt 1 of 2
[2024-09-01 19:18:21,175] {taskinstance.py:1378} INFO - 
--------------------------------------------------------------------------------
[2024-09-01 19:18:21,276] {taskinstance.py:1397} INFO - Executing <Task(PythonOperator): run_main_script> on 2024-08-04 00:00:00+00:00
[2024-09-01 19:18:21,301] {standard_task_runner.py:52} INFO - Started process 550 to run task
[2024-09-01 19:18:21,331] {standard_task_runner.py:79} INFO - Running: ['***', 'tasks', 'run', 'exchange_rates_dag', 'run_main_script', 'scheduled__2024-08-04T00:00:00+00:00', '--job-id', '222', '--raw', '--subdir', 'DAGS_FOLDER/exchange_rates_dag.py', '--cfg-path', '/tmp/tmpyn3c9hqc', '--error-file', '/tmp/tmp0u18i9vq']
[2024-09-01 19:18:21,343] {standard_task_runner.py:80} INFO - Job 222: Subtask run_main_script
[2024-09-01 19:18:21,864] {task_command.py:371} INFO - Running <TaskInstance: exchange_rates_dag.run_main_script scheduled__2024-08-04T00:00:00+00:00 [running]> on host 6de2165e2444
[2024-09-01 19:18:22,479] {taskinstance.py:1591} INFO - Exporting the following env vars:
AIRFLOW_CTX_DAG_OWNER=***
AIRFLOW_CTX_DAG_ID=exchange_rates_dag
AIRFLOW_CTX_TASK_ID=run_main_script
AIRFLOW_CTX_EXECUTION_DATE=2024-08-04T00:00:00+00:00
AIRFLOW_CTX_TRY_NUMBER=1
AIRFLOW_CTX_DAG_RUN_ID=scheduled__2024-08-04T00:00:00+00:00
[2024-09-01 19:18:30,443] {python.py:173} INFO - Done. Returned value was: None
[2024-09-01 19:18:30,577] {taskinstance.py:1420} INFO - Marking task as SUCCESS. dag_id=exchange_rates_dag, task_id=run_main_script, execution_date=20240804T000000, start_date=20240901T191820, end_date=20240901T191830
[2024-09-01 19:18:30,671] {local_task_job.py:156} INFO - Task exited with return code 0
[2024-09-01 19:18:30,793] {local_task_job.py:273} INFO - 0 downstream tasks scheduled from follow-on schedule check
[2024-09-15T06:01:05.664+0000] {local_task_job_runner.py:123} INFO - ::group::Pre task execution logs
[2024-09-15T06:01:05.783+0000] {taskinstance.py:2612} INFO - Dependencies all met for dep_context=non-requeueable deps ti=<TaskInstance: exchange_rates_dag.run_main_script scheduled__2024-08-04T00:00:00+00:00 [queued]>
[2024-09-15T06:01:05.806+0000] {taskinstance.py:2612} INFO - Dependencies all met for dep_context=requeueable deps ti=<TaskInstance: exchange_rates_dag.run_main_script scheduled__2024-08-04T00:00:00+00:00 [queued]>
[2024-09-15T06:01:05.809+0000] {taskinstance.py:2865} INFO - Starting attempt 1 of 2
[2024-09-15T06:01:05.830+0000] {taskinstance.py:2888} INFO - Executing <Task(PythonOperator): run_main_script> on 2024-08-04 00:00:00+00:00
[2024-09-15T06:01:05.846+0000] {logging_mixin.py:190} WARNING - /home/***/.local/lib/python3.12/site-packages/***/task/task_runner/standard_task_runner.py:70 DeprecationWarning: This process (pid=261) is multi-threaded, use of fork() may lead to deadlocks in the child.
[2024-09-15T06:01:05.853+0000] {standard_task_runner.py:72} INFO - Started process 262 to run task
[2024-09-15T06:01:05.846+0000] {standard_task_runner.py:104} INFO - Running: ['***', 'tasks', 'run', 'exchange_rates_dag', 'run_main_script', 'scheduled__2024-08-04T00:00:00+00:00', '--job-id', '223', '--raw', '--subdir', 'DAGS_FOLDER/exchange_rates_dag.py', '--cfg-path', '/tmp/tmpz3d44u9m']
[2024-09-15T06:01:05.859+0000] {standard_task_runner.py:105} INFO - Job 223: Subtask run_main_script
[2024-09-15T06:01:05.929+0000] {task_command.py:467} INFO - Running <TaskInstance: exchange_rates_dag.run_main_script scheduled__2024-08-04T00:00:00+00:00 [running]> on host ed6b7035df5d
[2024-09-15T06:01:06.038+0000] {taskinstance.py:3131} INFO - Exporting env vars: AIRFLOW_CTX_DAG_EMAIL='***docker@gmail.com' AIRFLOW_CTX_DAG_OWNER='***' AIRFLOW_CTX_DAG_ID='exchange_rates_dag' AIRFLOW_CTX_TASK_ID='run_main_script' AIRFLOW_CTX_EXECUTION_DATE='2024-08-04T00:00:00+00:00' AIRFLOW_CTX_TRY_NUMBER='1' AIRFLOW_CTX_DAG_RUN_ID='scheduled__2024-08-04T00:00:00+00:00'
[2024-09-15T06:01:06.046+0000] {taskinstance.py:731} INFO - ::endgroup::
[2024-09-15T06:02:58.631+0000] {python.py:240} INFO - Done. Returned value was: None
[2024-09-15T06:02:58.646+0000] {taskinstance.py:340} INFO - ::group::Post task execution logs
[2024-09-15T06:02:58.649+0000] {taskinstance.py:352} INFO - Marking task as SUCCESS. dag_id=exchange_rates_dag, task_id=run_main_script, run_id=scheduled__2024-08-04T00:00:00+00:00, execution_date=20240804T000000, start_date=20240915T060105, end_date=20240915T060258
[2024-09-15T06:02:58.699+0000] {local_task_job_runner.py:266} INFO - Task exited with return code 0
[2024-09-15T06:02:58.732+0000] {local_task_job_runner.py:245} INFO - ::endgroup::
