[2024-09-08T16:06:53.785+0000] {local_task_job_runner.py:123} INFO - ::group::Pre task execution logs
[2024-09-08T16:06:53.912+0000] {taskinstance.py:2612} INFO - Dependencies all met for dep_context=non-requeueable deps ti=<TaskInstance: exchange_rates_dag.run_main_script scheduled__2024-01-28T00:00:00+00:00 [queued]>
[2024-09-08T16:06:53.976+0000] {taskinstance.py:2612} INFO - Dependencies all met for dep_context=requeueable deps ti=<TaskInstance: exchange_rates_dag.run_main_script scheduled__2024-01-28T00:00:00+00:00 [queued]>
[2024-09-08T16:06:53.984+0000] {taskinstance.py:2865} INFO - Starting attempt 1 of 2
[2024-09-08T16:06:54.093+0000] {taskinstance.py:2888} INFO - Executing <Task(PythonOperator): run_main_script> on 2024-01-28 00:00:00+00:00
[2024-09-08T16:06:54.181+0000] {logging_mixin.py:190} WARNING - /home/***/.local/lib/python3.12/site-packages/***/task/task_runner/standard_task_runner.py:70 DeprecationWarning: This process (pid=278) is multi-threaded, use of fork() may lead to deadlocks in the child.
[2024-09-08T16:06:54.209+0000] {standard_task_runner.py:72} INFO - Started process 283 to run task
[2024-09-08T16:06:54.184+0000] {standard_task_runner.py:104} INFO - Running: ['***', 'tasks', 'run', 'exchange_rates_dag', 'run_main_script', 'scheduled__2024-01-28T00:00:00+00:00', '--job-id', '46', '--raw', '--subdir', 'DAGS_FOLDER/exchange_rates_dag.py', '--cfg-path', '/tmp/tmpq_epxgj7']
[2024-09-08T16:06:54.250+0000] {standard_task_runner.py:105} INFO - Job 46: Subtask run_main_script
[2024-09-08T16:06:54.655+0000] {task_command.py:467} INFO - Running <TaskInstance: exchange_rates_dag.run_main_script scheduled__2024-01-28T00:00:00+00:00 [running]> on host bd0133ae5e03
[2024-09-08T16:06:55.430+0000] {taskinstance.py:3131} INFO - Exporting env vars: AIRFLOW_CTX_DAG_OWNER='***' AIRFLOW_CTX_DAG_ID='exchange_rates_dag' AIRFLOW_CTX_TASK_ID='run_main_script' AIRFLOW_CTX_EXECUTION_DATE='2024-01-28T00:00:00+00:00' AIRFLOW_CTX_TRY_NUMBER='1' AIRFLOW_CTX_DAG_RUN_ID='scheduled__2024-01-28T00:00:00+00:00'
[2024-09-08T16:06:55.444+0000] {taskinstance.py:731} INFO - ::endgroup::
[2024-09-08T16:08:21.521+0000] {python.py:240} INFO - Done. Returned value was: None
[2024-09-08T16:08:21.535+0000] {taskinstance.py:340} INFO - ::group::Post task execution logs
[2024-09-08T16:08:21.538+0000] {taskinstance.py:352} INFO - Marking task as SUCCESS. dag_id=exchange_rates_dag, task_id=run_main_script, run_id=scheduled__2024-01-28T00:00:00+00:00, execution_date=20240128T000000, start_date=20240908T160653, end_date=20240908T160821
[2024-09-08T16:08:21.587+0000] {local_task_job_runner.py:266} INFO - Task exited with return code 0
[2024-09-08T16:08:21.606+0000] {taskinstance.py:3900} INFO - 0 downstream tasks scheduled from follow-on schedule check
[2024-09-08T16:08:21.610+0000] {local_task_job_runner.py:245} INFO - ::endgroup::
[2024-09-15T05:37:42.594+0000] {local_task_job_runner.py:123} INFO - ::group::Pre task execution logs
[2024-09-15T05:37:42.899+0000] {taskinstance.py:2612} INFO - Dependencies all met for dep_context=non-requeueable deps ti=<TaskInstance: exchange_rates_dag.run_main_script scheduled__2024-01-28T00:00:00+00:00 [queued]>
[2024-09-15T05:37:43.111+0000] {taskinstance.py:2612} INFO - Dependencies all met for dep_context=requeueable deps ti=<TaskInstance: exchange_rates_dag.run_main_script scheduled__2024-01-28T00:00:00+00:00 [queued]>
[2024-09-15T05:37:43.127+0000] {taskinstance.py:2865} INFO - Starting attempt 1 of 2
[2024-09-15T05:37:43.412+0000] {taskinstance.py:2888} INFO - Executing <Task(PythonOperator): run_main_script> on 2024-01-28 00:00:00+00:00
[2024-09-15T05:37:43.567+0000] {logging_mixin.py:190} WARNING - /home/***/.local/lib/python3.12/site-packages/***/task/task_runner/standard_task_runner.py:70 DeprecationWarning: This process (pid=267) is multi-threaded, use of fork() may lead to deadlocks in the child.
[2024-09-15T05:37:43.628+0000] {standard_task_runner.py:72} INFO - Started process 275 to run task
[2024-09-15T05:37:43.583+0000] {standard_task_runner.py:104} INFO - Running: ['***', 'tasks', 'run', 'exchange_rates_dag', 'run_main_script', 'scheduled__2024-01-28T00:00:00+00:00', '--job-id', '64', '--raw', '--subdir', 'DAGS_FOLDER/exchange_rates_dag.py', '--cfg-path', '/tmp/tmp6qy1tso8']
[2024-09-15T05:37:43.656+0000] {standard_task_runner.py:105} INFO - Job 64: Subtask run_main_script
[2024-09-15T05:37:44.435+0000] {task_command.py:467} INFO - Running <TaskInstance: exchange_rates_dag.run_main_script scheduled__2024-01-28T00:00:00+00:00 [running]> on host ed6b7035df5d
[2024-09-15T05:37:46.166+0000] {taskinstance.py:3131} INFO - Exporting env vars: AIRFLOW_CTX_DAG_EMAIL='***docker@gmail.com' AIRFLOW_CTX_DAG_OWNER='***' AIRFLOW_CTX_DAG_ID='exchange_rates_dag' AIRFLOW_CTX_TASK_ID='run_main_script' AIRFLOW_CTX_EXECUTION_DATE='2024-01-28T00:00:00+00:00' AIRFLOW_CTX_TRY_NUMBER='1' AIRFLOW_CTX_DAG_RUN_ID='scheduled__2024-01-28T00:00:00+00:00'
[2024-09-15T05:37:46.185+0000] {taskinstance.py:731} INFO - ::endgroup::
[2024-09-15T05:39:32.242+0000] {python.py:240} INFO - Done. Returned value was: None
[2024-09-15T05:39:32.271+0000] {taskinstance.py:340} INFO - ::group::Post task execution logs
[2024-09-15T05:39:32.278+0000] {taskinstance.py:352} INFO - Marking task as SUCCESS. dag_id=exchange_rates_dag, task_id=run_main_script, run_id=scheduled__2024-01-28T00:00:00+00:00, execution_date=20240128T000000, start_date=20240915T053742, end_date=20240915T053932
[2024-09-15T05:39:32.394+0000] {local_task_job_runner.py:266} INFO - Task exited with return code 0
[2024-09-15T05:39:32.507+0000] {taskinstance.py:3900} INFO - 1 downstream tasks scheduled from follow-on schedule check
[2024-09-15T05:39:32.514+0000] {local_task_job_runner.py:245} INFO - ::endgroup::
