[2024-09-08T16:08:22.138+0000] {local_task_job_runner.py:123} INFO - ::group::Pre task execution logs
[2024-09-08T16:08:22.161+0000] {taskinstance.py:2612} INFO - Dependencies all met for dep_context=non-requeueable deps ti=<TaskInstance: exchange_rates_dag.run_main_script scheduled__2024-02-06T00:00:00+00:00 [queued]>
[2024-09-08T16:08:22.179+0000] {taskinstance.py:2612} INFO - Dependencies all met for dep_context=requeueable deps ti=<TaskInstance: exchange_rates_dag.run_main_script scheduled__2024-02-06T00:00:00+00:00 [queued]>
[2024-09-08T16:08:22.184+0000] {taskinstance.py:2865} INFO - Starting attempt 1 of 2
[2024-09-08T16:08:22.221+0000] {taskinstance.py:2888} INFO - Executing <Task(PythonOperator): run_main_script> on 2024-02-06 00:00:00+00:00
[2024-09-08T16:08:22.237+0000] {logging_mixin.py:190} WARNING - /home/***/.local/lib/python3.12/site-packages/***/task/task_runner/standard_task_runner.py:70 DeprecationWarning: This process (pid=347) is multi-threaded, use of fork() may lead to deadlocks in the child.
[2024-09-08T16:08:22.242+0000] {standard_task_runner.py:72} INFO - Started process 348 to run task
[2024-09-08T16:08:22.238+0000] {standard_task_runner.py:104} INFO - Running: ['***', 'tasks', 'run', 'exchange_rates_dag', 'run_main_script', 'scheduled__2024-02-06T00:00:00+00:00', '--job-id', '55', '--raw', '--subdir', 'DAGS_FOLDER/exchange_rates_dag.py', '--cfg-path', '/tmp/tmpxan3yz_1']
[2024-09-08T16:08:22.247+0000] {standard_task_runner.py:105} INFO - Job 55: Subtask run_main_script
[2024-09-08T16:08:22.321+0000] {task_command.py:467} INFO - Running <TaskInstance: exchange_rates_dag.run_main_script scheduled__2024-02-06T00:00:00+00:00 [running]> on host bd0133ae5e03
[2024-09-08T16:08:22.432+0000] {taskinstance.py:3131} INFO - Exporting env vars: AIRFLOW_CTX_DAG_OWNER='***' AIRFLOW_CTX_DAG_ID='exchange_rates_dag' AIRFLOW_CTX_TASK_ID='run_main_script' AIRFLOW_CTX_EXECUTION_DATE='2024-02-06T00:00:00+00:00' AIRFLOW_CTX_TRY_NUMBER='1' AIRFLOW_CTX_DAG_RUN_ID='scheduled__2024-02-06T00:00:00+00:00'
[2024-09-08T16:08:22.438+0000] {taskinstance.py:731} INFO - ::endgroup::
[2024-09-08T16:09:13.594+0000] {python.py:240} INFO - Done. Returned value was: None
[2024-09-08T16:09:13.607+0000] {taskinstance.py:340} INFO - ::group::Post task execution logs
[2024-09-08T16:09:13.610+0000] {taskinstance.py:352} INFO - Marking task as SUCCESS. dag_id=exchange_rates_dag, task_id=run_main_script, run_id=scheduled__2024-02-06T00:00:00+00:00, execution_date=20240206T000000, start_date=20240908T160822, end_date=20240908T160913
[2024-09-08T16:09:13.666+0000] {local_task_job_runner.py:266} INFO - Task exited with return code 0
[2024-09-08T16:09:13.697+0000] {taskinstance.py:3900} INFO - 0 downstream tasks scheduled from follow-on schedule check
[2024-09-08T16:09:13.702+0000] {local_task_job_runner.py:245} INFO - ::endgroup::
[2024-09-15T05:46:33.048+0000] {local_task_job_runner.py:123} INFO - ::group::Pre task execution logs
[2024-09-15T05:46:33.223+0000] {taskinstance.py:2612} INFO - Dependencies all met for dep_context=non-requeueable deps ti=<TaskInstance: exchange_rates_dag.run_main_script scheduled__2024-02-06T00:00:00+00:00 [queued]>
[2024-09-15T05:46:33.312+0000] {taskinstance.py:2612} INFO - Dependencies all met for dep_context=requeueable deps ti=<TaskInstance: exchange_rates_dag.run_main_script scheduled__2024-02-06T00:00:00+00:00 [queued]>
[2024-09-15T05:46:33.330+0000] {taskinstance.py:2865} INFO - Starting attempt 1 of 2
[2024-09-15T05:46:33.709+0000] {taskinstance.py:2888} INFO - Executing <Task(PythonOperator): run_main_script> on 2024-02-06 00:00:00+00:00
[2024-09-15T05:46:33.795+0000] {logging_mixin.py:190} WARNING - /home/***/.local/lib/python3.12/site-packages/***/task/task_runner/standard_task_runner.py:70 DeprecationWarning: This process (pid=231) is multi-threaded, use of fork() may lead to deadlocks in the child.
[2024-09-15T05:46:33.817+0000] {standard_task_runner.py:72} INFO - Started process 240 to run task
[2024-09-15T05:46:33.793+0000] {standard_task_runner.py:104} INFO - Running: ['***', 'tasks', 'run', 'exchange_rates_dag', 'run_main_script', 'scheduled__2024-02-06T00:00:00+00:00', '--job-id', '106', '--raw', '--subdir', 'DAGS_FOLDER/exchange_rates_dag.py', '--cfg-path', '/tmp/tmpcfz5kwfr']
[2024-09-15T05:46:33.841+0000] {standard_task_runner.py:105} INFO - Job 106: Subtask run_main_script
[2024-09-15T05:46:34.389+0000] {task_command.py:467} INFO - Running <TaskInstance: exchange_rates_dag.run_main_script scheduled__2024-02-06T00:00:00+00:00 [running]> on host ed6b7035df5d
[2024-09-15T05:46:35.541+0000] {taskinstance.py:3131} INFO - Exporting env vars: AIRFLOW_CTX_DAG_EMAIL='***docker@gmail.com' AIRFLOW_CTX_DAG_OWNER='***' AIRFLOW_CTX_DAG_ID='exchange_rates_dag' AIRFLOW_CTX_TASK_ID='run_main_script' AIRFLOW_CTX_EXECUTION_DATE='2024-02-06T00:00:00+00:00' AIRFLOW_CTX_TRY_NUMBER='1' AIRFLOW_CTX_DAG_RUN_ID='scheduled__2024-02-06T00:00:00+00:00'
[2024-09-15T05:46:35.557+0000] {taskinstance.py:731} INFO - ::endgroup::
[2024-09-15T05:47:46.709+0000] {python.py:240} INFO - Done. Returned value was: None
[2024-09-15T05:47:46.724+0000] {taskinstance.py:340} INFO - ::group::Post task execution logs
[2024-09-15T05:47:46.726+0000] {taskinstance.py:352} INFO - Marking task as SUCCESS. dag_id=exchange_rates_dag, task_id=run_main_script, run_id=scheduled__2024-02-06T00:00:00+00:00, execution_date=20240206T000000, start_date=20240915T054633, end_date=20240915T054746
[2024-09-15T05:47:46.757+0000] {local_task_job_runner.py:266} INFO - Task exited with return code 0
[2024-09-15T05:47:46.793+0000] {taskinstance.py:3900} INFO - 1 downstream tasks scheduled from follow-on schedule check
[2024-09-15T05:47:46.802+0000] {local_task_job_runner.py:245} INFO - ::endgroup::
