[2024-09-01 19:12:18,822] {taskinstance.py:1179} INFO - Dependencies all met for <TaskInstance: exchange_rates_dag.run_main_script scheduled__2024-05-09T00:00:00+00:00 [queued]>
[2024-09-01 19:12:18,957] {taskinstance.py:1179} INFO - Dependencies all met for <TaskInstance: exchange_rates_dag.run_main_script scheduled__2024-05-09T00:00:00+00:00 [queued]>
[2024-09-01 19:12:18,968] {taskinstance.py:1376} INFO - 
--------------------------------------------------------------------------------
[2024-09-01 19:12:18,970] {taskinstance.py:1377} INFO - Starting attempt 1 of 2
[2024-09-01 19:12:18,974] {taskinstance.py:1378} INFO - 
--------------------------------------------------------------------------------
[2024-09-01 19:12:19,199] {taskinstance.py:1397} INFO - Executing <Task(PythonOperator): run_main_script> on 2024-05-09 00:00:00+00:00
[2024-09-01 19:12:19,240] {standard_task_runner.py:52} INFO - Started process 1114 to run task
[2024-09-01 19:12:19,310] {standard_task_runner.py:79} INFO - Running: ['***', 'tasks', 'run', 'exchange_rates_dag', 'run_main_script', 'scheduled__2024-05-09T00:00:00+00:00', '--job-id', '134', '--raw', '--subdir', 'DAGS_FOLDER/exchange_rates_dag.py', '--cfg-path', '/tmp/tmp2mo8o248', '--error-file', '/tmp/tmppo35kihx']
[2024-09-01 19:12:19,331] {standard_task_runner.py:80} INFO - Job 134: Subtask run_main_script
[2024-09-01 19:12:20,161] {task_command.py:371} INFO - Running <TaskInstance: exchange_rates_dag.run_main_script scheduled__2024-05-09T00:00:00+00:00 [running]> on host 6de2165e2444
[2024-09-01 19:12:21,234] {taskinstance.py:1591} INFO - Exporting the following env vars:
AIRFLOW_CTX_DAG_OWNER=***
AIRFLOW_CTX_DAG_ID=exchange_rates_dag
AIRFLOW_CTX_TASK_ID=run_main_script
AIRFLOW_CTX_EXECUTION_DATE=2024-05-09T00:00:00+00:00
AIRFLOW_CTX_TRY_NUMBER=1
AIRFLOW_CTX_DAG_RUN_ID=scheduled__2024-05-09T00:00:00+00:00
[2024-09-01 19:12:26,894] {python.py:173} INFO - Done. Returned value was: None
[2024-09-01 19:12:26,971] {taskinstance.py:1420} INFO - Marking task as SUCCESS. dag_id=exchange_rates_dag, task_id=run_main_script, execution_date=20240509T000000, start_date=20240901T191218, end_date=20240901T191226
[2024-09-01 19:12:27,024] {local_task_job.py:156} INFO - Task exited with return code 0
[2024-09-01 19:12:27,102] {local_task_job.py:273} INFO - 0 downstream tasks scheduled from follow-on schedule check
